<?xml version="1.0" encoding="UTF-8"?>
<coverage generated="1549479603354" clover="3.2.0">
  <project timestamp="1549479603354" name="All files">
    <metrics statements="1268" coveredstatements="1265" conditionals="584" coveredconditionals="565" methods="436" coveredmethods="436" elements="2288" coveredelements="2266" complexity="0" loc="1268" ncloc="1268" packages="61" files="121" classes="121">
      <package name="src">
        <metrics statements="3" coveredstatements="3" conditionals="0" coveredconditionals="0" methods="0" coveredmethods="0"/>
        <file name="routes.js" path="/Users/davidessien/Documents/apps/selene-ah-frontend/src/routes.js">
          <metrics statements="1" coveredstatements="1" conditionals="0" coveredconditionals="0" methods="0" coveredmethods="0"/>
          <line num="16" count="1" type="stmt"/>
        </file>
        <file name="store.js" path="/Users/davidessien/Documents/apps/selene-ah-frontend/src/store.js">
          <metrics statements="2" coveredstatements="2" conditionals="0" coveredconditionals="0" methods="0" coveredmethods="0"/>
          <line num="6" count="1" type="stmt"/>
          <line num="8" count="1" type="stmt"/>
        </file>
      </package>
      <package name="src.actions.articleAction">
        <metrics statements="25" coveredstatements="25" conditionals="0" coveredconditionals="0" methods="12" coveredmethods="12"/>
        <file name="actionTypes.js" path="/Users/davidessien/Documents/apps/selene-ah-frontend/src/actions/articleAction/actionTypes.js">
          <metrics statements="6" coveredstatements="6" conditionals="0" coveredconditionals="0" methods="0" coveredmethods="0"/>
          <line num="1" count="5" type="stmt"/>
          <line num="2" count="5" type="stmt"/>
          <line num="3" count="5" type="stmt"/>
          <line num="5" count="5" type="stmt"/>
          <line num="6" count="5" type="stmt"/>
          <line num="8" count="5" type="stmt"/>
        </file>
        <file name="articleView.js" path="/Users/davidessien/Documents/apps/selene-ah-frontend/src/actions/articleAction/articleView.js">
          <metrics statements="19" coveredstatements="19" conditionals="0" coveredconditionals="0" methods="12" coveredmethods="12"/>
          <line num="4" count="4" type="stmt"/>
          <line num="8" count="4" type="stmt"/>
          <line num="13" count="4" type="stmt"/>
          <line num="18" count="4" type="stmt"/>
          <line num="22" count="4" type="stmt"/>
          <line num="27" count="4" type="stmt"/>
          <line num="37" count="4" type="stmt"/>
          <line num="38" count="3" type="stmt"/>
          <line num="39" count="3" type="stmt"/>
          <line num="41" count="2" type="stmt"/>
          <line num="44" count="1" type="stmt"/>
          <line num="45" count="1" type="stmt"/>
          <line num="53" count="4" type="stmt"/>
          <line num="54" count="3" type="stmt"/>
          <line num="55" count="3" type="stmt"/>
          <line num="56" count="3" type="stmt"/>
          <line num="57" count="3" type="stmt"/>
          <line num="62" count="2" type="stmt"/>
          <line num="64" count="1" type="stmt"/>
        </file>
      </package>
      <package name="src.actions.articles">
        <metrics statements="50" coveredstatements="50" conditionals="0" coveredconditionals="0" methods="20" coveredmethods="20"/>
        <file name="actionTypes.js" path="/Users/davidessien/Documents/apps/selene-ah-frontend/src/actions/articles/actionTypes.js">
          <metrics statements="12" coveredstatements="12" conditionals="0" coveredconditionals="0" methods="0" coveredmethods="0"/>
          <line num="1" count="8" type="stmt"/>
          <line num="2" count="8" type="stmt"/>
          <line num="3" count="8" type="stmt"/>
          <line num="5" count="8" type="stmt"/>
          <line num="6" count="8" type="stmt"/>
          <line num="7" count="8" type="stmt"/>
          <line num="9" count="8" type="stmt"/>
          <line num="10" count="8" type="stmt"/>
          <line num="11" count="8" type="stmt"/>
          <line num="13" count="8" type="stmt"/>
          <line num="14" count="8" type="stmt"/>
          <line num="15" count="8" type="stmt"/>
        </file>
        <file name="articleActions.js" path="/Users/davidessien/Documents/apps/selene-ah-frontend/src/actions/articles/articleActions.js">
          <metrics statements="20" coveredstatements="20" conditionals="0" coveredconditionals="0" methods="10" coveredmethods="10"/>
          <line num="12" count="3" type="stmt"/>
          <line num="14" count="3" type="stmt"/>
          <line num="19" count="3" type="stmt"/>
          <line num="24" count="3" type="stmt"/>
          <line num="26" count="3" type="stmt"/>
          <line num="31" count="3" type="stmt"/>
          <line num="36" count="3" type="stmt"/>
          <line num="37" count="2" type="stmt"/>
          <line num="38" count="2" type="stmt"/>
          <line num="39" count="2" type="stmt"/>
          <line num="40" count="2" type="stmt"/>
          <line num="47" count="1" type="stmt"/>
          <line num="49" count="1" type="stmt"/>
          <line num="53" count="3" type="stmt"/>
          <line num="54" count="2" type="stmt"/>
          <line num="55" count="2" type="stmt"/>
          <line num="56" count="2" type="stmt"/>
          <line num="57" count="2" type="stmt"/>
          <line num="66" count="1" type="stmt"/>
          <line num="68" count="1" type="stmt"/>
        </file>
        <file name="categoryActions.js" path="/Users/davidessien/Documents/apps/selene-ah-frontend/src/actions/articles/categoryActions.js">
          <metrics statements="9" coveredstatements="9" conditionals="0" coveredconditionals="0" methods="5" coveredmethods="5"/>
          <line num="9" count="3" type="stmt"/>
          <line num="13" count="3" type="stmt"/>
          <line num="18" count="3" type="stmt"/>
          <line num="23" count="3" type="stmt"/>
          <line num="24" count="2" type="stmt"/>
          <line num="25" count="2" type="stmt"/>
          <line num="26" count="2" type="stmt"/>
          <line num="27" count="1" type="stmt"/>
          <line num="29" count="1" type="stmt"/>
        </file>
        <file name="imageUploadActions.js" path="/Users/davidessien/Documents/apps/selene-ah-frontend/src/actions/articles/imageUploadActions.js">
          <metrics statements="9" coveredstatements="9" conditionals="0" coveredconditionals="0" methods="5" coveredmethods="5"/>
          <line num="9" count="3" type="stmt"/>
          <line num="13" count="3" type="stmt"/>
          <line num="18" count="3" type="stmt"/>
          <line num="23" count="3" type="stmt"/>
          <line num="24" count="2" type="stmt"/>
          <line num="25" count="2" type="stmt"/>
          <line num="26" count="2" type="stmt"/>
          <line num="32" count="1" type="stmt"/>
          <line num="34" count="1" type="stmt"/>
        </file>
        <file name="index.js" path="/Users/davidessien/Documents/apps/selene-ah-frontend/src/actions/articles/index.js">
          <metrics statements="0" coveredstatements="0" conditionals="0" coveredconditionals="0" methods="0" coveredmethods="0"/>
        </file>
      </package>
      <package name="src.actions.authAction">
        <metrics statements="86" coveredstatements="86" conditionals="12" coveredconditionals="11" methods="31" coveredmethods="31"/>
        <file name="actionTypes.js" path="/Users/davidessien/Documents/apps/selene-ah-frontend/src/actions/authAction/actionTypes.js">
          <metrics statements="21" coveredstatements="21" conditionals="0" coveredconditionals="0" methods="0" coveredmethods="0"/>
          <line num="2" count="19" type="stmt"/>
          <line num="3" count="19" type="stmt"/>
          <line num="4" count="19" type="stmt"/>
          <line num="7" count="19" type="stmt"/>
          <line num="8" count="19" type="stmt"/>
          <line num="9" count="19" type="stmt"/>
          <line num="12" count="19" type="stmt"/>
          <line num="13" count="19" type="stmt"/>
          <line num="14" count="19" type="stmt"/>
          <line num="15" count="19" type="stmt"/>
          <line num="16" count="19" type="stmt"/>
          <line num="17" count="19" type="stmt"/>
          <line num="20" count="19" type="stmt"/>
          <line num="21" count="19" type="stmt"/>
          <line num="22" count="19" type="stmt"/>
          <line num="25" count="19" type="stmt"/>
          <line num="26" count="19" type="stmt"/>
          <line num="27" count="19" type="stmt"/>
          <line num="30" count="19" type="stmt"/>
          <line num="31" count="19" type="stmt"/>
          <line num="32" count="19" type="stmt"/>
        </file>
        <file name="login.js" path="/Users/davidessien/Documents/apps/selene-ah-frontend/src/actions/authAction/login.js">
          <metrics statements="9" coveredstatements="9" conditionals="0" coveredconditionals="0" methods="7" coveredmethods="7"/>
          <line num="4" count="4" type="stmt"/>
          <line num="8" count="3" type="stmt"/>
          <line num="13" count="3" type="stmt"/>
          <line num="18" count="3" type="stmt"/>
          <line num="19" count="3" type="stmt"/>
          <line num="20" count="3" type="stmt"/>
          <line num="22" count="2" type="stmt"/>
          <line num="23" count="1" type="stmt"/>
          <line num="25" count="2" type="stmt"/>
        </file>
        <file name="resetPassword.js" path="/Users/davidessien/Documents/apps/selene-ah-frontend/src/actions/authAction/resetPassword.js">
          <metrics statements="9" coveredstatements="9" conditionals="0" coveredconditionals="0" methods="7" coveredmethods="7"/>
          <line num="5" count="4" type="stmt"/>
          <line num="9" count="3" type="stmt"/>
          <line num="14" count="3" type="stmt"/>
          <line num="20" count="3" type="stmt"/>
          <line num="21" count="3" type="stmt"/>
          <line num="24" count="3" type="stmt"/>
          <line num="25" count="3" type="stmt"/>
          <line num="27" count="2" type="stmt"/>
          <line num="29" count="1" type="stmt"/>
        </file>
        <file name="signup.js" path="/Users/davidessien/Documents/apps/selene-ah-frontend/src/actions/authAction/signup.js">
          <metrics statements="11" coveredstatements="11" conditionals="0" coveredconditionals="0" methods="5" coveredmethods="5"/>
          <line num="8" count="4" type="stmt"/>
          <line num="17" count="4" type="stmt"/>
          <line num="27" count="3" type="stmt"/>
          <line num="38" count="3" type="stmt"/>
          <line num="39" count="3" type="stmt"/>
          <line num="40" count="3" type="stmt"/>
          <line num="41" count="3" type="stmt"/>
          <line num="43" count="3" type="stmt"/>
          <line num="44" count="3" type="stmt"/>
          <line num="45" count="3" type="stmt"/>
          <line num="47" count="1" type="stmt"/>
        </file>
        <file name="socialAuth.js" path="/Users/davidessien/Documents/apps/selene-ah-frontend/src/actions/authAction/socialAuth.js">
          <metrics statements="26" coveredstatements="26" conditionals="12" coveredconditionals="11" methods="5" coveredmethods="5"/>
          <line num="5" count="3" type="stmt"/>
          <line num="6" count="9" type="cond" truecount="4" falsecount="0"/>
          <line num="8" count="3" type="stmt"/>
          <line num="13" count="3" type="stmt"/>
          <line num="19" count="2" type="stmt"/>
          <line num="23" count="1" type="stmt"/>
          <line num="27" count="3" type="stmt"/>
          <line num="28" count="5" type="cond" truecount="4" falsecount="0"/>
          <line num="30" count="1" type="stmt"/>
          <line num="32" count="1" type="stmt"/>
          <line num="34" count="1" type="stmt"/>
          <line num="36" count="2" type="stmt"/>
          <line num="40" count="5" type="stmt"/>
          <line num="47" count="9" type="stmt"/>
          <line num="48" count="9" type="stmt"/>
          <line num="49" count="9" type="stmt"/>
          <line num="50" count="9" type="stmt"/>
          <line num="51" count="6" type="cond" truecount="2" falsecount="0"/>
          <line num="52" count="3" type="stmt"/>
          <line num="53" count="3" type="stmt"/>
          <line num="54" count="3" type="stmt"/>
          <line num="56" count="3" type="cond" truecount="1" falsecount="1"/>
          <line num="57" count="3" type="stmt"/>
          <line num="58" count="3" type="stmt"/>
          <line num="59" count="3" type="stmt"/>
          <line num="62" count="3" type="stmt"/>
        </file>
        <file name="updatePassword.js" path="/Users/davidessien/Documents/apps/selene-ah-frontend/src/actions/authAction/updatePassword.js">
          <metrics statements="10" coveredstatements="10" conditionals="0" coveredconditionals="0" methods="7" coveredmethods="7"/>
          <line num="5" count="4" type="stmt"/>
          <line num="9" count="3" type="stmt"/>
          <line num="14" count="3" type="stmt"/>
          <line num="20" count="3" type="stmt"/>
          <line num="21" count="3" type="stmt"/>
          <line num="24" count="3" type="stmt"/>
          <line num="27" count="3" type="stmt"/>
          <line num="28" count="3" type="stmt"/>
          <line num="30" count="2" type="stmt"/>
          <line num="32" count="1" type="stmt"/>
        </file>
      </package>
      <package name="src.actions.commentAction">
        <metrics statements="26" coveredstatements="26" conditionals="0" coveredconditionals="0" methods="10" coveredmethods="10"/>
        <file name="actionTypes.js" path="/Users/davidessien/Documents/apps/selene-ah-frontend/src/actions/commentAction/actionTypes.js">
          <metrics statements="6" coveredstatements="6" conditionals="0" coveredconditionals="0" methods="0" coveredmethods="0"/>
          <line num="2" count="6" type="stmt"/>
          <line num="3" count="6" type="stmt"/>
          <line num="4" count="6" type="stmt"/>
          <line num="7" count="6" type="stmt"/>
          <line num="8" count="6" type="stmt"/>
          <line num="9" count="6" type="stmt"/>
        </file>
        <file name="commentView.js" path="/Users/davidessien/Documents/apps/selene-ah-frontend/src/actions/commentAction/commentView.js">
          <metrics statements="20" coveredstatements="20" conditionals="0" coveredconditionals="0" methods="10" coveredmethods="10"/>
          <line num="4" count="5" type="stmt"/>
          <line num="8" count="5" type="stmt"/>
          <line num="13" count="5" type="stmt"/>
          <line num="19" count="5" type="stmt"/>
          <line num="23" count="5" type="stmt"/>
          <line num="29" count="5" type="stmt"/>
          <line num="40" count="5" type="stmt"/>
          <line num="41" count="2" type="stmt"/>
          <line num="42" count="2" type="stmt"/>
          <line num="43" count="2" type="stmt"/>
          <line num="46" count="1" type="stmt"/>
          <line num="48" count="1" type="stmt"/>
          <line num="59" count="5" type="stmt"/>
          <line num="60" count="3" type="stmt"/>
          <line num="61" count="3" type="stmt"/>
          <line num="64" count="3" type="stmt"/>
          <line num="65" count="3" type="stmt"/>
          <line num="66" count="3" type="stmt"/>
          <line num="71" count="2" type="stmt"/>
          <line num="73" count="1" type="stmt"/>
        </file>
      </package>
      <package name="src.actions.ratings">
        <metrics statements="38" coveredstatements="38" conditionals="0" coveredconditionals="0" methods="15" coveredmethods="15"/>
        <file name="actionTypes.js" path="/Users/davidessien/Documents/apps/selene-ah-frontend/src/actions/ratings/actionTypes.js">
          <metrics statements="9" coveredstatements="9" conditionals="0" coveredconditionals="0" methods="0" coveredmethods="0"/>
          <line num="1" count="8" type="stmt"/>
          <line num="2" count="8" type="stmt"/>
          <line num="3" count="8" type="stmt"/>
          <line num="5" count="8" type="stmt"/>
          <line num="6" count="8" type="stmt"/>
          <line num="7" count="8" type="stmt"/>
          <line num="9" count="8" type="stmt"/>
          <line num="10" count="8" type="stmt"/>
          <line num="11" count="8" type="stmt"/>
        </file>
        <file name="averageRatingActionCreators.js" path="/Users/davidessien/Documents/apps/selene-ah-frontend/src/actions/ratings/averageRatingActionCreators.js">
          <metrics statements="9" coveredstatements="9" conditionals="0" coveredconditionals="0" methods="5" coveredmethods="5"/>
          <line num="4" count="3" type="stmt"/>
          <line num="8" count="3" type="stmt"/>
          <line num="13" count="3" type="stmt"/>
          <line num="18" count="3" type="stmt"/>
          <line num="19" count="2" type="stmt"/>
          <line num="20" count="2" type="stmt"/>
          <line num="21" count="2" type="stmt"/>
          <line num="23" count="1" type="stmt"/>
          <line num="25" count="1" type="stmt"/>
        </file>
        <file name="postRatingActionCreators.js" path="/Users/davidessien/Documents/apps/selene-ah-frontend/src/actions/ratings/postRatingActionCreators.js">
          <metrics statements="10" coveredstatements="10" conditionals="0" coveredconditionals="0" methods="5" coveredmethods="5"/>
          <line num="4" count="3" type="stmt"/>
          <line num="8" count="3" type="stmt"/>
          <line num="13" count="3" type="stmt"/>
          <line num="18" count="3" type="stmt"/>
          <line num="19" count="2" type="stmt"/>
          <line num="20" count="2" type="stmt"/>
          <line num="21" count="2" type="stmt"/>
          <line num="22" count="2" type="stmt"/>
          <line num="29" count="1" type="stmt"/>
          <line num="31" count="1" type="stmt"/>
        </file>
        <file name="userRatingActionCreators.js" path="/Users/davidessien/Documents/apps/selene-ah-frontend/src/actions/ratings/userRatingActionCreators.js">
          <metrics statements="10" coveredstatements="10" conditionals="0" coveredconditionals="0" methods="5" coveredmethods="5"/>
          <line num="4" count="3" type="stmt"/>
          <line num="8" count="3" type="stmt"/>
          <line num="13" count="3" type="stmt"/>
          <line num="18" count="3" type="stmt"/>
          <line num="19" count="2" type="stmt"/>
          <line num="20" count="2" type="stmt"/>
          <line num="21" count="2" type="stmt"/>
          <line num="22" count="2" type="stmt"/>
          <line num="28" count="1" type="stmt"/>
          <line num="30" count="1" type="stmt"/>
        </file>
      </package>
      <package name="src.actions.reactionActions">
        <metrics statements="39" coveredstatements="39" conditionals="0" coveredconditionals="0" methods="15" coveredmethods="15"/>
        <file name="actionTypes.js" path="/Users/davidessien/Documents/apps/selene-ah-frontend/src/actions/reactionActions/actionTypes.js">
          <metrics statements="9" coveredstatements="9" conditionals="0" coveredconditionals="0" methods="0" coveredmethods="0"/>
          <line num="1" count="9" type="stmt"/>
          <line num="2" count="9" type="stmt"/>
          <line num="3" count="9" type="stmt"/>
          <line num="5" count="9" type="stmt"/>
          <line num="6" count="9" type="stmt"/>
          <line num="7" count="9" type="stmt"/>
          <line num="9" count="9" type="stmt"/>
          <line num="10" count="9" type="stmt"/>
          <line num="11" count="9" type="stmt"/>
        </file>
        <file name="follow.js" path="/Users/davidessien/Documents/apps/selene-ah-frontend/src/actions/reactionActions/follow.js">
          <metrics statements="20" coveredstatements="20" conditionals="0" coveredconditionals="0" methods="10" coveredmethods="10"/>
          <line num="4" count="5" type="stmt"/>
          <line num="8" count="5" type="stmt"/>
          <line num="13" count="5" type="stmt"/>
          <line num="19" count="5" type="stmt"/>
          <line num="23" count="5" type="stmt"/>
          <line num="28" count="5" type="stmt"/>
          <line num="33" count="5" type="stmt"/>
          <line num="34" count="2" type="stmt"/>
          <line num="35" count="2" type="stmt"/>
          <line num="36" count="2" type="stmt"/>
          <line num="37" count="2" type="stmt"/>
          <line num="43" count="1" type="stmt"/>
          <line num="45" count="1" type="stmt"/>
          <line num="49" count="5" type="stmt"/>
          <line num="50" count="2" type="stmt"/>
          <line num="51" count="2" type="stmt"/>
          <line num="52" count="2" type="stmt"/>
          <line num="53" count="2" type="stmt"/>
          <line num="61" count="1" type="stmt"/>
          <line num="63" count="1" type="stmt"/>
        </file>
        <file name="likeArticleActions.js" path="/Users/davidessien/Documents/apps/selene-ah-frontend/src/actions/reactionActions/likeArticleActions.js">
          <metrics statements="10" coveredstatements="10" conditionals="0" coveredconditionals="0" methods="5" coveredmethods="5"/>
          <line num="4" count="5" type="stmt"/>
          <line num="8" count="5" type="stmt"/>
          <line num="13" count="5" type="stmt"/>
          <line num="19" count="5" type="stmt"/>
          <line num="20" count="2" type="stmt"/>
          <line num="21" count="2" type="stmt"/>
          <line num="22" count="2" type="stmt"/>
          <line num="23" count="2" type="stmt"/>
          <line num="30" count="1" type="stmt"/>
          <line num="32" count="1" type="stmt"/>
        </file>
      </package>
      <package name="src.actions.userAction">
        <metrics statements="39" coveredstatements="39" conditionals="0" coveredconditionals="0" methods="21" coveredmethods="21"/>
        <file name="actionTypes.js" path="/Users/davidessien/Documents/apps/selene-ah-frontend/src/actions/userAction/actionTypes.js">
          <metrics statements="9" coveredstatements="9" conditionals="0" coveredconditionals="0" methods="0" coveredmethods="0"/>
          <line num="1" count="10" type="stmt"/>
          <line num="2" count="10" type="stmt"/>
          <line num="3" count="10" type="stmt"/>
          <line num="5" count="10" type="stmt"/>
          <line num="6" count="10" type="stmt"/>
          <line num="7" count="10" type="stmt"/>
          <line num="9" count="10" type="stmt"/>
          <line num="10" count="10" type="stmt"/>
          <line num="11" count="10" type="stmt"/>
        </file>
        <file name="getArticle.js" path="/Users/davidessien/Documents/apps/selene-ah-frontend/src/actions/userAction/getArticle.js">
          <metrics statements="9" coveredstatements="9" conditionals="0" coveredconditionals="0" methods="7" coveredmethods="7"/>
          <line num="4" count="4" type="stmt"/>
          <line num="8" count="4" type="stmt"/>
          <line num="13" count="4" type="stmt"/>
          <line num="17" count="4" type="stmt"/>
          <line num="18" count="2" type="stmt"/>
          <line num="19" count="2" type="stmt"/>
          <line num="20" count="2" type="stmt"/>
          <line num="27" count="1" type="stmt"/>
          <line num="30" count="1" type="stmt"/>
        </file>
        <file name="getProfile.js" path="/Users/davidessien/Documents/apps/selene-ah-frontend/src/actions/userAction/getProfile.js">
          <metrics statements="10" coveredstatements="10" conditionals="0" coveredconditionals="0" methods="7" coveredmethods="7"/>
          <line num="4" count="3" type="stmt"/>
          <line num="8" count="3" type="stmt"/>
          <line num="13" count="3" type="stmt"/>
          <line num="18" count="3" type="stmt"/>
          <line num="19" count="2" type="stmt"/>
          <line num="20" count="2" type="stmt"/>
          <line num="23" count="2" type="stmt"/>
          <line num="24" count="2" type="stmt"/>
          <line num="27" count="1" type="stmt"/>
          <line num="30" count="1" type="stmt"/>
        </file>
        <file name="updateProfile.js" path="/Users/davidessien/Documents/apps/selene-ah-frontend/src/actions/userAction/updateProfile.js">
          <metrics statements="11" coveredstatements="11" conditionals="0" coveredconditionals="0" methods="7" coveredmethods="7"/>
          <line num="4" count="4" type="stmt"/>
          <line num="8" count="4" type="stmt"/>
          <line num="14" count="4" type="stmt"/>
          <line num="19" count="4" type="stmt"/>
          <line num="20" count="3" type="stmt"/>
          <line num="23" count="3" type="stmt"/>
          <line num="24" count="3" type="stmt"/>
          <line num="27" count="3" type="stmt"/>
          <line num="28" count="3" type="stmt"/>
          <line num="31" count="2" type="stmt"/>
          <line num="34" count="1" type="stmt"/>
        </file>
      </package>
      <package name="src.actions.userStat">
        <metrics statements="75" coveredstatements="74" conditionals="4" coveredconditionals="3" methods="20" coveredmethods="20"/>
        <file name="actionTypes.js" path="/Users/davidessien/Documents/apps/selene-ah-frontend/src/actions/userStat/actionTypes.js">
          <metrics statements="12" coveredstatements="12" conditionals="0" coveredconditionals="0" methods="0" coveredmethods="0"/>
          <line num="1" count="4" type="stmt"/>
          <line num="2" count="4" type="stmt"/>
          <line num="3" count="4" type="stmt"/>
          <line num="4" count="4" type="stmt"/>
          <line num="5" count="4" type="stmt"/>
          <line num="6" count="4" type="stmt"/>
          <line num="7" count="4" type="stmt"/>
          <line num="8" count="4" type="stmt"/>
          <line num="9" count="4" type="stmt"/>
          <line num="10" count="4" type="stmt"/>
          <line num="11" count="4" type="stmt"/>
          <line num="12" count="4" type="stmt"/>
        </file>
        <file name="getUserStat.js" path="/Users/davidessien/Documents/apps/selene-ah-frontend/src/actions/userStat/getUserStat.js">
          <metrics statements="63" coveredstatements="62" conditionals="4" coveredconditionals="3" methods="20" coveredmethods="20"/>
          <line num="5" count="3" type="stmt"/>
          <line num="6" count="1" type="stmt"/>
          <line num="7" count="1" type="stmt"/>
          <line num="8" count="1" type="stmt"/>
          <line num="9" count="1" type="stmt"/>
          <line num="12" count="3" type="stmt"/>
          <line num="13" count="2" type="cond" truecount="2" falsecount="0"/>
          <line num="14" count="1" type="stmt"/>
          <line num="16" count="1" type="stmt"/>
          <line num="17" count="1" type="stmt"/>
          <line num="20" count="3" type="stmt"/>
          <line num="21" count="13" type="stmt"/>
          <line num="24" count="13" type="stmt"/>
          <line num="25" count="7" type="stmt"/>
          <line num="29" count="4" type="stmt"/>
          <line num="30" count="3" type="stmt"/>
          <line num="31" count="3" type="stmt"/>
          <line num="32" count="3" type="stmt"/>
          <line num="33" count="2" type="stmt"/>
          <line num="37" count="2" type="stmt"/>
          <line num="42" count="1" type="stmt"/>
          <line num="50" count="3" type="stmt"/>
          <line num="51" count="2" type="stmt"/>
          <line num="52" count="2" type="stmt"/>
          <line num="53" count="2" type="stmt"/>
          <line num="54" count="1" type="stmt"/>
          <line num="59" count="1" type="stmt"/>
          <line num="68" count="3" type="stmt"/>
          <line num="69" count="2" type="stmt"/>
          <line num="70" count="2" type="stmt"/>
          <line num="71" count="2" type="stmt"/>
          <line num="72" count="1" type="stmt"/>
          <line num="73" count="1" type="stmt"/>
          <line num="78" count="1" type="stmt"/>
          <line num="86" count="3" type="stmt"/>
          <line num="87" count="2" type="stmt"/>
          <line num="88" count="2" type="stmt"/>
          <line num="89" count="2" type="stmt"/>
          <line num="90" count="1" type="stmt"/>
          <line num="91" count="1" type="stmt"/>
          <line num="96" count="1" type="stmt"/>
          <line num="104" count="3" type="stmt"/>
          <line num="105" count="2" type="stmt"/>
          <line num="106" count="2" type="stmt"/>
          <line num="107" count="2" type="stmt"/>
          <line num="108" count="1" type="stmt"/>
          <line num="109" count="1" type="stmt"/>
          <line num="114" count="1" type="stmt"/>
          <line num="121" count="4" type="stmt"/>
          <line num="123" count="3" type="stmt"/>
          <line num="124" count="1" type="stmt"/>
          <line num="129" count="1" type="stmt"/>
          <line num="133" count="3" type="stmt"/>
          <line num="134" count="2" type="stmt"/>
          <line num="135" count="2" type="stmt"/>
          <line num="136" count="2" type="stmt"/>
          <line num="137" count="1" type="stmt"/>
          <line num="138" count="1" type="stmt"/>
          <line num="143" count="1" type="stmt"/>
          <line num="150" count="3" type="stmt"/>
          <line num="151" count="1" type="stmt"/>
          <line num="152" count="1" type="stmt"/>
          <line num="161" count="0" type="stmt"/>
        </file>
      </package>
      <package name="src.components.editor">
        <metrics statements="19" coveredstatements="19" conditionals="16" coveredconditionals="16" methods="0" coveredmethods="0"/>
        <file name="SerializerRules.js" path="/Users/davidessien/Documents/apps/selene-ah-frontend/src/components/editor/SerializerRules.js">
          <metrics statements="19" coveredstatements="19" conditionals="16" coveredconditionals="16" methods="0" coveredmethods="0"/>
          <line num="3" count="5" type="stmt"/>
          <line num="9" count="5" type="stmt"/>
          <line num="15" count="5" type="stmt"/>
          <line num="18" count="7" type="stmt"/>
          <line num="19" count="7" type="cond" truecount="2" falsecount="0"/>
          <line num="20" count="1" type="stmt"/>
          <line num="31" count="7" type="cond" truecount="2" falsecount="0"/>
          <line num="32" count="5" type="cond" truecount="4" falsecount="0"/>
          <line num="34" count="1" type="stmt"/>
          <line num="40" count="2" type="stmt"/>
          <line num="42" count="1" type="stmt"/>
          <line num="50" count="7" type="stmt"/>
          <line num="51" count="7" type="cond" truecount="2" falsecount="0"/>
          <line num="52" count="1" type="stmt"/>
          <line num="60" count="6" type="cond" truecount="2" falsecount="0"/>
          <line num="61" count="4" type="cond" truecount="4" falsecount="0"/>
          <line num="63" count="1" type="stmt"/>
          <line num="65" count="1" type="stmt"/>
          <line num="67" count="1" type="stmt"/>
        </file>
      </package>
      <package name="src.components.pages.EmailConfirmation">
        <metrics statements="2" coveredstatements="2" conditionals="0" coveredconditionals="0" methods="1" coveredmethods="1"/>
        <file name="EmailConfirmation.js" path="/Users/davidessien/Documents/apps/selene-ah-frontend/src/components/pages/EmailConfirmation/EmailConfirmation.js">
          <metrics statements="2" coveredstatements="2" conditionals="0" coveredconditionals="0" methods="1" coveredmethods="1"/>
          <line num="10" count="2" type="stmt"/>
          <line num="11" count="1" type="stmt"/>
        </file>
      </package>
      <package name="src.components.pages.EmailVerification">
        <metrics statements="2" coveredstatements="2" conditionals="0" coveredconditionals="0" methods="1" coveredmethods="1"/>
        <file name="EmailVerification.js" path="/Users/davidessien/Documents/apps/selene-ah-frontend/src/components/pages/EmailVerification/EmailVerification.js">
          <metrics statements="2" coveredstatements="2" conditionals="0" coveredconditionals="0" methods="1" coveredmethods="1"/>
          <line num="9" count="2" type="stmt"/>
          <line num="10" count="1" type="stmt"/>
        </file>
      </package>
      <package name="src.components.pages.NoMatch">
        <metrics statements="2" coveredstatements="2" conditionals="0" coveredconditionals="0" methods="1" coveredmethods="1"/>
        <file name="NoMatch.js" path="/Users/davidessien/Documents/apps/selene-ah-frontend/src/components/pages/NoMatch/NoMatch.js">
          <metrics statements="2" coveredstatements="2" conditionals="0" coveredconditionals="0" methods="1" coveredmethods="1"/>
          <line num="10" count="2" type="stmt"/>
          <line num="11" count="1" type="stmt"/>
        </file>
      </package>
      <package name="src.components.userProfile.ProfileImage">
        <metrics statements="3" coveredstatements="3" conditionals="0" coveredconditionals="0" methods="1" coveredmethods="1"/>
        <file name="ProfileImage.js" path="/Users/davidessien/Documents/apps/selene-ah-frontend/src/components/userProfile/ProfileImage/ProfileImage.js">
          <metrics statements="3" coveredstatements="3" conditionals="0" coveredconditionals="0" methods="1" coveredmethods="1"/>
          <line num="10" count="4" type="stmt"/>
          <line num="11" count="1" type="stmt"/>
          <line num="21" count="4" type="stmt"/>
        </file>
      </package>
      <package name="src.components.userProfile.SideWidget">
        <metrics statements="7" coveredstatements="7" conditionals="0" coveredconditionals="0" methods="3" coveredmethods="3"/>
        <file name="ProfileLinks.js" path="/Users/davidessien/Documents/apps/selene-ah-frontend/src/components/userProfile/SideWidget/ProfileLinks.js">
          <metrics statements="2" coveredstatements="2" conditionals="0" coveredconditionals="0" methods="1" coveredmethods="1"/>
          <line num="9" count="3" type="stmt"/>
          <line num="10" count="2" type="stmt"/>
        </file>
        <file name="SideWidget.js" path="/Users/davidessien/Documents/apps/selene-ah-frontend/src/components/userProfile/SideWidget/SideWidget.js">
          <metrics statements="5" coveredstatements="5" conditionals="0" coveredconditionals="0" methods="2" coveredmethods="2"/>
          <line num="12" count="3" type="stmt"/>
          <line num="13" count="2" type="stmt"/>
          <line num="14" count="2" type="stmt"/>
          <line num="17" count="4" type="stmt"/>
          <line num="27" count="3" type="stmt"/>
        </file>
      </package>
      <package name="src.components.userProfile.SideWidget.SideWidgetLinks">
        <metrics statements="4" coveredstatements="4" conditionals="2" coveredconditionals="2" methods="2" coveredmethods="2"/>
        <file name="SideWidgetLink.js" path="/Users/davidessien/Documents/apps/selene-ah-frontend/src/components/userProfile/SideWidget/SideWidgetLinks/SideWidgetLink.js">
          <metrics statements="4" coveredstatements="4" conditionals="2" coveredconditionals="2" methods="2" coveredmethods="2"/>
          <line num="11" count="4" type="stmt"/>
          <line num="12" count="3" type="stmt"/>
          <line num="14" count="2" type="stmt"/>
          <line num="20" count="4" type="stmt"/>
        </file>
      </package>
      <package name="src.components.userProfile.SocialLinks">
        <metrics statements="3" coveredstatements="3" conditionals="0" coveredconditionals="0" methods="1" coveredmethods="1"/>
        <file name="SocialLinks.js" path="/Users/davidessien/Documents/apps/selene-ah-frontend/src/components/userProfile/SocialLinks/SocialLinks.js">
          <metrics statements="3" coveredstatements="3" conditionals="0" coveredconditionals="0" methods="1" coveredmethods="1"/>
          <line num="10" count="4" type="stmt"/>
          <line num="11" count="1" type="stmt"/>
          <line num="17" count="4" type="stmt"/>
        </file>
      </package>
      <package name="src.components.userProfile.UpdateProfile">
        <metrics statements="17" coveredstatements="17" conditionals="10" coveredconditionals="8" methods="8" coveredmethods="8"/>
        <file name="UpdateProfile.js" path="/Users/davidessien/Documents/apps/selene-ah-frontend/src/components/userProfile/UpdateProfile/UpdateProfile.js">
          <metrics statements="17" coveredstatements="17" conditionals="10" coveredconditionals="8" methods="8" coveredmethods="8"/>
          <line num="46" count="2" type="stmt"/>
          <line num="47" count="2" type="cond" truecount="2" falsecount="0"/>
          <line num="48" count="1" type="stmt"/>
          <line num="49" count="1" type="stmt"/>
          <line num="56" count="1" type="stmt"/>
          <line num="78" count="1" type="stmt"/>
          <line num="79" count="1" type="stmt"/>
          <line num="80" count="1" type="stmt"/>
          <line num="90" count="1" type="stmt"/>
          <line num="99" count="2" type="stmt"/>
          <line num="100" count="2" type="cond" truecount="2" falsecount="0"/>
          <line num="101" count="1" type="stmt"/>
          <line num="102" count="1" type="stmt"/>
          <line num="111" count="16" type="stmt"/>
          <line num="115" count="1" type="stmt"/>
          <line num="246" count="3" type="stmt"/>
          <line num="250" count="3" type="stmt"/>
        </file>
      </package>
      <package name="src.components.userProfile.UserArticle">
        <metrics statements="9" coveredstatements="9" conditionals="4" coveredconditionals="4" methods="6" coveredmethods="6"/>
        <file name="ArticlesLoader.js" path="/Users/davidessien/Documents/apps/selene-ah-frontend/src/components/userProfile/UserArticle/ArticlesLoader.js">
          <metrics statements="2" coveredstatements="2" conditionals="0" coveredconditionals="0" methods="1" coveredmethods="1"/>
          <line num="10" count="1" type="stmt"/>
          <line num="11" count="4" type="stmt"/>
        </file>
        <file name="UserArticle.js" path="/Users/davidessien/Documents/apps/selene-ah-frontend/src/components/userProfile/UserArticle/UserArticle.js">
          <metrics statements="7" coveredstatements="7" conditionals="4" coveredconditionals="4" methods="5" coveredmethods="5"/>
          <line num="28" count="4" type="stmt"/>
          <line num="29" count="4" type="stmt"/>
          <line num="37" count="8" type="cond" truecount="2" falsecount="0"/>
          <line num="38" count="6" type="stmt"/>
          <line num="43" count="8" type="stmt"/>
          <line num="57" count="3" type="stmt"/>
          <line num="61" count="3" type="stmt"/>
        </file>
      </package>
      <package name="src.components.userProfile.UserInfo">
        <metrics statements="6" coveredstatements="6" conditionals="0" coveredconditionals="0" methods="3" coveredmethods="3"/>
        <file name="UserInfo.js" path="/Users/davidessien/Documents/apps/selene-ah-frontend/src/components/userProfile/UserInfo/UserInfo.js">
          <metrics statements="4" coveredstatements="4" conditionals="0" coveredconditionals="0" methods="2" coveredmethods="2"/>
          <line num="17" count="3" type="stmt"/>
          <line num="18" count="1" type="stmt"/>
          <line num="42" count="1" type="stmt"/>
          <line num="50" count="3" type="stmt"/>
        </file>
        <file name="UserInfoLoader.js" path="/Users/davidessien/Documents/apps/selene-ah-frontend/src/components/userProfile/UserInfo/UserInfoLoader.js">
          <metrics statements="2" coveredstatements="2" conditionals="0" coveredconditionals="0" methods="1" coveredmethods="1"/>
          <line num="9" count="3" type="stmt"/>
          <line num="10" count="1" type="stmt"/>
        </file>
      </package>
      <package name="src.components.utilities">
        <metrics statements="0" coveredstatements="0" conditionals="0" coveredconditionals="0" methods="0" coveredmethods="0"/>
        <file name="index.js" path="/Users/davidessien/Documents/apps/selene-ah-frontend/src/components/utilities/index.js">
          <metrics statements="0" coveredstatements="0" conditionals="0" coveredconditionals="0" methods="0" coveredmethods="0"/>
        </file>
      </package>
      <package name="src.components.utilities.ArticleLoader">
        <metrics statements="2" coveredstatements="2" conditionals="0" coveredconditionals="0" methods="1" coveredmethods="1"/>
        <file name="ArticleLoader.js" path="/Users/davidessien/Documents/apps/selene-ah-frontend/src/components/utilities/ArticleLoader/ArticleLoader.js">
          <metrics statements="2" coveredstatements="2" conditionals="0" coveredconditionals="0" methods="1" coveredmethods="1"/>
          <line num="7" count="3" type="stmt"/>
          <line num="8" count="1" type="stmt"/>
        </file>
      </package>
      <package name="src.components.utilities.BackDrop">
        <metrics statements="4" coveredstatements="4" conditionals="0" coveredconditionals="0" methods="1" coveredmethods="1"/>
        <file name="BackDrop.js" path="/Users/davidessien/Documents/apps/selene-ah-frontend/src/components/utilities/BackDrop/BackDrop.js">
          <metrics statements="4" coveredstatements="4" conditionals="0" coveredconditionals="0" methods="1" coveredmethods="1"/>
          <line num="5" count="18" type="stmt"/>
          <line num="16" count="18" type="stmt"/>
          <line num="17" count="1" type="stmt"/>
          <line num="25" count="18" type="stmt"/>
        </file>
      </package>
      <package name="src.components.utilities.Button">
        <metrics statements="3" coveredstatements="3" conditionals="0" coveredconditionals="0" methods="1" coveredmethods="1"/>
        <file name="Button.js" path="/Users/davidessien/Documents/apps/selene-ah-frontend/src/components/utilities/Button/Button.js">
          <metrics statements="3" coveredstatements="3" conditionals="0" coveredconditionals="0" methods="1" coveredmethods="1"/>
          <line num="9" count="16" type="stmt"/>
          <line num="10" count="2" type="stmt"/>
          <line num="21" count="16" type="stmt"/>
        </file>
      </package>
      <package name="src.components.utilities.Card">
        <metrics statements="9" coveredstatements="9" conditionals="6" coveredconditionals="4" methods="3" coveredmethods="3"/>
        <file name="ArticleParent.js" path="/Users/davidessien/Documents/apps/selene-ah-frontend/src/components/utilities/Card/ArticleParent.js">
          <metrics statements="3" coveredstatements="3" conditionals="0" coveredconditionals="0" methods="1" coveredmethods="1"/>
          <line num="5" count="4" type="stmt"/>
          <line num="6" count="1" type="stmt"/>
          <line num="18" count="4" type="stmt"/>
        </file>
        <file name="Card.js" path="/Users/davidessien/Documents/apps/selene-ah-frontend/src/components/utilities/Card/Card.js">
          <metrics statements="3" coveredstatements="3" conditionals="6" coveredconditionals="4" methods="1" coveredmethods="1"/>
          <line num="12" count="17" type="stmt"/>
          <line num="13" count="4" type="stmt"/>
          <line num="54" count="17" type="stmt"/>
        </file>
        <file name="CardParent.js" path="/Users/davidessien/Documents/apps/selene-ah-frontend/src/components/utilities/Card/CardParent.js">
          <metrics statements="3" coveredstatements="3" conditionals="0" coveredconditionals="0" methods="1" coveredmethods="1"/>
          <line num="10" count="16" type="stmt"/>
          <line num="11" count="2" type="stmt"/>
          <line num="27" count="16" type="stmt"/>
        </file>
      </package>
      <package name="src.components.utilities.Hero">
        <metrics statements="2" coveredstatements="2" conditionals="0" coveredconditionals="0" methods="1" coveredmethods="1"/>
        <file name="Hero.js" path="/Users/davidessien/Documents/apps/selene-ah-frontend/src/components/utilities/Hero/Hero.js">
          <metrics statements="2" coveredstatements="2" conditionals="0" coveredconditionals="0" methods="1" coveredmethods="1"/>
          <line num="11" count="3" type="stmt"/>
          <line num="12" count="2" type="stmt"/>
        </file>
      </package>
      <package name="src.components.utilities.Input">
        <metrics statements="3" coveredstatements="3" conditionals="0" coveredconditionals="0" methods="1" coveredmethods="1"/>
        <file name="Input.js" path="/Users/davidessien/Documents/apps/selene-ah-frontend/src/components/utilities/Input/Input.js">
          <metrics statements="3" coveredstatements="3" conditionals="0" coveredconditionals="0" methods="1" coveredmethods="1"/>
          <line num="9" count="16" type="stmt"/>
          <line num="10" count="2" type="stmt"/>
          <line num="26" count="16" type="stmt"/>
        </file>
      </package>
      <package name="src.components.utilities.Label">
        <metrics statements="3" coveredstatements="3" conditionals="0" coveredconditionals="0" methods="1" coveredmethods="1"/>
        <file name="Label.js" path="/Users/davidessien/Documents/apps/selene-ah-frontend/src/components/utilities/Label/Label.js">
          <metrics statements="3" coveredstatements="3" conditionals="0" coveredconditionals="0" methods="1" coveredmethods="1"/>
          <line num="9" count="16" type="stmt"/>
          <line num="10" count="2" type="stmt"/>
          <line num="19" count="16" type="stmt"/>
        </file>
      </package>
      <package name="src.components.utilities.MiniCard">
        <metrics statements="3" coveredstatements="3" conditionals="0" coveredconditionals="0" methods="1" coveredmethods="1"/>
        <file name="MiniCard.js" path="/Users/davidessien/Documents/apps/selene-ah-frontend/src/components/utilities/MiniCard/MiniCard.js">
          <metrics statements="3" coveredstatements="3" conditionals="0" coveredconditionals="0" methods="1" coveredmethods="1"/>
          <line num="11" count="4" type="stmt"/>
          <line num="12" count="2" type="stmt"/>
          <line num="21" count="4" type="stmt"/>
        </file>
      </package>
      <package name="src.components.utilities.Navbar">
        <metrics statements="5" coveredstatements="5" conditionals="2" coveredconditionals="2" methods="3" coveredmethods="3"/>
        <file name="Navbar.js" path="/Users/davidessien/Documents/apps/selene-ah-frontend/src/components/utilities/Navbar/Navbar.js">
          <metrics statements="5" coveredstatements="5" conditionals="2" coveredconditionals="2" methods="3" coveredmethods="3"/>
          <line num="16" count="16" type="stmt"/>
          <line num="22" count="1" type="stmt"/>
          <line num="68" count="1" type="stmt"/>
          <line num="69" count="1" type="stmt"/>
          <line num="91" count="16" type="stmt"/>
        </file>
      </package>
      <package name="src.components.utilities.Select">
        <metrics statements="3" coveredstatements="3" conditionals="0" coveredconditionals="0" methods="1" coveredmethods="1"/>
        <file name="Select.js" path="/Users/davidessien/Documents/apps/selene-ah-frontend/src/components/utilities/Select/Select.js">
          <metrics statements="3" coveredstatements="3" conditionals="0" coveredconditionals="0" methods="1" coveredmethods="1"/>
          <line num="8" count="16" type="stmt"/>
          <line num="9" count="2" type="stmt"/>
          <line num="17" count="16" type="stmt"/>
        </file>
      </package>
      <package name="src.components.utilities.ShareBtn">
        <metrics statements="3" coveredstatements="3" conditionals="0" coveredconditionals="0" methods="1" coveredmethods="1"/>
        <file name="ShareButton.js" path="/Users/davidessien/Documents/apps/selene-ah-frontend/src/components/utilities/ShareBtn/ShareButton.js">
          <metrics statements="3" coveredstatements="3" conditionals="0" coveredconditionals="0" methods="1" coveredmethods="1"/>
          <line num="18" count="4" type="stmt"/>
          <line num="19" count="1" type="stmt"/>
          <line num="53" count="4" type="stmt"/>
        </file>
      </package>
      <package name="src.components.utilities.SideNav">
        <metrics statements="2" coveredstatements="2" conditionals="4" coveredconditionals="4" methods="1" coveredmethods="1"/>
        <file name="SideNav.js" path="/Users/davidessien/Documents/apps/selene-ah-frontend/src/components/utilities/SideNav/SideNav.js">
          <metrics statements="2" coveredstatements="2" conditionals="4" coveredconditionals="4" methods="1" coveredmethods="1"/>
          <line num="18" count="4" type="stmt"/>
          <line num="41" count="16" type="stmt"/>
        </file>
      </package>
      <package name="src.components.utilities.SocialButtons">
        <metrics statements="3" coveredstatements="3" conditionals="0" coveredconditionals="0" methods="1" coveredmethods="1"/>
        <file name="SocialButton.js" path="/Users/davidessien/Documents/apps/selene-ah-frontend/src/components/utilities/SocialButtons/SocialButton.js">
          <metrics statements="3" coveredstatements="3" conditionals="0" coveredconditionals="0" methods="1" coveredmethods="1"/>
          <line num="9" count="16" type="stmt"/>
          <line num="10" count="2" type="stmt"/>
          <line num="16" count="16" type="stmt"/>
        </file>
      </package>
      <package name="src.components.utilities.Tag">
        <metrics statements="6" coveredstatements="6" conditionals="2" coveredconditionals="1" methods="2" coveredmethods="2"/>
        <file name="Tag.js" path="/Users/davidessien/Documents/apps/selene-ah-frontend/src/components/utilities/Tag/Tag.js">
          <metrics statements="3" coveredstatements="3" conditionals="2" coveredconditionals="1" methods="1" coveredmethods="1"/>
          <line num="10" count="16" type="stmt"/>
          <line num="11" count="2" type="stmt"/>
          <line num="21" count="16" type="stmt"/>
        </file>
        <file name="TagParent.js" path="/Users/davidessien/Documents/apps/selene-ah-frontend/src/components/utilities/Tag/TagParent.js">
          <metrics statements="3" coveredstatements="3" conditionals="0" coveredconditionals="0" methods="1" coveredmethods="1"/>
          <line num="9" count="16" type="stmt"/>
          <line num="10" count="2" type="stmt"/>
          <line num="19" count="16" type="stmt"/>
        </file>
      </package>
      <package name="src.containers.Article">
        <metrics statements="118" coveredstatements="118" conditionals="128" coveredconditionals="124" methods="30" coveredmethods="30"/>
        <file name="Article.js" path="/Users/davidessien/Documents/apps/selene-ah-frontend/src/containers/Article/Article.js">
          <metrics statements="8" coveredstatements="8" conditionals="20" coveredconditionals="19" methods="5" coveredmethods="5"/>
          <line num="32" count="2" type="stmt"/>
          <line num="40" count="1" type="stmt"/>
          <line num="48" count="1" type="stmt"/>
          <line num="49" count="1" type="stmt"/>
          <line num="65" count="17" type="cond" truecount="2" falsecount="0"/>
          <line num="66" count="17" type="cond" truecount="2" falsecount="0"/>
          <line num="67" count="17" type="stmt"/>
          <line num="73" count="1" type="stmt"/>
        </file>
        <file name="ArticleView.js" path="/Users/davidessien/Documents/apps/selene-ah-frontend/src/containers/Article/ArticleView.js">
          <metrics statements="10" coveredstatements="10" conditionals="10" coveredconditionals="9" methods="4" coveredmethods="4"/>
          <line num="39" count="6" type="stmt"/>
          <line num="40" count="6" type="stmt"/>
          <line num="41" count="6" type="stmt"/>
          <line num="42" count="6" type="stmt"/>
          <line num="43" count="6" type="stmt"/>
          <line num="44" count="6" type="cond" truecount="2" falsecount="0"/>
          <line num="61" count="7" type="stmt"/>
          <line num="62" count="7" type="stmt"/>
          <line num="75" count="2" type="stmt"/>
          <line num="82" count="2" type="stmt"/>
        </file>
        <file name="EditorHeader.js" path="/Users/davidessien/Documents/apps/selene-ah-frontend/src/containers/Article/EditorHeader.js">
          <metrics statements="3" coveredstatements="3" conditionals="16" coveredconditionals="16" methods="1" coveredmethods="1"/>
          <line num="9" count="4" type="stmt"/>
          <line num="10" count="2" type="stmt"/>
          <line num="69" count="4" type="stmt"/>
        </file>
        <file name="SaveArticle.js" path="/Users/davidessien/Documents/apps/selene-ah-frontend/src/containers/Article/SaveArticle.js">
          <metrics statements="84" coveredstatements="84" conditionals="78" coveredconditionals="76" methods="15" coveredmethods="15"/>
          <line num="73" count="2" type="stmt"/>
          <line num="74" count="2" type="stmt"/>
          <line num="75" count="2" type="stmt"/>
          <line num="83" count="2" type="stmt"/>
          <line num="91" count="2" type="stmt"/>
          <line num="92" count="2" type="cond" truecount="2" falsecount="0"/>
          <line num="93" count="1" type="stmt"/>
          <line num="95" count="2" type="stmt"/>
          <line num="96" count="2" type="stmt"/>
          <line num="106" count="6" type="cond" truecount="2" falsecount="0"/>
          <line num="107" count="6" type="cond" truecount="5" falsecount="0"/>
          <line num="109" count="1" type="stmt"/>
          <line num="110" count="1" type="stmt"/>
          <line num="113" count="5" type="cond" truecount="4" falsecount="0"/>
          <line num="114" count="1" type="stmt"/>
          <line num="115" count="1" type="stmt"/>
          <line num="118" count="4" type="cond" truecount="2" falsecount="0"/>
          <line num="119" count="1" type="stmt"/>
          <line num="120" count="1" type="stmt"/>
          <line num="123" count="3" type="stmt"/>
          <line num="130" count="3" type="stmt"/>
          <line num="140" count="7" type="stmt"/>
          <line num="143" count="7" type="cond" truecount="2" falsecount="0"/>
          <line num="144" count="7" type="cond" truecount="5" falsecount="0"/>
          <line num="146" count="3" type="stmt"/>
          <line num="147" count="3" type="stmt"/>
          <line num="150" count="4" type="cond" truecount="4" falsecount="0"/>
          <line num="151" count="1" type="stmt"/>
          <line num="153" count="1" type="stmt"/>
          <line num="156" count="3" type="cond" truecount="2" falsecount="0"/>
          <line num="159" count="3" type="cond" truecount="2" falsecount="0"/>
          <line num="160" count="3" type="cond" truecount="2" falsecount="0"/>
          <line num="161" count="3" type="cond" truecount="2" falsecount="0"/>
          <line num="164" count="3" type="stmt"/>
          <line num="175" count="3" type="cond" truecount="2" falsecount="0"/>
          <line num="176" count="2" type="stmt"/>
          <line num="177" count="2" type="stmt"/>
          <line num="178" count="2" type="stmt"/>
          <line num="183" count="2" type="stmt"/>
          <line num="195" count="2" type="stmt"/>
          <line num="196" count="2" type="stmt"/>
          <line num="197" count="2" type="cond" truecount="2" falsecount="0"/>
          <line num="198" count="1" type="stmt"/>
          <line num="199" count="1" type="stmt"/>
          <line num="200" count="1" type="stmt"/>
          <line num="201" count="1" type="stmt"/>
          <line num="212" count="3" type="stmt"/>
          <line num="213" count="3" type="stmt"/>
          <line num="214" count="3" type="stmt"/>
          <line num="215" count="3" type="stmt"/>
          <line num="223" count="1" type="stmt"/>
          <line num="231" count="4" type="cond" truecount="1" falsecount="1"/>
          <line num="232" count="4" type="stmt"/>
          <line num="233" count="4" type="cond" truecount="2" falsecount="0"/>
          <line num="234" count="1" type="stmt"/>
          <line num="236" count="3" type="cond" truecount="2" falsecount="0"/>
          <line num="237" count="1" type="stmt"/>
          <line num="238" count="1" type="stmt"/>
          <line num="240" count="3" type="stmt"/>
          <line num="247" count="2" type="cond" truecount="1" falsecount="1"/>
          <line num="248" count="2" type="stmt"/>
          <line num="263" count="46" type="cond" truecount="4" falsecount="0"/>
          <line num="265" count="2" type="stmt"/>
          <line num="268" count="46" type="cond" truecount="4" falsecount="0"/>
          <line num="270" count="2" type="stmt"/>
          <line num="273" count="46" type="cond" truecount="4" falsecount="0"/>
          <line num="275" count="1" type="stmt"/>
          <line num="278" count="1" type="stmt"/>
          <line num="279" count="1" type="stmt"/>
          <line num="281" count="1" type="stmt"/>
          <line num="284" count="46" type="cond" truecount="4" falsecount="0"/>
          <line num="286" count="1" type="stmt"/>
          <line num="289" count="46" type="cond" truecount="4" falsecount="0"/>
          <line num="291" count="1" type="stmt"/>
          <line num="295" count="46" type="stmt"/>
          <line num="304" count="48" type="stmt"/>
          <line num="305" count="48" type="cond" truecount="2" falsecount="0"/>
          <line num="306" count="26" type="stmt"/>
          <line num="307" count="26" type="cond" truecount="2" falsecount="0"/>
          <line num="308" count="4" type="stmt"/>
          <line num="309" count="8" type="stmt"/>
          <line num="313" count="48" type="stmt"/>
          <line num="325" count="48" type="stmt"/>
          <line num="329" count="1" type="stmt"/>
        </file>
        <file name="SaveArticleContainer.js" path="/Users/davidessien/Documents/apps/selene-ah-frontend/src/containers/Article/SaveArticleContainer.js">
          <metrics statements="3" coveredstatements="3" conditionals="0" coveredconditionals="0" methods="2" coveredmethods="2"/>
          <line num="8" count="2" type="stmt"/>
          <line num="15" count="2" type="stmt"/>
          <line num="20" count="2" type="stmt"/>
        </file>
        <file name="TextEditor.js" path="/Users/davidessien/Documents/apps/selene-ah-frontend/src/containers/Article/TextEditor.js">
          <metrics statements="10" coveredstatements="10" conditionals="4" coveredconditionals="4" methods="3" coveredmethods="3"/>
          <line num="10" count="4" type="stmt"/>
          <line num="26" count="1" type="stmt"/>
          <line num="27" count="1" type="stmt"/>
          <line num="28" count="1" type="stmt"/>
          <line num="38" count="4" type="cond" truecount="4" falsecount="0"/>
          <line num="39" count="1" type="stmt"/>
          <line num="40" count="1" type="stmt"/>
          <line num="42" count="3" type="stmt"/>
          <line num="50" count="4" type="stmt"/>
          <line num="64" count="4" type="stmt"/>
        </file>
      </package>
      <package name="src.containers.Auth.Login">
        <metrics statements="27" coveredstatements="27" conditionals="16" coveredconditionals="16" methods="7" coveredmethods="7"/>
        <file name="Login.js" path="/Users/davidessien/Documents/apps/selene-ah-frontend/src/containers/Auth/Login/Login.js">
          <metrics statements="27" coveredstatements="27" conditionals="16" coveredconditionals="16" methods="7" coveredmethods="7"/>
          <line num="52" count="2" type="stmt"/>
          <line num="54" count="2" type="cond" truecount="2" falsecount="0"/>
          <line num="55" count="1" type="stmt"/>
          <line num="56" count="1" type="stmt"/>
          <line num="58" count="1" type="stmt"/>
          <line num="60" count="2" type="stmt"/>
          <line num="61" count="2" type="stmt"/>
          <line num="77" count="2" type="stmt"/>
          <line num="78" count="2" type="stmt"/>
          <line num="79" count="2" type="stmt"/>
          <line num="80" count="2" type="cond" truecount="2" falsecount="0"/>
          <line num="81" count="1" type="stmt"/>
          <line num="85" count="1" type="stmt"/>
          <line num="87" count="1" type="stmt"/>
          <line num="97" count="11" type="cond" truecount="4" falsecount="0"/>
          <line num="98" count="1" type="stmt"/>
          <line num="102" count="1" type="stmt"/>
          <line num="103" count="10" type="cond" truecount="2" falsecount="0"/>
          <line num="104" count="1" type="stmt"/>
          <line num="106" count="10" type="stmt"/>
          <line num="114" count="16" type="stmt"/>
          <line num="115" count="16" type="cond" truecount="2" falsecount="0"/>
          <line num="116" count="1" type="stmt"/>
          <line num="121" count="16" type="cond" truecount="2" falsecount="0"/>
          <line num="130" count="24" type="stmt"/>
          <line num="196" count="2" type="stmt"/>
          <line num="201" count="2" type="stmt"/>
        </file>
      </package>
      <package name="src.containers.Auth.ResetPassword">
        <metrics statements="51" coveredstatements="49" conditionals="26" coveredconditionals="25" methods="17" coveredmethods="17"/>
        <file name="ResetPassword.js" path="/Users/davidessien/Documents/apps/selene-ah-frontend/src/containers/Auth/ResetPassword/ResetPassword.js">
          <metrics statements="14" coveredstatements="14" conditionals="8" coveredconditionals="8" methods="8" coveredmethods="8"/>
          <line num="34" count="8" type="stmt"/>
          <line num="35" count="8" type="stmt"/>
          <line num="47" count="1" type="stmt"/>
          <line num="58" count="6" type="cond" truecount="4" falsecount="0"/>
          <line num="59" count="1" type="stmt"/>
          <line num="63" count="1" type="stmt"/>
          <line num="65" count="5" type="stmt"/>
          <line num="72" count="8" type="stmt"/>
          <line num="81" count="1" type="stmt"/>
          <line num="82" count="1" type="stmt"/>
          <line num="83" count="1" type="stmt"/>
          <line num="92" count="12" type="stmt"/>
          <line num="155" count="2" type="stmt"/>
          <line num="158" count="2" type="stmt"/>
        </file>
        <file name="UpdatePassword.js" path="/Users/davidessien/Documents/apps/selene-ah-frontend/src/containers/Auth/ResetPassword/UpdatePassword.js">
          <metrics statements="37" coveredstatements="35" conditionals="18" coveredconditionals="17" methods="9" coveredmethods="9"/>
          <line num="39" count="13" type="stmt"/>
          <line num="40" count="13" type="stmt"/>
          <line num="55" count="14" type="stmt"/>
          <line num="56" count="14" type="stmt"/>
          <line num="57" count="14" type="cond" truecount="4" falsecount="0"/>
          <line num="58" count="1" type="stmt"/>
          <line num="59" count="1" type="stmt"/>
          <line num="61" count="13" type="stmt"/>
          <line num="62" count="13" type="stmt"/>
          <line num="63" count="13" type="stmt"/>
          <line num="64" count="13" type="cond" truecount="1" falsecount="1"/>
          <line num="65" count="0" type="stmt"/>
          <line num="66" count="0" type="stmt"/>
          <line num="77" count="1" type="stmt"/>
          <line num="78" count="1" type="stmt"/>
          <line num="79" count="1" type="stmt"/>
          <line num="80" count="1" type="stmt"/>
          <line num="96" count="17" type="cond" truecount="4" falsecount="0"/>
          <line num="97" count="1" type="stmt"/>
          <line num="101" count="1" type="stmt"/>
          <line num="103" count="16" type="stmt"/>
          <line num="112" count="3" type="stmt"/>
          <line num="113" count="3" type="stmt"/>
          <line num="114" count="3" type="stmt"/>
          <line num="117" count="3" type="stmt"/>
          <line num="118" count="3" type="cond" truecount="2" falsecount="0"/>
          <line num="119" count="1" type="stmt"/>
          <line num="123" count="1" type="stmt"/>
          <line num="125" count="2" type="cond" truecount="2" falsecount="0"/>
          <line num="126" count="1" type="stmt"/>
          <line num="130" count="1" type="stmt"/>
          <line num="132" count="1" type="stmt"/>
          <line num="133" count="1" type="stmt"/>
          <line num="137" count="1" type="stmt"/>
          <line num="147" count="27" type="stmt"/>
          <line num="216" count="2" type="stmt"/>
          <line num="219" count="2" type="stmt"/>
        </file>
      </package>
      <package name="src.containers.Auth.SignUp">
        <metrics statements="42" coveredstatements="42" conditionals="36" coveredconditionals="36" methods="12" coveredmethods="12"/>
        <file name="SignUp.js" path="/Users/davidessien/Documents/apps/selene-ah-frontend/src/containers/Auth/SignUp/SignUp.js">
          <metrics statements="39" coveredstatements="39" conditionals="36" coveredconditionals="36" methods="10" coveredmethods="10"/>
          <line num="37" count="3" type="stmt"/>
          <line num="38" count="3" type="stmt"/>
          <line num="60" count="29" type="cond" truecount="4" falsecount="0"/>
          <line num="61" count="1" type="stmt"/>
          <line num="65" count="1" type="stmt"/>
          <line num="67" count="28" type="stmt"/>
          <line num="75" count="6" type="stmt"/>
          <line num="76" count="6" type="stmt"/>
          <line num="77" count="6" type="stmt"/>
          <line num="79" count="6" type="stmt"/>
          <line num="86" count="6" type="stmt"/>
          <line num="95" count="6" type="stmt"/>
          <line num="96" count="6" type="stmt"/>
          <line num="97" count="6" type="cond" truecount="2" falsecount="0"/>
          <line num="98" count="1" type="stmt"/>
          <line num="99" count="1" type="stmt"/>
          <line num="103" count="5" type="stmt"/>
          <line num="104" count="5" type="stmt"/>
          <line num="114" count="3" type="stmt"/>
          <line num="115" count="3" type="cond" truecount="2" falsecount="0"/>
          <line num="123" count="2" type="stmt"/>
          <line num="124" count="2" type="stmt"/>
          <line num="125" count="2" type="stmt"/>
          <line num="126" count="2" type="cond" truecount="2" falsecount="0"/>
          <line num="127" count="1" type="stmt"/>
          <line num="131" count="1" type="stmt"/>
          <line num="133" count="1" type="stmt"/>
          <line num="142" count="2" type="stmt"/>
          <line num="143" count="2" type="stmt"/>
          <line num="144" count="2" type="cond" truecount="6" falsecount="0"/>
          <line num="148" count="1" type="stmt"/>
          <line num="152" count="1" type="stmt"/>
          <line num="155" count="1" type="stmt"/>
          <line num="166" count="1" type="stmt"/>
          <line num="167" count="1" type="stmt"/>
          <line num="176" count="30" type="stmt"/>
          <line num="177" count="30" type="stmt"/>
          <line num="178" count="30" type="stmt"/>
          <line num="179" count="30" type="stmt"/>
        </file>
        <file name="SignUpContainer.js" path="/Users/davidessien/Documents/apps/selene-ah-frontend/src/containers/Auth/SignUp/SignUpContainer.js">
          <metrics statements="3" coveredstatements="3" conditionals="0" coveredconditionals="0" methods="2" coveredmethods="2"/>
          <line num="6" count="2" type="stmt"/>
          <line num="11" count="2" type="stmt"/>
          <line num="13" count="2" type="stmt"/>
        </file>
      </package>
      <package name="src.containers.Auth.SignUp.helpers">
        <metrics statements="15" coveredstatements="15" conditionals="16" coveredconditionals="16" methods="1" coveredmethods="1"/>
        <file name="signupValidations.js" path="/Users/davidessien/Documents/apps/selene-ah-frontend/src/containers/Auth/SignUp/helpers/signupValidations.js">
          <metrics statements="15" coveredstatements="15" conditionals="16" coveredconditionals="16" methods="1" coveredmethods="1"/>
          <line num="10" count="6" type="stmt"/>
          <line num="11" count="22" type="stmt"/>
          <line num="12" count="22" type="cond" truecount="6" falsecount="0"/>
          <line num="14" count="4" type="cond" truecount="2" falsecount="0"/>
          <line num="16" count="4" type="stmt"/>
          <line num="18" count="4" type="cond" truecount="2" falsecount="0"/>
          <line num="20" count="4" type="stmt"/>
          <line num="22" count="3" type="cond" truecount="2" falsecount="0"/>
          <line num="24" count="3" type="stmt"/>
          <line num="26" count="6" type="cond" truecount="2" falsecount="0"/>
          <line num="28" count="6" type="stmt"/>
          <line num="30" count="3" type="cond" truecount="2" falsecount="0"/>
          <line num="32" count="3" type="stmt"/>
          <line num="34" count="2" type="stmt"/>
          <line num="36" count="20" type="stmt"/>
        </file>
      </package>
      <package name="src.containers.Auth.SocialAuth">
        <metrics statements="27" coveredstatements="27" conditionals="20" coveredconditionals="20" methods="8" coveredmethods="8"/>
        <file name="SocialButtons.js" path="/Users/davidessien/Documents/apps/selene-ah-frontend/src/containers/Auth/SocialAuth/SocialButtons.js">
          <metrics statements="4" coveredstatements="4" conditionals="0" coveredconditionals="0" methods="2" coveredmethods="2"/>
          <line num="6" count="5" type="stmt"/>
          <line num="7" count="1" type="stmt"/>
          <line num="24" count="3" type="stmt"/>
          <line num="29" count="1" type="stmt"/>
        </file>
        <file name="VerifyAuth.js" path="/Users/davidessien/Documents/apps/selene-ah-frontend/src/containers/Auth/SocialAuth/VerifyAuth.js">
          <metrics statements="23" coveredstatements="23" conditionals="20" coveredconditionals="20" methods="6" coveredmethods="6"/>
          <line num="25" count="12" type="cond" truecount="2" falsecount="0"/>
          <line num="26" count="9" type="cond" truecount="2" falsecount="0"/>
          <line num="27" count="6" type="cond" truecount="2" falsecount="0"/>
          <line num="28" count="3" type="stmt"/>
          <line num="38" count="4" type="stmt"/>
          <line num="39" count="4" type="cond" truecount="4" falsecount="0"/>
          <line num="41" count="1" type="stmt"/>
          <line num="43" count="1" type="stmt"/>
          <line num="45" count="1" type="stmt"/>
          <line num="47" count="1" type="stmt"/>
          <line num="56" count="4" type="stmt"/>
          <line num="57" count="4" type="stmt"/>
          <line num="58" count="4" type="cond" truecount="2" falsecount="0"/>
          <line num="59" count="1" type="stmt"/>
          <line num="62" count="4" type="cond" truecount="2" falsecount="0"/>
          <line num="63" count="1" type="stmt"/>
          <line num="67" count="4" type="cond" truecount="2" falsecount="0"/>
          <line num="68" count="1" type="stmt"/>
          <line num="78" count="5" type="stmt"/>
          <line num="88" count="2" type="stmt"/>
          <line num="93" count="2" type="stmt"/>
          <line num="94" count="1" type="stmt"/>
          <line num="100" count="2" type="stmt"/>
        </file>
      </package>
      <package name="src.containers.Comment">
        <metrics statements="30" coveredstatements="30" conditionals="31" coveredconditionals="30" methods="14" coveredmethods="14"/>
        <file name="Comment.js" path="/Users/davidessien/Documents/apps/selene-ah-frontend/src/containers/Comment/Comment.js">
          <metrics statements="23" coveredstatements="23" conditionals="17" coveredconditionals="16" methods="11" coveredmethods="11"/>
          <line num="55" count="1" type="stmt"/>
          <line num="68" count="1" type="stmt"/>
          <line num="69" count="1" type="stmt"/>
          <line num="70" count="1" type="stmt"/>
          <line num="73" count="1" type="stmt"/>
          <line num="84" count="1" type="stmt"/>
          <line num="94" count="1" type="stmt"/>
          <line num="95" count="1" type="stmt"/>
          <line num="98" count="1" type="stmt"/>
          <line num="108" count="2" type="stmt"/>
          <line num="109" count="2" type="cond" truecount="2" falsecount="0"/>
          <line num="110" count="1" type="stmt"/>
          <line num="114" count="1" type="stmt"/>
          <line num="116" count="1" type="stmt"/>
          <line num="127" count="22" type="stmt"/>
          <line num="128" count="22" type="cond" truecount="4" falsecount="0"/>
          <line num="129" count="1" type="cond" truecount="2" falsecount="0"/>
          <line num="133" count="1" type="stmt"/>
          <line num="135" count="21" type="stmt"/>
          <line num="143" count="36" type="stmt"/>
          <line num="167" count="1" type="stmt"/>
          <line num="176" count="4" type="stmt"/>
          <line num="179" count="4" type="stmt"/>
        </file>
        <file name="EachComment.js" path="/Users/davidessien/Documents/apps/selene-ah-frontend/src/containers/Comment/EachComment.js">
          <metrics statements="3" coveredstatements="3" conditionals="4" coveredconditionals="4" methods="1" coveredmethods="1"/>
          <line num="13" count="5" type="stmt"/>
          <line num="14" count="3" type="stmt"/>
          <line num="42" count="5" type="stmt"/>
        </file>
        <file name="ShowCommentButton.js" path="/Users/davidessien/Documents/apps/selene-ah-frontend/src/containers/Comment/ShowCommentButton.js">
          <metrics statements="1" coveredstatements="1" conditionals="4" coveredconditionals="4" methods="1" coveredmethods="1"/>
          <line num="23" count="3" type="stmt"/>
        </file>
        <file name="WriteComment.js" path="/Users/davidessien/Documents/apps/selene-ah-frontend/src/containers/Comment/WriteComment.js">
          <metrics statements="3" coveredstatements="3" conditionals="6" coveredconditionals="6" methods="1" coveredmethods="1"/>
          <line num="11" count="4" type="stmt"/>
          <line num="12" count="2" type="stmt"/>
          <line num="53" count="4" type="stmt"/>
        </file>
      </package>
      <package name="src.containers.Form">
        <metrics statements="2" coveredstatements="2" conditionals="6" coveredconditionals="6" methods="2" coveredmethods="2"/>
        <file name="FormContainer.js" path="/Users/davidessien/Documents/apps/selene-ah-frontend/src/containers/Form/FormContainer.js">
          <metrics statements="1" coveredstatements="1" conditionals="2" coveredconditionals="2" methods="1" coveredmethods="1"/>
          <line num="23" count="1" type="stmt"/>
        </file>
        <file name="FormWrapper.js" path="/Users/davidessien/Documents/apps/selene-ah-frontend/src/containers/Form/FormWrapper.js">
          <metrics statements="1" coveredstatements="1" conditionals="4" coveredconditionals="4" methods="1" coveredmethods="1"/>
          <line num="29" count="1" type="stmt"/>
        </file>
        <file name="index.js" path="/Users/davidessien/Documents/apps/selene-ah-frontend/src/containers/Form/index.js">
          <metrics statements="0" coveredstatements="0" conditionals="0" coveredconditionals="0" methods="0" coveredmethods="0"/>
        </file>
      </package>
      <package name="src.containers.Home">
        <metrics statements="21" coveredstatements="21" conditionals="12" coveredconditionals="12" methods="13" coveredmethods="13"/>
        <file name="Home.js" path="/Users/davidessien/Documents/apps/selene-ah-frontend/src/containers/Home/Home.js">
          <metrics statements="10" coveredstatements="10" conditionals="12" coveredconditionals="12" methods="7" coveredmethods="7"/>
          <line num="36" count="2" type="stmt"/>
          <line num="44" count="8" type="stmt"/>
          <line num="45" count="8" type="stmt"/>
          <line num="46" count="8" type="stmt"/>
          <line num="54" count="15" type="stmt"/>
          <line num="62" count="1" type="stmt"/>
          <line num="184" count="13" type="stmt"/>
          <line num="200" count="2" type="stmt"/>
          <line num="205" count="2" type="stmt"/>
          <line num="207" count="2" type="stmt"/>
        </file>
        <file name="HomeLoader.js" path="/Users/davidessien/Documents/apps/selene-ah-frontend/src/containers/Home/HomeLoader.js">
          <metrics statements="2" coveredstatements="2" conditionals="0" coveredconditionals="0" methods="1" coveredmethods="1"/>
          <line num="4" count="3" type="stmt"/>
          <line num="5" count="1" type="stmt"/>
        </file>
        <file name="homeActionCreators.js" path="/Users/davidessien/Documents/apps/selene-ah-frontend/src/containers/Home/homeActionCreators.js">
          <metrics statements="9" coveredstatements="9" conditionals="0" coveredconditionals="0" methods="5" coveredmethods="5"/>
          <line num="4" count="3" type="stmt"/>
          <line num="8" count="3" type="stmt"/>
          <line num="13" count="3" type="stmt"/>
          <line num="18" count="3" type="stmt"/>
          <line num="19" count="2" type="stmt"/>
          <line num="20" count="2" type="stmt"/>
          <line num="21" count="2" type="stmt"/>
          <line num="22" count="1" type="stmt"/>
          <line num="24" count="1" type="stmt"/>
        </file>
      </package>
      <package name="src.containers.Ratings">
        <metrics statements="25" coveredstatements="25" conditionals="25" coveredconditionals="22" methods="12" coveredmethods="12"/>
        <file name="Ratings.js" path="/Users/davidessien/Documents/apps/selene-ah-frontend/src/containers/Ratings/Ratings.js">
          <metrics statements="25" coveredstatements="25" conditionals="25" coveredconditionals="22" methods="12" coveredmethods="12"/>
          <line num="35" count="4" type="stmt"/>
          <line num="36" count="4" type="stmt"/>
          <line num="39" count="4" type="stmt"/>
          <line num="40" count="4" type="stmt"/>
          <line num="52" count="3" type="stmt"/>
          <line num="59" count="5" type="stmt"/>
          <line num="69" count="2" type="cond" truecount="4" falsecount="0"/>
          <line num="71" count="1" type="stmt"/>
          <line num="80" count="19" type="cond" truecount="3" falsecount="1"/>
          <line num="81" count="19" type="cond" truecount="4" falsecount="0"/>
          <line num="84" count="1" type="cond" truecount="2" falsecount="0"/>
          <line num="87" count="1" type="stmt"/>
          <line num="90" count="18" type="stmt"/>
          <line num="99" count="20" type="stmt"/>
          <line num="100" count="20" type="stmt"/>
          <line num="101" count="100" type="cond" truecount="4" falsecount="0"/>
          <line num="102" count="31" type="stmt"/>
          <line num="103" count="1" type="stmt"/>
          <line num="104" count="1" type="stmt"/>
          <line num="105" count="1" type="stmt"/>
          <line num="112" count="69" type="stmt"/>
          <line num="113" count="1" type="stmt"/>
          <line num="114" count="1" type="stmt"/>
          <line num="115" count="1" type="stmt"/>
          <line num="122" count="20" type="stmt"/>
        </file>
      </package>
      <package name="src.containers.Reaction">
        <metrics statements="45" coveredstatements="45" conditionals="40" coveredconditionals="40" methods="16" coveredmethods="16"/>
        <file name="FollowReaction.js" path="/Users/davidessien/Documents/apps/selene-ah-frontend/src/containers/Reaction/FollowReaction.js">
          <metrics statements="20" coveredstatements="20" conditionals="19" coveredconditionals="19" methods="8" coveredmethods="8"/>
          <line num="36" count="1" type="stmt"/>
          <line num="37" count="1" type="stmt"/>
          <line num="48" count="1" type="stmt"/>
          <line num="68" count="8" type="stmt"/>
          <line num="69" count="8" type="cond" truecount="2" falsecount="0"/>
          <line num="70" count="2" type="stmt"/>
[...]
          <metrics statements="1" coveredstatements="1" conditionals="0" coveredconditionals="0" methods="0" coveredmethods="0"/>
          <line num="22" count="1" type="stmt"/>
        </file>
      </package>
      <package name="src.reducers.articleReducers">
        <metrics statements="36" coveredstatements="36" conditionals="18" coveredconditionals="18" methods="15" coveredmethods="15"/>
        <file name="articleReducers.js" path="/Users/davidessien/Documents/apps/selene-ah-frontend/src/reducers/articleReducers/articleReducers.js">
          <metrics statements="16" coveredstatements="16" conditionals="8" coveredconditionals="8" methods="7" coveredmethods="7"/>
          <line num="12" count="2" type="stmt"/>
          <line num="28" count="2" type="stmt"/>
          <line num="39" count="2" type="stmt"/>
          <line num="55" count="2" type="stmt"/>
          <line num="69" count="2" type="stmt"/>
          <line num="84" count="2" type="stmt"/>
          <line num="100" count="2" type="stmt"/>
          <line num="109" count="2" type="cond" truecount="1" falsecount="0"/>
          <line num="110" count="13" type="cond" truecount="7" falsecount="0"/>
          <line num="112" count="1" type="stmt"/>
          <line num="114" count="1" type="stmt"/>
          <line num="116" count="1" type="stmt"/>
          <line num="118" count="1" type="stmt"/>
          <line num="120" count="1" type="stmt"/>
          <line num="122" count="1" type="stmt"/>
          <line num="124" count="7" type="stmt"/>
        </file>
        <file name="categoryReducer.js" path="/Users/davidessien/Documents/apps/selene-ah-frontend/src/reducers/articleReducers/categoryReducer.js">
          <metrics statements="10" coveredstatements="10" conditionals="5" coveredconditionals="5" methods="4" coveredmethods="4"/>
          <line num="8" count="2" type="stmt"/>
          <line num="20" count="2" type="stmt"/>
          <line num="31" count="2" type="stmt"/>
          <line num="47" count="2" type="stmt"/>
          <line num="57" count="2" type="cond" truecount="1" falsecount="0"/>
          <line num="58" count="8" type="cond" truecount="4" falsecount="0"/>
          <line num="60" count="1" type="stmt"/>
          <line num="62" count="1" type="stmt"/>
          <line num="64" count="1" type="stmt"/>
          <line num="66" count="5" type="stmt"/>
        </file>
        <file name="imageUploadReducers.js" path="/Users/davidessien/Documents/apps/selene-ah-frontend/src/reducers/articleReducers/imageUploadReducers.js">
          <metrics statements="10" coveredstatements="10" conditionals="5" coveredconditionals="5" methods="4" coveredmethods="4"/>
          <line num="8" count="2" type="stmt"/>
          <line num="20" count="2" type="stmt"/>
          <line num="31" count="2" type="stmt"/>
          <line num="47" count="2" type="stmt"/>
          <line num="56" count="2" type="cond" truecount="1" falsecount="0"/>
          <line num="57" count="8" type="cond" truecount="4" falsecount="0"/>
          <line num="59" count="1" type="stmt"/>
          <line num="61" count="1" type="stmt"/>
          <line num="63" count="1" type="stmt"/>
          <line num="65" count="5" type="stmt"/>
        </file>
      </package>
      <package name="src.reducers.articleReducers.articleViewReducer">
        <metrics statements="16" coveredstatements="16" conditionals="8" coveredconditionals="8" methods="7" coveredmethods="7"/>
        <file name="articleView.js" path="/Users/davidessien/Documents/apps/selene-ah-frontend/src/reducers/articleReducers/articleViewReducer/articleView.js">
          <metrics statements="16" coveredstatements="16" conditionals="8" coveredconditionals="8" methods="7" coveredmethods="7"/>
          <line num="4" count="2" type="stmt"/>
          <line num="18" count="2" type="stmt"/>
          <line num="31" count="2" type="stmt"/>
          <line num="43" count="2" type="stmt"/>
          <line num="57" count="2" type="stmt"/>
          <line num="70" count="2" type="stmt"/>
          <line num="80" count="2" type="stmt"/>
          <line num="85" count="2" type="cond" truecount="1" falsecount="0"/>
          <line num="86" count="9" type="cond" truecount="7" falsecount="0"/>
          <line num="88" count="1" type="stmt"/>
          <line num="90" count="1" type="stmt"/>
          <line num="92" count="1" type="stmt"/>
          <line num="93" count="1" type="stmt"/>
          <line num="95" count="1" type="stmt"/>
          <line num="97" count="1" type="stmt"/>
          <line num="99" count="3" type="stmt"/>
        </file>
      </package>
      <package name="src.reducers.authReducers">
        <metrics statements="54" coveredstatements="54" conditionals="28" coveredconditionals="28" methods="16" coveredmethods="16"/>
        <file name="login.js" path="/Users/davidessien/Documents/apps/selene-ah-frontend/src/reducers/authReducers/login.js">
          <metrics statements="10" coveredstatements="10" conditionals="5" coveredconditionals="5" methods="3" coveredmethods="3"/>
          <line num="4" count="2" type="stmt"/>
          <line num="12" count="2" type="stmt"/>
          <line num="20" count="2" type="stmt"/>
          <line num="32" count="2" type="stmt"/>
          <line num="40" count="2" type="cond" truecount="1" falsecount="0"/>
          <line num="41" count="8" type="cond" truecount="4" falsecount="0"/>
          <line num="43" count="1" type="stmt"/>
          <line num="46" count="1" type="stmt"/>
          <line num="49" count="1" type="stmt"/>
          <line num="52" count="5" type="stmt"/>
        </file>
        <file name="resetPassword.js" path="/Users/davidessien/Documents/apps/selene-ah-frontend/src/reducers/authReducers/resetPassword.js">
          <metrics statements="10" coveredstatements="10" conditionals="5" coveredconditionals="5" methods="3" coveredmethods="3"/>
          <line num="4" count="2" type="stmt"/>
          <line num="11" count="2" type="stmt"/>
          <line num="19" count="2" type="stmt"/>
          <line num="31" count="2" type="stmt"/>
          <line num="37" count="2" type="cond" truecount="1" falsecount="0"/>
          <line num="38" count="6" type="cond" truecount="4" falsecount="0"/>
          <line num="40" count="1" type="stmt"/>
          <line num="43" count="1" type="stmt"/>
          <line num="46" count="1" type="stmt"/>
          <line num="49" count="3" type="stmt"/>
        </file>
        <file name="signup.js" path="/Users/davidessien/Documents/apps/selene-ah-frontend/src/reducers/authReducers/signup.js">
          <metrics statements="10" coveredstatements="10" conditionals="5" coveredconditionals="5" methods="4" coveredmethods="4"/>
          <line num="4" count="2" type="stmt"/>
          <line num="16" count="2" type="stmt"/>
          <line num="25" count="2" type="stmt"/>
          <line num="37" count="2" type="stmt"/>
          <line num="42" count="2" type="cond" truecount="1" falsecount="0"/>
          <line num="43" count="7" type="cond" truecount="4" falsecount="0"/>
          <line num="44" count="1" type="stmt"/>
          <line num="45" count="1" type="stmt"/>
          <line num="46" count="1" type="stmt"/>
          <line num="47" count="4" type="stmt"/>
        </file>
        <file name="socialAuthReducer.js" path="/Users/davidessien/Documents/apps/selene-ah-frontend/src/reducers/authReducers/socialAuthReducer.js">
          <metrics statements="14" coveredstatements="14" conditionals="8" coveredconditionals="8" methods="3" coveredmethods="3"/>
          <line num="4" count="2" type="stmt"/>
          <line num="15" count="2" type="stmt"/>
          <line num="16" count="3" type="stmt"/>
          <line num="27" count="2" type="stmt"/>
          <line num="28" count="3" type="stmt"/>
          <line num="34" count="2" type="cond" truecount="1" falsecount="0"/>
          <line num="35" count="10" type="cond" truecount="7" falsecount="0"/>
          <line num="37" count="1" type="stmt"/>
          <line num="39" count="1" type="stmt"/>
          <line num="41" count="1" type="stmt"/>
          <line num="43" count="1" type="stmt"/>
          <line num="45" count="1" type="stmt"/>
          <line num="47" count="1" type="stmt"/>
          <line num="49" count="4" type="stmt"/>
        </file>
        <file name="updatePassword.js" path="/Users/davidessien/Documents/apps/selene-ah-frontend/src/reducers/authReducers/updatePassword.js">
          <metrics statements="10" coveredstatements="10" conditionals="5" coveredconditionals="5" methods="3" coveredmethods="3"/>
          <line num="4" count="2" type="stmt"/>
          <line num="12" count="2" type="stmt"/>
          <line num="20" count="2" type="stmt"/>
          <line num="33" count="2" type="stmt"/>
          <line num="40" count="2" type="cond" truecount="1" falsecount="0"/>
          <line num="41" count="6" type="cond" truecount="4" falsecount="0"/>
          <line num="43" count="1" type="stmt"/>
          <line num="46" count="1" type="stmt"/>
          <line num="49" count="1" type="stmt"/>
          <line num="52" count="3" type="stmt"/>
        </file>
      </package>
      <package name="src.reducers.commentReducers">
        <metrics statements="16" coveredstatements="16" conditionals="10" coveredconditionals="9" methods="5" coveredmethods="5"/>
        <file name="comment.js" path="/Users/davidessien/Documents/apps/selene-ah-frontend/src/reducers/commentReducers/comment.js">
          <metrics statements="16" coveredstatements="16" conditionals="10" coveredconditionals="9" methods="5" coveredmethods="5"/>
          <line num="6" count="2" type="stmt"/>
          <line num="15" count="2" type="stmt"/>
          <line num="26" count="2" type="stmt"/>
          <line num="40" count="2" type="stmt"/>
          <line num="49" count="2" type="stmt"/>
          <line num="60" count="2" type="stmt"/>
          <line num="75" count="2" type="stmt"/>
          <line num="87" count="2" type="cond" truecount="1" falsecount="0"/>
          <line num="88" count="10" type="cond" truecount="7" falsecount="0"/>
          <line num="90" count="1" type="stmt"/>
          <line num="93" count="1" type="stmt"/>
          <line num="96" count="1" type="stmt"/>
          <line num="99" count="1" type="stmt"/>
          <line num="102" count="1" type="stmt"/>
          <line num="105" count="1" type="stmt"/>
          <line num="108" count="4" type="stmt"/>
        </file>
      </package>
      <package name="src.reducers.homeReducers">
        <metrics statements="10" coveredstatements="10" conditionals="5" coveredconditionals="5" methods="3" coveredmethods="3"/>
        <file name="home.js" path="/Users/davidessien/Documents/apps/selene-ah-frontend/src/reducers/homeReducers/home.js">
          <metrics statements="10" coveredstatements="10" conditionals="5" coveredconditionals="5" methods="3" coveredmethods="3"/>
          <line num="4" count="2" type="stmt"/>
          <line num="11" count="2" type="stmt"/>
          <line num="13" count="2" type="stmt"/>
          <line num="19" count="2" type="stmt"/>
          <line num="25" count="2" type="cond" truecount="1" falsecount="0"/>
          <line num="26" count="6" type="cond" truecount="4" falsecount="0"/>
          <line num="28" count="1" type="stmt"/>
          <line num="31" count="1" type="stmt"/>
          <line num="34" count="1" type="stmt"/>
          <line num="37" count="3" type="stmt"/>
        </file>
      </package>
      <package name="src.reducers.ratingsReducer">
        <metrics statements="30" coveredstatements="30" conditionals="15" coveredconditionals="15" methods="9" coveredmethods="9"/>
        <file name="fetchAveargeRatings.js" path="/Users/davidessien/Documents/apps/selene-ah-frontend/src/reducers/ratingsReducer/fetchAveargeRatings.js">
          <metrics statements="10" coveredstatements="10" conditionals="5" coveredconditionals="5" methods="3" coveredmethods="3"/>
          <line num="4" count="2" type="stmt"/>
          <line num="11" count="2" type="stmt"/>
          <line num="19" count="2" type="stmt"/>
          <line num="33" count="2" type="stmt"/>
          <line num="42" count="2" type="cond" truecount="1" falsecount="0"/>
          <line num="43" count="6" type="cond" truecount="4" falsecount="0"/>
          <line num="45" count="1" type="stmt"/>
          <line num="48" count="1" type="stmt"/>
          <line num="51" count="1" type="stmt"/>
          <line num="53" count="3" type="stmt"/>
        </file>
        <file name="fetchUserRatings.js" path="/Users/davidessien/Documents/apps/selene-ah-frontend/src/reducers/ratingsReducer/fetchUserRatings.js">
          <metrics statements="10" coveredstatements="10" conditionals="5" coveredconditionals="5" methods="3" coveredmethods="3"/>
          <line num="4" count="2" type="stmt"/>
          <line num="11" count="2" type="stmt"/>
          <line num="19" count="2" type="stmt"/>
          <line num="33" count="2" type="stmt"/>
          <line num="42" count="2" type="cond" truecount="1" falsecount="0"/>
          <line num="43" count="6" type="cond" truecount="4" falsecount="0"/>
          <line num="45" count="1" type="stmt"/>
          <line num="48" count="1" type="stmt"/>
          <line num="51" count="1" type="stmt"/>
          <line num="53" count="3" type="stmt"/>
        </file>
        <file name="postRatings.js" path="/Users/davidessien/Documents/apps/selene-ah-frontend/src/reducers/ratingsReducer/postRatings.js">
          <metrics statements="10" coveredstatements="10" conditionals="5" coveredconditionals="5" methods="3" coveredmethods="3"/>
          <line num="4" count="2" type="stmt"/>
          <line num="11" count="2" type="stmt"/>
          <line num="19" count="2" type="stmt"/>
          <line num="33" count="2" type="stmt"/>
          <line num="42" count="2" type="cond" truecount="1" falsecount="0"/>
          <line num="43" count="6" type="cond" truecount="4" falsecount="0"/>
          <line num="45" count="1" type="stmt"/>
          <line num="48" count="1" type="stmt"/>
          <line num="51" count="1" type="stmt"/>
          <line num="53" count="3" type="stmt"/>
        </file>
      </package>
      <package name="src.reducers.reactionReducers">
        <metrics statements="26" coveredstatements="26" conditionals="13" coveredconditionals="13" methods="11" coveredmethods="11"/>
        <file name="follow.js" path="/Users/davidessien/Documents/apps/selene-ah-frontend/src/reducers/reactionReducers/follow.js">
          <metrics statements="16" coveredstatements="16" conditionals="8" coveredconditionals="8" methods="7" coveredmethods="7"/>
          <line num="4" count="2" type="stmt"/>
          <line num="19" count="2" type="stmt"/>
          <line num="31" count="2" type="stmt"/>
          <line num="43" count="2" type="stmt"/>
          <line num="54" count="2" type="stmt"/>
          <line num="66" count="2" type="stmt"/>
          <line num="78" count="2" type="stmt"/>
          <line num="84" count="2" type="cond" truecount="1" falsecount="0"/>
          <line num="85" count="10" type="cond" truecount="7" falsecount="0"/>
          <line num="86" count="1" type="stmt"/>
          <line num="88" count="1" type="stmt"/>
          <line num="90" count="1" type="stmt"/>
          <line num="91" count="1" type="stmt"/>
          <line num="93" count="1" type="stmt"/>
          <line num="95" count="1" type="stmt"/>
          <line num="96" count="4" type="stmt"/>
        </file>
        <file name="likearticleReactions.js" path="/Users/davidessien/Documents/apps/selene-ah-frontend/src/reducers/reactionReducers/likearticleReactions.js">
          <metrics statements="10" coveredstatements="10" conditionals="5" coveredconditionals="5" methods="4" coveredmethods="4"/>
          <line num="4" count="2" type="stmt"/>
          <line num="17" count="2" type="stmt"/>
          <line num="30" count="2" type="stmt"/>
          <line num="40" count="2" type="stmt"/>
          <line num="46" count="2" type="cond" truecount="1" falsecount="0"/>
          <line num="47" count="7" type="cond" truecount="4" falsecount="0"/>
          <line num="48" count="1" type="stmt"/>
          <line num="50" count="1" type="stmt"/>
          <line num="52" count="1" type="stmt"/>
          <line num="53" count="4" type="stmt"/>
        </file>
      </package>
      <package name="src.reducers.userProfileReducers">
        <metrics statements="52" coveredstatements="52" conditionals="25" coveredconditionals="25" methods="18" coveredmethods="18"/>
        <file name="Profile.js" path="/Users/davidessien/Documents/apps/selene-ah-frontend/src/reducers/userProfileReducers/Profile.js">
          <metrics statements="22" coveredstatements="22" conditionals="11" coveredconditionals="11" methods="10" coveredmethods="10"/>
          <line num="4" count="4" type="stmt"/>
          <line num="21" count="4" type="stmt"/>
          <line num="30" count="4" type="stmt"/>
          <line num="42" count="4" type="stmt"/>
          <line num="55" count="4" type="stmt"/>
          <line num="64" count="4" type="stmt"/>
          <line num="76" count="4" type="stmt"/>
          <line num="89" count="4" type="stmt"/>
          <line num="98" count="4" type="stmt"/>
          <line num="110" count="4" type="stmt"/>
          <line num="116" count="4" type="cond" truecount="1" falsecount="0"/>
          <line num="117" count="16" type="cond" truecount="10" falsecount="0"/>
          <line num="119" count="1" type="stmt"/>
          <line num="121" count="1" type="stmt"/>
          <line num="123" count="1" type="stmt"/>
          <line num="126" count="1" type="stmt"/>
          <line num="128" count="1" type="stmt"/>
          <line num="130" count="1" type="stmt"/>
          <line num="133" count="1" type="stmt"/>
          <line num="135" count="1" type="stmt"/>
          <line num="137" count="1" type="stmt"/>
          <line num="139" count="7" type="stmt"/>
        </file>
        <file name="Statistics.js" path="/Users/davidessien/Documents/apps/selene-ah-frontend/src/reducers/userProfileReducers/Statistics.js">
          <metrics statements="30" coveredstatements="30" conditionals="14" coveredconditionals="14" methods="8" coveredmethods="8"/>
          <line num="4" count="2" type="stmt"/>
          <line num="21" count="2" type="stmt"/>
          <line num="22" count="6" type="stmt"/>
          <line num="34" count="2" type="stmt"/>
          <line num="35" count="1" type="stmt"/>
          <line num="46" count="2" type="stmt"/>
          <line num="47" count="1" type="stmt"/>
          <line num="58" count="2" type="stmt"/>
          <line num="59" count="1" type="stmt"/>
          <line num="70" count="2" type="stmt"/>
          <line num="71" count="1" type="stmt"/>
          <line num="82" count="2" type="stmt"/>
          <line num="83" count="1" type="stmt"/>
          <line num="94" count="2" type="stmt"/>
          <line num="95" count="1" type="stmt"/>
          <line num="100" count="2" type="cond" truecount="1" falsecount="0"/>
          <line num="101" count="15" type="cond" truecount="13" falsecount="0"/>
          <line num="103" count="1" type="stmt"/>
          <line num="105" count="1" type="stmt"/>
          <line num="107" count="1" type="stmt"/>
          <line num="109" count="1" type="stmt"/>
          <line num="111" count="1" type="stmt"/>
          <line num="113" count="1" type="stmt"/>
          <line num="115" count="1" type="stmt"/>
          <line num="117" count="1" type="stmt"/>
          <line num="119" count="1" type="stmt"/>
          <line num="121" count="1" type="stmt"/>
          <line num="123" count="1" type="stmt"/>
          <line num="125" count="1" type="stmt"/>
          <line num="127" count="3" type="stmt"/>
        </file>
      </package>
    </metrics>
  </project>
</coverage>
