{"/Users/davidessien/Documents/apps/selene-ah-frontend/src/routes.js": {"path":"/Users/davidessien/Documents/apps/selene-ah-frontend/src/routes.js","statementMap":{"0":{"start":{"line":16,"column":15},"end":{"line":99,"column":1}}},"fnMap":{},"branchMap":{},"s":{"0":1},"f":{},"b":{},"_coverageSchema":"332fd63041d2c1bcb487cc26dd0d5f7d97098a6c","hash":"6486203bcc29be10662e44d1e2c0f99559ec4e26"}
,"/Users/davidessien/Documents/apps/selene-ah-frontend/src/store.js": {"path":"/Users/davidessien/Documents/apps/selene-ah-frontend/src/store.js","statementMap":{"0":{"start":{"line":6,"column":19},"end":{"line":6,"column":26}},"1":{"start":{"line":8,"column":14},"end":{"line":13,"column":1}}},"fnMap":{},"branchMap":{},"s":{"0":1,"1":1},"f":{},"b":{},"_coverageSchema":"332fd63041d2c1bcb487cc26dd0d5f7d97098a6c","hash":"6a5fbc89995a3264d3673f4c5c9bedbaf7f2e2d2"}
,"/Users/davidessien/Documents/apps/selene-ah-frontend/src/actions/articleAction/actionTypes.js": {"path":"/Users/davidessien/Documents/apps/selene-ah-frontend/src/actions/articleAction/actionTypes.js","statementMap":{"0":{"start":{"line":1,"column":35},"end":{"line":1,"column":56}},"1":{"start":{"line":2,"column":37},"end":{"line":2,"column":60}},"2":{"start":{"line":3,"column":36},"end":{"line":3,"column":58}},"3":{"start":{"line":5,"column":37},"end":{"line":5,"column":60}},"4":{"start":{"line":6,"column":40},"end":{"line":6,"column":66}},"5":{"start":{"line":8,"column":31},"end":{"line":8,"column":48}}},"fnMap":{},"branchMap":{},"s":{"0":5,"1":5,"2":5,"3":5,"4":5,"5":5},"f":{},"b":{},"_coverageSchema":"332fd63041d2c1bcb487cc26dd0d5f7d97098a6c","hash":"f78c8d62c276c654552a61dbc598fce97cad8df1"}
,"/Users/davidessien/Documents/apps/selene-ah-frontend/src/actions/articleAction/articleView.js": {"path":"/Users/davidessien/Documents/apps/selene-ah-frontend/src/actions/articleAction/articleView.js","statementMap":{"0":{"start":{"line":4,"column":26},"end":{"line":6,"column":2}},"1":{"start":{"line":4,"column":33},"end":{"line":6,"column":1}},"2":{"start":{"line":8,"column":28},"end":{"line":11,"column":2}},"3":{"start":{"line":8,"column":40},"end":{"line":11,"column":1}},"4":{"start":{"line":13,"column":27},"end":{"line":16,"column":2}},"5":{"start":{"line":13,"column":39},"end":{"line":16,"column":1}},"6":{"start":{"line":18,"column":28},"end":{"line":20,"column":2}},"7":{"start":{"line":18,"column":35},"end":{"line":20,"column":1}},"8":{"start":{"line":22,"column":31},"end":{"line":25,"column":2}},"9":{"start":{"line":22,"column":43},"end":{"line":25,"column":1}},"10":{"start":{"line":27,"column":30},"end":{"line":29,"column":2}},"11":{"start":{"line":27,"column":37},"end":{"line":29,"column":1}},"12":{"start":{"line":37,"column":21},"end":{"line":47,"column":1}},"13":{"start":{"line":37,"column":40},"end":{"line":47,"column":1}},"14":{"start":{"line":38,"column":2},"end":{"line":38,"column":32}},"15":{"start":{"line":39,"column":2},"end":{"line":46,"column":7}},"16":{"start":{"line":41,"column":6},"end":{"line":41,"column":46}},"17":{"start":{"line":44,"column":6},"end":{"line":44,"column":27}},"18":{"start":{"line":45,"column":6},"end":{"line":45,"column":40}},"19":{"start":{"line":53,"column":23},"end":{"line":66,"column":1}},"20":{"start":{"line":53,"column":29},"end":{"line":66,"column":1}},"21":{"start":{"line":54,"column":16},"end":{"line":54,"column":45}},"22":{"start":{"line":55,"column":2},"end":{"line":55,"column":34}},"23":{"start":{"line":56,"column":2},"end":{"line":65,"column":3}},"24":{"start":{"line":57,"column":16},"end":{"line":61,"column":6}},"25":{"start":{"line":62,"column":4},"end":{"line":62,"column":47}},"26":{"start":{"line":64,"column":4},"end":{"line":64,"column":64}}},"fnMap":{"0":{"name":"(anonymous_0)","decl":{"start":{"line":4,"column":26},"end":{"line":4,"column":27}},"loc":{"start":{"line":4,"column":33},"end":{"line":6,"column":1}},"line":4},"1":{"name":"(anonymous_1)","decl":{"start":{"line":8,"column":28},"end":{"line":8,"column":29}},"loc":{"start":{"line":8,"column":40},"end":{"line":11,"column":1}},"line":8},"2":{"name":"(anonymous_2)","decl":{"start":{"line":13,"column":27},"end":{"line":13,"column":28}},"loc":{"start":{"line":13,"column":39},"end":{"line":16,"column":1}},"line":13},"3":{"name":"(anonymous_3)","decl":{"start":{"line":18,"column":28},"end":{"line":18,"column":29}},"loc":{"start":{"line":18,"column":35},"end":{"line":20,"column":1}},"line":18},"4":{"name":"(anonymous_4)","decl":{"start":{"line":22,"column":31},"end":{"line":22,"column":32}},"loc":{"start":{"line":22,"column":43},"end":{"line":25,"column":1}},"line":22},"5":{"name":"(anonymous_5)","decl":{"start":{"line":27,"column":30},"end":{"line":27,"column":31}},"loc":{"start":{"line":27,"column":37},"end":{"line":29,"column":1}},"line":27},"6":{"name":"(anonymous_6)","decl":{"start":{"line":37,"column":21},"end":{"line":37,"column":22}},"loc":{"start":{"line":37,"column":40},"end":{"line":47,"column":1}},"line":37},"7":{"name":"(anonymous_7)","decl":{"start":{"line":37,"column":40},"end":{"line":37,"column":41}},"loc":{"start":{"line":37,"column":54},"end":{"line":47,"column":1}},"line":37},"8":{"name":"(anonymous_8)","decl":{"start":{"line":40,"column":10},"end":{"line":40,"column":11}},"loc":{"start":{"line":40,"column":19},"end":{"line":42,"column":5}},"line":40},"9":{"name":"(anonymous_9)","decl":{"start":{"line":43,"column":11},"end":{"line":43,"column":12}},"loc":{"start":{"line":43,"column":20},"end":{"line":46,"column":5}},"line":43},"10":{"name":"(anonymous_10)","decl":{"start":{"line":53,"column":23},"end":{"line":53,"column":24}},"loc":{"start":{"line":53,"column":29},"end":{"line":66,"column":1}},"line":53},"11":{"name":"(anonymous_11)","decl":{"start":{"line":53,"column":29},"end":{"line":53,"column":30}},"loc":{"start":{"line":53,"column":49},"end":{"line":66,"column":1}},"line":53}},"branchMap":{},"s":{"0":4,"1":4,"2":4,"3":3,"4":4,"5":2,"6":4,"7":4,"8":4,"9":4,"10":4,"11":1,"12":4,"13":3,"14":3,"15":3,"16":2,"17":1,"18":1,"19":4,"20":3,"21":3,"22":3,"23":3,"24":3,"25":2,"26":1},"f":{"0":4,"1":3,"2":2,"3":4,"4":4,"5":1,"6":3,"7":3,"8":2,"9":1,"10":3,"11":3},"b":{},"_coverageSchema":"332fd63041d2c1bcb487cc26dd0d5f7d97098a6c","hash":"4b280bca2dffb5ff097383f9a96301bd70a8d6c8"}
,"/Users/davidessien/Documents/apps/selene-ah-frontend/src/actions/articles/actionTypes.js": {"path":"/Users/davidessien/Documents/apps/selene-ah-frontend/src/actions/articles/actionTypes.js","statementMap":{"0":{"start":{"line":1,"column":30},"end":{"line":1,"column":46}},"1":{"start":{"line":2,"column":38},"end":{"line":2,"column":62}},"2":{"start":{"line":3,"column":38},"end":{"line":3,"column":62}},"3":{"start":{"line":5,"column":28},"end":{"line":5,"column":42}},"4":{"start":{"line":6,"column":36},"end":{"line":6,"column":58}},"5":{"start":{"line":7,"column":36},"end":{"line":7,"column":58}},"6":{"start":{"line":9,"column":30},"end":{"line":9,"column":46}},"7":{"start":{"line":10,"column":38},"end":{"line":10,"column":62}},"8":{"start":{"line":11,"column":38},"end":{"line":11,"column":62}},"9":{"start":{"line":13,"column":28},"end":{"line":13,"column":42}},"10":{"start":{"line":14,"column":36},"end":{"line":14,"column":58}},"11":{"start":{"line":15,"column":36},"end":{"line":15,"column":58}}},"fnMap":{},"branchMap":{},"s":{"0":8,"1":8,"2":8,"3":8,"4":8,"5":8,"6":8,"7":8,"8":8,"9":8,"10":8,"11":8},"f":{},"b":{},"_coverageSchema":"332fd63041d2c1bcb487cc26dd0d5f7d97098a6c","hash":"7b809227a2e71b432c63cf9024e572c598f47052"}
,"/Users/davidessien/Documents/apps/selene-ah-frontend/src/actions/articles/articleActions.js": {"path":"/Users/davidessien/Documents/apps/selene-ah-frontend/src/actions/articles/articleActions.js","statementMap":{"0":{"start":{"line":12,"column":29},"end":{"line":12,"column":61}},"1":{"start":{"line":12,"column":36},"end":{"line":12,"column":60}},"2":{"start":{"line":14,"column":36},"end":{"line":17,"column":2}},"3":{"start":{"line":14,"column":48},"end":{"line":17,"column":1}},"4":{"start":{"line":19,"column":36},"end":{"line":22,"column":2}},"5":{"start":{"line":19,"column":48},"end":{"line":22,"column":1}},"6":{"start":{"line":24,"column":29},"end":{"line":24,"column":61}},"7":{"start":{"line":24,"column":36},"end":{"line":24,"column":60}},"8":{"start":{"line":26,"column":36},"end":{"line":29,"column":2}},"9":{"start":{"line":26,"column":48},"end":{"line":29,"column":1}},"10":{"start":{"line":31,"column":36},"end":{"line":34,"column":2}},"11":{"start":{"line":31,"column":48},"end":{"line":34,"column":1}},"12":{"start":{"line":36,"column":27},"end":{"line":51,"column":1}},"13":{"start":{"line":36,"column":44},"end":{"line":51,"column":1}},"14":{"start":{"line":37,"column":2},"end":{"line":37,"column":28}},"15":{"start":{"line":38,"column":16},"end":{"line":38,"column":45}},"16":{"start":{"line":39,"column":2},"end":{"line":50,"column":3}},"17":{"start":{"line":40,"column":21},"end":{"line":46,"column":6}},"18":{"start":{"line":47,"column":4},"end":{"line":47,"column":45}},"19":{"start":{"line":49,"column":4},"end":{"line":49,"column":42}},"20":{"start":{"line":53,"column":34},"end":{"line":70,"column":1}},"21":{"start":{"line":53,"column":51},"end":{"line":70,"column":1}},"22":{"start":{"line":54,"column":2},"end":{"line":54,"column":28}},"23":{"start":{"line":55,"column":16},"end":{"line":55,"column":45}},"24":{"start":{"line":56,"column":2},"end":{"line":69,"column":3}},"25":{"start":{"line":57,"column":21},"end":{"line":65,"column":5}},"26":{"start":{"line":66,"column":4},"end":{"line":66,"column":45}},"27":{"start":{"line":68,"column":4},"end":{"line":68,"column":42}}},"fnMap":{"0":{"name":"(anonymous_0)","decl":{"start":{"line":12,"column":29},"end":{"line":12,"column":30}},"loc":{"start":{"line":12,"column":36},"end":{"line":12,"column":60}},"line":12},"1":{"name":"(anonymous_1)","decl":{"start":{"line":14,"column":36},"end":{"line":14,"column":37}},"loc":{"start":{"line":14,"column":48},"end":{"line":17,"column":1}},"line":14},"2":{"name":"(anonymous_2)","decl":{"start":{"line":19,"column":36},"end":{"line":19,"column":37}},"loc":{"start":{"line":19,"column":48},"end":{"line":22,"column":1}},"line":19},"3":{"name":"(anonymous_3)","decl":{"start":{"line":24,"column":29},"end":{"line":24,"column":30}},"loc":{"start":{"line":24,"column":36},"end":{"line":24,"column":60}},"line":24},"4":{"name":"(anonymous_4)","decl":{"start":{"line":26,"column":36},"end":{"line":26,"column":37}},"loc":{"start":{"line":26,"column":48},"end":{"line":29,"column":1}},"line":26},"5":{"name":"(anonymous_5)","decl":{"start":{"line":31,"column":36},"end":{"line":31,"column":37}},"loc":{"start":{"line":31,"column":48},"end":{"line":34,"column":1}},"line":31},"6":{"name":"(anonymous_6)","decl":{"start":{"line":36,"column":27},"end":{"line":36,"column":28}},"loc":{"start":{"line":36,"column":44},"end":{"line":51,"column":1}},"line":36},"7":{"name":"(anonymous_7)","decl":{"start":{"line":36,"column":44},"end":{"line":36,"column":45}},"loc":{"start":{"line":36,"column":64},"end":{"line":51,"column":1}},"line":36},"8":{"name":"(anonymous_8)","decl":{"start":{"line":53,"column":34},"end":{"line":53,"column":35}},"loc":{"start":{"line":53,"column":51},"end":{"line":70,"column":1}},"line":53},"9":{"name":"(anonymous_9)","decl":{"start":{"line":53,"column":51},"end":{"line":53,"column":52}},"loc":{"start":{"line":53,"column":71},"end":{"line":70,"column":1}},"line":53}},"branchMap":{},"s":{"0":3,"1":3,"2":3,"3":2,"4":3,"5":2,"6":3,"7":3,"8":3,"9":2,"10":3,"11":2,"12":3,"13":2,"14":2,"15":2,"16":2,"17":2,"18":1,"19":1,"20":3,"21":2,"22":2,"23":2,"24":2,"25":2,"26":1,"27":1},"f":{"0":3,"1":2,"2":2,"3":3,"4":2,"5":2,"6":2,"7":2,"8":2,"9":2},"b":{},"_coverageSchema":"332fd63041d2c1bcb487cc26dd0d5f7d97098a6c","hash":"bffef8115c5621eddbe9a52dca886d03d4063234"}
,"/Users/davidessien/Documents/apps/selene-ah-frontend/src/actions/articles/categoryActions.js": {"path":"/Users/davidessien/Documents/apps/selene-ah-frontend/src/actions/articles/categoryActions.js","statementMap":{"0":{"start":{"line":9,"column":27},"end":{"line":11,"column":2}},"1":{"start":{"line":9,"column":34},"end":{"line":11,"column":1}},"2":{"start":{"line":13,"column":34},"end":{"line":16,"column":2}},"3":{"start":{"line":13,"column":46},"end":{"line":16,"column":1}},"4":{"start":{"line":18,"column":34},"end":{"line":21,"column":2}},"5":{"start":{"line":18,"column":46},"end":{"line":21,"column":1}},"6":{"start":{"line":23,"column":24},"end":{"line":31,"column":1}},"7":{"start":{"line":23,"column":30},"end":{"line":31,"column":1}},"8":{"start":{"line":24,"column":2},"end":{"line":24,"column":26}},"9":{"start":{"line":25,"column":2},"end":{"line":30,"column":3}},"10":{"start":{"line":26,"column":21},"end":{"line":26,"column":76}},"11":{"start":{"line":27,"column":4},"end":{"line":27,"column":55}},"12":{"start":{"line":29,"column":4},"end":{"line":29,"column":55}}},"fnMap":{"0":{"name":"(anonymous_0)","decl":{"start":{"line":9,"column":27},"end":{"line":9,"column":28}},"loc":{"start":{"line":9,"column":34},"end":{"line":11,"column":1}},"line":9},"1":{"name":"(anonymous_1)","decl":{"start":{"line":13,"column":34},"end":{"line":13,"column":35}},"loc":{"start":{"line":13,"column":46},"end":{"line":16,"column":1}},"line":13},"2":{"name":"(anonymous_2)","decl":{"start":{"line":18,"column":34},"end":{"line":18,"column":35}},"loc":{"start":{"line":18,"column":46},"end":{"line":21,"column":1}},"line":18},"3":{"name":"(anonymous_3)","decl":{"start":{"line":23,"column":24},"end":{"line":23,"column":25}},"loc":{"start":{"line":23,"column":30},"end":{"line":31,"column":1}},"line":23},"4":{"name":"(anonymous_4)","decl":{"start":{"line":23,"column":30},"end":{"line":23,"column":31}},"loc":{"start":{"line":23,"column":50},"end":{"line":31,"column":1}},"line":23}},"branchMap":{},"s":{"0":3,"1":3,"2":3,"3":2,"4":3,"5":2,"6":3,"7":2,"8":2,"9":2,"10":2,"11":1,"12":1},"f":{"0":3,"1":2,"2":2,"3":2,"4":2},"b":{},"_coverageSchema":"332fd63041d2c1bcb487cc26dd0d5f7d97098a6c","hash":"63f41d57b76bcef84cf2da2468639453f731f114"}
,"/Users/davidessien/Documents/apps/selene-ah-frontend/src/actions/articles/imageUploadActions.js": {"path":"/Users/davidessien/Documents/apps/selene-ah-frontend/src/actions/articles/imageUploadActions.js","statementMap":{"0":{"start":{"line":9,"column":27},"end":{"line":11,"column":2}},"1":{"start":{"line":9,"column":34},"end":{"line":11,"column":1}},"2":{"start":{"line":13,"column":34},"end":{"line":16,"column":2}},"3":{"start":{"line":13,"column":46},"end":{"line":16,"column":1}},"4":{"start":{"line":18,"column":34},"end":{"line":21,"column":2}},"5":{"start":{"line":18,"column":46},"end":{"line":21,"column":1}},"6":{"start":{"line":23,"column":26},"end":{"line":36,"column":1}},"7":{"start":{"line":23,"column":35},"end":{"line":36,"column":1}},"8":{"start":{"line":24,"column":2},"end":{"line":24,"column":26}},"9":{"start":{"line":25,"column":2},"end":{"line":35,"column":3}},"10":{"start":{"line":26,"column":21},"end":{"line":31,"column":8}},"11":{"start":{"line":32,"column":4},"end":{"line":32,"column":55}},"12":{"start":{"line":34,"column":4},"end":{"line":34,"column":47}}},"fnMap":{"0":{"name":"(anonymous_0)","decl":{"start":{"line":9,"column":27},"end":{"line":9,"column":28}},"loc":{"start":{"line":9,"column":34},"end":{"line":11,"column":1}},"line":9},"1":{"name":"(anonymous_1)","decl":{"start":{"line":13,"column":34},"end":{"line":13,"column":35}},"loc":{"start":{"line":13,"column":46},"end":{"line":16,"column":1}},"line":13},"2":{"name":"(anonymous_2)","decl":{"start":{"line":18,"column":34},"end":{"line":18,"column":35}},"loc":{"start":{"line":18,"column":46},"end":{"line":21,"column":1}},"line":18},"3":{"name":"(anonymous_3)","decl":{"start":{"line":23,"column":26},"end":{"line":23,"column":27}},"loc":{"start":{"line":23,"column":35},"end":{"line":36,"column":1}},"line":23},"4":{"name":"(anonymous_4)","decl":{"start":{"line":23,"column":35},"end":{"line":23,"column":36}},"loc":{"start":{"line":23,"column":55},"end":{"line":36,"column":1}},"line":23}},"branchMap":{},"s":{"0":3,"1":3,"2":3,"3":2,"4":3,"5":2,"6":3,"7":2,"8":2,"9":2,"10":2,"11":1,"12":1},"f":{"0":3,"1":2,"2":2,"3":2,"4":2},"b":{},"_coverageSchema":"332fd63041d2c1bcb487cc26dd0d5f7d97098a6c","hash":"690b895b4ad096c0a0de82f37882f155dad272a9"}
,"/Users/davidessien/Documents/apps/selene-ah-frontend/src/actions/articles/index.js": {"path":"/Users/davidessien/Documents/apps/selene-ah-frontend/src/actions/articles/index.js","statementMap":{},"fnMap":{},"branchMap":{},"s":{},"f":{},"b":{},"_coverageSchema":"332fd63041d2c1bcb487cc26dd0d5f7d97098a6c","hash":"f173a9a02ed440a33ea0235bddfae19edd1ab341"}
,"/Users/davidessien/Documents/apps/selene-ah-frontend/src/actions/authAction/actionTypes.js": {"path":"/Users/davidessien/Documents/apps/selene-ah-frontend/src/actions/authAction/actionTypes.js","statementMap":{"0":{"start":{"line":2,"column":29},"end":{"line":2,"column":44}},"1":{"start":{"line":3,"column":31},"end":{"line":3,"column":48}},"2":{"start":{"line":4,"column":31},"end":{"line":4,"column":48}},"3":{"start":{"line":7,"column":27},"end":{"line":7,"column":40}},"4":{"start":{"line":8,"column":29},"end":{"line":8,"column":44}},"5":{"start":{"line":9,"column":28},"end":{"line":9,"column":42}},"6":{"start":{"line":12,"column":35},"end":{"line":12,"column":56}},"7":{"start":{"line":13,"column":37},"end":{"line":13,"column":60}},"8":{"start":{"line":14,"column":36},"end":{"line":14,"column":58}},"9":{"start":{"line":15,"column":32},"end":{"line":15,"column":50}},"10":{"start":{"line":16,"column":34},"end":{"line":16,"column":54}},"11":{"start":{"line":17,"column":33},"end":{"line":17,"column":52}},"12":{"start":{"line":20,"column":36},"end":{"line":20,"column":58}},"13":{"start":{"line":21,"column":37},"end":{"line":21,"column":60}},"14":{"start":{"line":22,"column":38},"end":{"line":22,"column":62}},"15":{"start":{"line":25,"column":37},"end":{"line":25,"column":60}},"16":{"start":{"line":26,"column":39},"end":{"line":26,"column":64}},"17":{"start":{"line":27,"column":38},"end":{"line":27,"column":62}},"18":{"start":{"line":30,"column":36},"end":{"line":30,"column":58}},"19":{"start":{"line":31,"column":37},"end":{"line":31,"column":60}},"20":{"start":{"line":32,"column":38},"end":{"line":32,"column":62}}},"fnMap":{},"branchMap":{},"s":{"0":19,"1":19,"2":19,"3":19,"4":19,"5":19,"6":19,"7":19,"8":19,"9":19,"10":19,"11":19,"12":19,"13":19,"14":19,"15":19,"16":19,"17":19,"18":19,"19":19,"20":19},"f":{},"b":{},"_coverageSchema":"332fd63041d2c1bcb487cc26dd0d5f7d97098a6c","hash":"3dd7e3fc0d076cfd6bf28558502fb98b8d05e82f"}
,"/Users/davidessien/Documents/apps/selene-ah-frontend/src/actions/authAction/login.js": {"path":"/Users/davidessien/Documents/apps/selene-ah-frontend/src/actions/authAction/login.js","statementMap":{"0":{"start":{"line":4,"column":19},"end":{"line":6,"column":2}},"1":{"start":{"line":4,"column":26},"end":{"line":6,"column":1}},"2":{"start":{"line":8,"column":21},"end":{"line":11,"column":2}},"3":{"start":{"line":8,"column":33},"end":{"line":11,"column":1}},"4":{"start":{"line":13,"column":20},"end":{"line":16,"column":2}},"5":{"start":{"line":13,"column":32},"end":{"line":16,"column":1}},"6":{"start":{"line":18,"column":24},"end":{"line":26,"column":1}},"7":{"start":{"line":18,"column":36},"end":{"line":26,"column":1}},"8":{"start":{"line":19,"column":2},"end":{"line":19,"column":25}},"9":{"start":{"line":20,"column":2},"end":{"line":25,"column":53}},"10":{"start":{"line":22,"column":6},"end":{"line":22,"column":52}},"11":{"start":{"line":23,"column":6},"end":{"line":23,"column":39}},"12":{"start":{"line":25,"column":22},"end":{"line":25,"column":49}}},"fnMap":{"0":{"name":"(anonymous_0)","decl":{"start":{"line":4,"column":19},"end":{"line":4,"column":20}},"loc":{"start":{"line":4,"column":26},"end":{"line":6,"column":1}},"line":4},"1":{"name":"(anonymous_1)","decl":{"start":{"line":8,"column":21},"end":{"line":8,"column":22}},"loc":{"start":{"line":8,"column":33},"end":{"line":11,"column":1}},"line":8},"2":{"name":"(anonymous_2)","decl":{"start":{"line":13,"column":20},"end":{"line":13,"column":21}},"loc":{"start":{"line":13,"column":32},"end":{"line":16,"column":1}},"line":13},"3":{"name":"(anonymous_3)","decl":{"start":{"line":18,"column":24},"end":{"line":18,"column":25}},"loc":{"start":{"line":18,"column":36},"end":{"line":26,"column":1}},"line":18},"4":{"name":"(anonymous_4)","decl":{"start":{"line":18,"column":36},"end":{"line":18,"column":37}},"loc":{"start":{"line":18,"column":50},"end":{"line":26,"column":1}},"line":18},"5":{"name":"(anonymous_5)","decl":{"start":{"line":21,"column":10},"end":{"line":21,"column":11}},"loc":{"start":{"line":21,"column":19},"end":{"line":24,"column":5}},"line":21},"6":{"name":"(anonymous_6)","decl":{"start":{"line":25,"column":11},"end":{"line":25,"column":12}},"loc":{"start":{"line":25,"column":20},"end":{"line":25,"column":51}},"line":25}},"branchMap":{},"s":{"0":3,"1":4,"2":3,"3":2,"4":3,"5":3,"6":3,"7":3,"8":3,"9":3,"10":2,"11":1,"12":2},"f":{"0":4,"1":2,"2":3,"3":3,"4":3,"5":2,"6":2},"b":{},"_coverageSchema":"332fd63041d2c1bcb487cc26dd0d5f7d97098a6c","hash":"b25a452d0b48450e082ba18272d967cf9e2aa3f8"}
,"/Users/davidessien/Documents/apps/selene-ah-frontend/src/actions/authAction/resetPassword.js": {"path":"/Users/davidessien/Documents/apps/selene-ah-frontend/src/actions/authAction/resetPassword.js","statementMap":{"0":{"start":{"line":5,"column":27},"end":{"line":7,"column":2}},"1":{"start":{"line":5,"column":34},"end":{"line":7,"column":1}},"2":{"start":{"line":9,"column":29},"end":{"line":12,"column":2}},"3":{"start":{"line":9,"column":41},"end":{"line":12,"column":1}},"4":{"start":{"line":14,"column":28},"end":{"line":17,"column":2}},"5":{"start":{"line":14,"column":40},"end":{"line":17,"column":1}},"6":{"start":{"line":20,"column":22},"end":{"line":31,"column":1}},"7":{"start":{"line":20,"column":31},"end":{"line":31,"column":1}},"8":{"start":{"line":21,"column":15},"end":{"line":23,"column":3}},"9":{"start":{"line":24,"column":2},"end":{"line":24,"column":33}},"10":{"start":{"line":25,"column":2},"end":{"line":30,"column":5}},"11":{"start":{"line":27,"column":4},"end":{"line":27,"column":58}},"12":{"start":{"line":29,"column":4},"end":{"line":29,"column":61}}},"fnMap":{"0":{"name":"(anonymous_0)","decl":{"start":{"line":5,"column":27},"end":{"line":5,"column":28}},"loc":{"start":{"line":5,"column":34},"end":{"line":7,"column":1}},"line":5},"1":{"name":"(anonymous_1)","decl":{"start":{"line":9,"column":29},"end":{"line":9,"column":30}},"loc":{"start":{"line":9,"column":41},"end":{"line":12,"column":1}},"line":9},"2":{"name":"(anonymous_2)","decl":{"start":{"line":14,"column":28},"end":{"line":14,"column":29}},"loc":{"start":{"line":14,"column":40},"end":{"line":17,"column":1}},"line":14},"3":{"name":"(anonymous_3)","decl":{"start":{"line":20,"column":22},"end":{"line":20,"column":23}},"loc":{"start":{"line":20,"column":31},"end":{"line":31,"column":1}},"line":20},"4":{"name":"(anonymous_4)","decl":{"start":{"line":20,"column":31},"end":{"line":20,"column":32}},"loc":{"start":{"line":20,"column":45},"end":{"line":31,"column":1}},"line":20},"5":{"name":"(anonymous_5)","decl":{"start":{"line":26,"column":15},"end":{"line":26,"column":16}},"loc":{"start":{"line":26,"column":29},"end":{"line":28,"column":3}},"line":26},"6":{"name":"(anonymous_6)","decl":{"start":{"line":28,"column":11},"end":{"line":28,"column":12}},"loc":{"start":{"line":28,"column":20},"end":{"line":30,"column":3}},"line":28}},"branchMap":{},"s":{"0":3,"1":4,"2":3,"3":3,"4":3,"5":2,"6":3,"7":3,"8":3,"9":3,"10":3,"11":2,"12":1},"f":{"0":4,"1":3,"2":2,"3":3,"4":3,"5":2,"6":1},"b":{},"_coverageSchema":"332fd63041d2c1bcb487cc26dd0d5f7d97098a6c","hash":"77af44b203c5b6cde634720d02b08a375e9eb241"}
,"/Users/davidessien/Documents/apps/selene-ah-frontend/src/actions/authAction/signup.js": {"path":"/Users/davidessien/Documents/apps/selene-ah-frontend/src/actions/authAction/signup.js","statementMap":{"0":{"start":{"line":8,"column":27},"end":{"line":10,"column":2}},"1":{"start":{"line":8,"column":34},"end":{"line":10,"column":1}},"2":{"start":{"line":17,"column":29},"end":{"line":20,"column":2}},"3":{"start":{"line":17,"column":41},"end":{"line":20,"column":1}},"4":{"start":{"line":27,"column":29},"end":{"line":30,"column":2}},"5":{"start":{"line":27,"column":41},"end":{"line":30,"column":1}},"6":{"start":{"line":38,"column":26},"end":{"line":49,"column":1}},"7":{"start":{"line":38,"column":45},"end":{"line":49,"column":1}},"8":{"start":{"line":39,"column":2},"end":{"line":39,"column":26}},"9":{"start":{"line":40,"column":2},"end":{"line":48,"column":3}},"10":{"start":{"line":41,"column":16},"end":{"line":42,"column":18}},"11":{"start":{"line":43,"column":4},"end":{"line":43,"column":50}},"12":{"start":{"line":44,"column":4},"end":{"line":44,"column":38}},"13":{"start":{"line":45,"column":4},"end":{"line":45,"column":40}},"14":{"start":{"line":47,"column":4},"end":{"line":47,"column":33}}},"fnMap":{"0":{"name":"(anonymous_0)","decl":{"start":{"line":8,"column":27},"end":{"line":8,"column":28}},"loc":{"start":{"line":8,"column":34},"end":{"line":10,"column":1}},"line":8},"1":{"name":"(anonymous_1)","decl":{"start":{"line":17,"column":29},"end":{"line":17,"column":30}},"loc":{"start":{"line":17,"column":41},"end":{"line":20,"column":1}},"line":17},"2":{"name":"(anonymous_2)","decl":{"start":{"line":27,"column":29},"end":{"line":27,"column":30}},"loc":{"start":{"line":27,"column":41},"end":{"line":30,"column":1}},"line":27},"3":{"name":"(anonymous_3)","decl":{"start":{"line":38,"column":26},"end":{"line":38,"column":27}},"loc":{"start":{"line":38,"column":45},"end":{"line":49,"column":1}},"line":38},"4":{"name":"(anonymous_4)","decl":{"start":{"line":38,"column":45},"end":{"line":38,"column":46}},"loc":{"start":{"line":38,"column":65},"end":{"line":49,"column":1}},"line":38}},"branchMap":{},"s":{"0":3,"1":4,"2":3,"3":4,"4":3,"5":2,"6":3,"7":3,"8":3,"9":3,"10":3,"11":3,"12":3,"13":3,"14":1},"f":{"0":4,"1":4,"2":2,"3":3,"4":3},"b":{},"_coverageSchema":"332fd63041d2c1bcb487cc26dd0d5f7d97098a6c","hash":"4a2c634cc0d479bf418866e898ac825d55c183de"}
,"/Users/davidessien/Documents/apps/selene-ah-frontend/src/actions/authAction/socialAuth.js": {"path":"/Users/davidessien/Documents/apps/selene-ah-frontend/src/actions/authAction/socialAuth.js","statementMap":{"0":{"start":{"line":5,"column":27},"end":{"line":25,"column":1}},"1":{"start":{"line":6,"column":2},"end":{"line":24,"column":3}},"2":{"start":{"line":8,"column":6},"end":{"line":11,"column":9}},"3":{"start":{"line":13,"column":6},"end":{"line":16,"column":9}},"4":{"start":{"line":19,"column":6},"end":{"line":22,"column":9}},"5":{"start":{"line":23,"column":13},"end":{"line":23,"column":25}},"6":{"start":{"line":27,"column":28},"end":{"line":38,"column":1}},"7":{"start":{"line":28,"column":2},"end":{"line":37,"column":3}},"8":{"start":{"line":30,"column":6},"end":{"line":30,"column":42}},"9":{"start":{"line":32,"column":6},"end":{"line":32,"column":44}},"10":{"start":{"line":34,"column":6},"end":{"line":34,"column":43}},"11":{"start":{"line":36,"column":6},"end":{"line":36,"column":18}},"12":{"start":{"line":40,"column":24},"end":{"line":43,"column":2}},"13":{"start":{"line":40,"column":46},"end":{"line":43,"column":1}},"14":{"start":{"line":47,"column":19},"end":{"line":64,"column":1}},"15":{"start":{"line":47,"column":55},"end":{"line":64,"column":1}},"16":{"start":{"line":48,"column":14},"end":{"line":48,"column":40}},"17":{"start":{"line":49,"column":2},"end":{"line":63,"column":3}},"18":{"start":{"line":50,"column":21},"end":{"line":50,"column":41}},"19":{"start":{"line":51,"column":4},"end":{"line":55,"column":5}},"20":{"start":{"line":52,"column":22},"end":{"line":52,"column":27}},"21":{"start":{"line":53,"column":6},"end":{"line":53,"column":57}},"22":{"start":{"line":54,"column":6},"end":{"line":54,"column":54}},"23":{"start":{"line":56,"column":4},"end":{"line":60,"column":5}},"24":{"start":{"line":57,"column":22},"end":{"line":57,"column":26}},"25":{"start":{"line":58,"column":6},"end":{"line":58,"column":57}},"26":{"start":{"line":59,"column":6},"end":{"line":59,"column":54}},"27":{"start":{"line":62,"column":4},"end":{"line":62,"column":40}}},"fnMap":{"0":{"name":"(anonymous_0)","decl":{"start":{"line":5,"column":27},"end":{"line":5,"column":28}},"loc":{"start":{"line":5,"column":50},"end":{"line":25,"column":1}},"line":5},"1":{"name":"(anonymous_1)","decl":{"start":{"line":27,"column":28},"end":{"line":27,"column":29}},"loc":{"start":{"line":27,"column":42},"end":{"line":38,"column":1}},"line":27},"2":{"name":"(anonymous_2)","decl":{"start":{"line":40,"column":24},"end":{"line":40,"column":25}},"loc":{"start":{"line":40,"column":46},"end":{"line":43,"column":1}},"line":40},"3":{"name":"(anonymous_3)","decl":{"start":{"line":47,"column":19},"end":{"line":47,"column":20}},"loc":{"start":{"line":47,"column":55},"end":{"line":64,"column":1}},"line":47},"4":{"name":"(anonymous_4)","decl":{"start":{"line":47,"column":55},"end":{"line":47,"column":56}},"loc":{"start":{"line":47,"column":75},"end":{"line":64,"column":1}},"line":47}},"branchMap":{"0":{"loc":{"start":{"line":6,"column":2},"end":{"line":24,"column":3}},"type":"switch","locations":[{"start":{"line":7,"column":4},"end":{"line":11,"column":9}},{"start":{"line":12,"column":4},"end":{"line":16,"column":9}},{"start":{"line":18,"column":4},"end":{"line":22,"column":9}},{"start":{"line":23,"column":4},"end":{"line":23,"column":25}}],"line":6},"1":{"loc":{"start":{"line":28,"column":2},"end":{"line":37,"column":3}},"type":"switch","locations":[{"start":{"line":29,"column":4},"end":{"line":30,"column":42}},{"start":{"line":31,"column":4},"end":{"line":32,"column":44}},{"start":{"line":33,"column":4},"end":{"line":34,"column":43}},{"start":{"line":35,"column":4},"end":{"line":36,"column":18}}],"line":28},"2":{"loc":{"start":{"line":51,"column":4},"end":{"line":55,"column":5}},"type":"if","locations":[{"start":{"line":51,"column":4},"end":{"line":55,"column":5}},{"start":{"line":51,"column":4},"end":{"line":55,"column":5}}],"line":51},"3":{"loc":{"start":{"line":56,"column":4},"end":{"line":60,"column":5}},"type":"if","locations":[{"start":{"line":56,"column":4},"end":{"line":60,"column":5}},{"start":{"line":56,"column":4},"end":{"line":60,"column":5}}],"line":56}},"s":{"0":3,"1":9,"2":3,"3":3,"4":2,"5":1,"6":3,"7":5,"8":1,"9":1,"10":1,"11":2,"12":3,"13":5,"14":3,"15":9,"16":9,"17":9,"18":9,"19":6,"20":3,"21":3,"22":3,"23":3,"24":3,"25":3,"26":3,"27":3},"f":{"0":9,"1":5,"2":5,"3":9,"4":9},"b":{"0":[3,3,2,1],"1":[1,1,1,2],"2":[3,3],"3":[3,0]},"_coverageSchema":"332fd63041d2c1bcb487cc26dd0d5f7d97098a6c","hash":"f46344ecce7752eacb120e742c6d12882d1c68bf"}
,"/Users/davidessien/Documents/apps/selene-ah-frontend/src/actions/authAction/updatePassword.js": {"path":"/Users/davidessien/Documents/apps/selene-ah-frontend/src/actions/authAction/updatePassword.js","statementMap":{"0":{"start":{"line":5,"column":28},"end":{"line":7,"column":2}},"1":{"start":{"line":5,"column":35},"end":{"line":7,"column":1}},"2":{"start":{"line":9,"column":30},"end":{"line":12,"column":2}},"3":{"start":{"line":9,"column":42},"end":{"line":12,"column":1}},"4":{"start":{"line":14,"column":29},"end":{"line":17,"column":2}},"5":{"start":{"line":14,"column":41},"end":{"line":17,"column":1}},"6":{"start":{"line":20,"column":23},"end":{"line":34,"column":1}},"7":{"start":{"line":20,"column":48},"end":{"line":34,"column":1}},"8":{"start":{"line":21,"column":15},"end":{"line":23,"column":3}},"9":{"start":{"line":24,"column":18},"end":{"line":26,"column":3}},"10":{"start":{"line":27,"column":2},"end":{"line":27,"column":34}},"11":{"start":{"line":28,"column":2},"end":{"line":33,"column":5}},"12":{"start":{"line":30,"column":4},"end":{"line":30,"column":46}},"13":{"start":{"line":32,"column":4},"end":{"line":32,"column":49}}},"fnMap":{"0":{"name":"(anonymous_0)","decl":{"start":{"line":5,"column":28},"end":{"line":5,"column":29}},"loc":{"start":{"line":5,"column":35},"end":{"line":7,"column":1}},"line":5},"1":{"name":"(anonymous_1)","decl":{"start":{"line":9,"column":30},"end":{"line":9,"column":31}},"loc":{"start":{"line":9,"column":42},"end":{"line":12,"column":1}},"line":9},"2":{"name":"(anonymous_2)","decl":{"start":{"line":14,"column":29},"end":{"line":14,"column":30}},"loc":{"start":{"line":14,"column":41},"end":{"line":17,"column":1}},"line":14},"3":{"name":"(anonymous_3)","decl":{"start":{"line":20,"column":23},"end":{"line":20,"column":24}},"loc":{"start":{"line":20,"column":48},"end":{"line":34,"column":1}},"line":20},"4":{"name":"(anonymous_4)","decl":{"start":{"line":20,"column":48},"end":{"line":20,"column":49}},"loc":{"start":{"line":20,"column":62},"end":{"line":34,"column":1}},"line":20},"5":{"name":"(anonymous_5)","decl":{"start":{"line":29,"column":28},"end":{"line":29,"column":29}},"loc":{"start":{"line":29,"column":42},"end":{"line":31,"column":3}},"line":29},"6":{"name":"(anonymous_6)","decl":{"start":{"line":31,"column":11},"end":{"line":31,"column":12}},"loc":{"start":{"line":31,"column":20},"end":{"line":33,"column":3}},"line":31}},"branchMap":{},"s":{"0":3,"1":4,"2":3,"3":3,"4":3,"5":2,"6":3,"7":3,"8":3,"9":3,"10":3,"11":3,"12":2,"13":1},"f":{"0":4,"1":3,"2":2,"3":3,"4":3,"5":2,"6":1},"b":{},"_coverageSchema":"332fd63041d2c1bcb487cc26dd0d5f7d97098a6c","hash":"8ecda417088e748de81ecf7463476f06ea5c0d8d"}
,"/Users/davidessien/Documents/apps/selene-ah-frontend/src/actions/commentAction/actionTypes.js": {"path":"/Users/davidessien/Documents/apps/selene-ah-frontend/src/actions/commentAction/actionTypes.js","statementMap":{"0":{"start":{"line":2,"column":33},"end":{"line":2,"column":52}},"1":{"start":{"line":3,"column":35},"end":{"line":3,"column":56}},"2":{"start":{"line":4,"column":32},"end":{"line":4,"column":50}},"3":{"start":{"line":7,"column":34},"end":{"line":7,"column":54}},"4":{"start":{"line":8,"column":36},"end":{"line":8,"column":58}},"5":{"start":{"line":9,"column":33},"end":{"line":9,"column":52}}},"fnMap":{},"branchMap":{},"s":{"0":6,"1":6,"2":6,"3":6,"4":6,"5":6},"f":{},"b":{},"_coverageSchema":"332fd63041d2c1bcb487cc26dd0d5f7d97098a6c","hash":"ea8a59364498a841d50eb12136bcb6f44780dc82"}
,"/Users/davidessien/Documents/apps/selene-ah-frontend/src/actions/commentAction/commentView.js": {"path":"/Users/davidessien/Documents/apps/selene-ah-frontend/src/actions/commentAction/commentView.js","statementMap":{"0":{"start":{"line":4,"column":24},"end":{"line":6,"column":2}},"1":{"start":{"line":4,"column":31},"end":{"line":6,"column":1}},"2":{"start":{"line":8,"column":26},"end":{"line":11,"column":2}},"3":{"start":{"line":8,"column":38},"end":{"line":11,"column":1}},"4":{"start":{"line":13,"column":25},"end":{"line":16,"column":2}},"5":{"start":{"line":13,"column":37},"end":{"line":16,"column":1}},"6":{"start":{"line":19,"column":25},"end":{"line":21,"column":2}},"7":{"start":{"line":19,"column":32},"end":{"line":21,"column":1}},"8":{"start":{"line":23,"column":27},"end":{"line":27,"column":2}},"9":{"start":{"line":23,"column":54},"end":{"line":27,"column":1}},"10":{"start":{"line":29,"column":26},"end":{"line":32,"column":2}},"11":{"start":{"line":29,"column":38},"end":{"line":32,"column":1}},"12":{"start":{"line":40,"column":27},"end":{"line":50,"column":1}},"13":{"start":{"line":40,"column":40},"end":{"line":50,"column":1}},"14":{"start":{"line":41,"column":2},"end":{"line":41,"column":30}},"15":{"start":{"line":42,"column":2},"end":{"line":49,"column":3}},"16":{"start":{"line":43,"column":21},"end":{"line":45,"column":5}},"17":{"start":{"line":46,"column":4},"end":{"line":46,"column":56}},"18":{"start":{"line":48,"column":4},"end":{"line":48,"column":58}},"19":{"start":{"line":59,"column":20},"end":{"line":75,"column":1}},"20":{"start":{"line":59,"column":57},"end":{"line":75,"column":1}},"21":{"start":{"line":60,"column":16},"end":{"line":60,"column":45}},"22":{"start":{"line":61,"column":18},"end":{"line":63,"column":3}},"23":{"start":{"line":64,"column":2},"end":{"line":64,"column":31}},"24":{"start":{"line":65,"column":2},"end":{"line":74,"column":3}},"25":{"start":{"line":66,"column":21},"end":{"line":70,"column":5}},"26":{"start":{"line":71,"column":4},"end":{"line":71,"column":69}},"27":{"start":{"line":73,"column":4},"end":{"line":73,"column":59}}},"fnMap":{"0":{"name":"(anonymous_0)","decl":{"start":{"line":4,"column":24},"end":{"line":4,"column":25}},"loc":{"start":{"line":4,"column":31},"end":{"line":6,"column":1}},"line":4},"1":{"name":"(anonymous_1)","decl":{"start":{"line":8,"column":26},"end":{"line":8,"column":27}},"loc":{"start":{"line":8,"column":38},"end":{"line":11,"column":1}},"line":8},"2":{"name":"(anonymous_2)","decl":{"start":{"line":13,"column":25},"end":{"line":13,"column":26}},"loc":{"start":{"line":13,"column":37},"end":{"line":16,"column":1}},"line":13},"3":{"name":"(anonymous_3)","decl":{"start":{"line":19,"column":25},"end":{"line":19,"column":26}},"loc":{"start":{"line":19,"column":32},"end":{"line":21,"column":1}},"line":19},"4":{"name":"(anonymous_4)","decl":{"start":{"line":23,"column":27},"end":{"line":23,"column":28}},"loc":{"start":{"line":23,"column":54},"end":{"line":27,"column":1}},"line":23},"5":{"name":"(anonymous_5)","decl":{"start":{"line":29,"column":26},"end":{"line":29,"column":27}},"loc":{"start":{"line":29,"column":38},"end":{"line":32,"column":1}},"line":29},"6":{"name":"(anonymous_6)","decl":{"start":{"line":40,"column":27},"end":{"line":40,"column":28}},"loc":{"start":{"line":40,"column":40},"end":{"line":50,"column":1}},"line":40},"7":{"name":"(anonymous_7)","decl":{"start":{"line":40,"column":40},"end":{"line":40,"column":41}},"loc":{"start":{"line":40,"column":60},"end":{"line":50,"column":1}},"line":40},"8":{"name":"(anonymous_8)","decl":{"start":{"line":59,"column":20},"end":{"line":59,"column":21}},"loc":{"start":{"line":59,"column":57},"end":{"line":75,"column":1}},"line":59},"9":{"name":"(anonymous_9)","decl":{"start":{"line":59,"column":57},"end":{"line":59,"column":58}},"loc":{"start":{"line":59,"column":77},"end":{"line":75,"column":1}},"line":59}},"branchMap":{},"s":{"0":5,"1":4,"2":5,"3":3,"4":5,"5":3,"6":5,"7":5,"8":5,"9":2,"10":5,"11":1,"12":5,"13":2,"14":2,"15":2,"16":2,"17":1,"18":1,"19":5,"20":3,"21":3,"22":3,"23":3,"24":3,"25":3,"26":2,"27":1},"f":{"0":4,"1":3,"2":3,"3":5,"4":2,"5":1,"6":2,"7":2,"8":3,"9":3},"b":{},"_coverageSchema":"332fd63041d2c1bcb487cc26dd0d5f7d97098a6c","hash":"9f7a939485ec8b4be81d45fba95f32ec8da08a78"}
,"/Users/davidessien/Documents/apps/selene-ah-frontend/src/actions/ratings/actionTypes.js": {"path":"/Users/davidessien/Documents/apps/selene-ah-frontend/src/actions/ratings/actionTypes.js","statementMap":{"0":{"start":{"line":1,"column":42},"end":{"line":1,"column":70}},"1":{"start":{"line":2,"column":44},"end":{"line":2,"column":74}},"2":{"start":{"line":3,"column":43},"end":{"line":3,"column":72}},"3":{"start":{"line":5,"column":34},"end":{"line":5,"column":54}},"4":{"start":{"line":6,"column":36},"end":{"line":6,"column":58}},"5":{"start":{"line":7,"column":35},"end":{"line":7,"column":56}},"6":{"start":{"line":9,"column":39},"end":{"line":9,"column":64}},"7":{"start":{"line":10,"column":41},"end":{"line":10,"column":68}},"8":{"start":{"line":11,"column":40},"end":{"line":11,"column":66}}},"fnMap":{},"branchMap":{},"s":{"0":8,"1":8,"2":8,"3":8,"4":8,"5":8,"6":8,"7":8,"8":8},"f":{},"b":{},"_coverageSchema":"332fd63041d2c1bcb487cc26dd0d5f7d97098a6c","hash":"b1d7801b3011fc4df561db687ff61d1232fb3d8d"}
,"/Users/davidessien/Documents/apps/selene-ah-frontend/src/actions/ratings/averageRatingActionCreators.js": {"path":"/Users/davidessien/Documents/apps/selene-ah-frontend/src/actions/ratings/averageRatingActionCreators.js","statementMap":{"0":{"start":{"line":4,"column":32},"end":{"line":6,"column":2}},"1":{"start":{"line":4,"column":39},"end":{"line":6,"column":1}},"2":{"start":{"line":8,"column":34},"end":{"line":11,"column":2}},"3":{"start":{"line":8,"column":46},"end":{"line":11,"column":1}},"4":{"start":{"line":13,"column":33},"end":{"line":16,"column":2}},"5":{"start":{"line":13,"column":45},"end":{"line":16,"column":1}},"6":{"start":{"line":18,"column":27},"end":{"line":27,"column":1}},"7":{"start":{"line":18,"column":40},"end":{"line":27,"column":1}},"8":{"start":{"line":19,"column":2},"end":{"line":19,"column":38}},"9":{"start":{"line":20,"column":2},"end":{"line":26,"column":3}},"10":{"start":{"line":21,"column":16},"end":{"line":22,"column":68}},"11":{"start":{"line":23,"column":4},"end":{"line":23,"column":50}},"12":{"start":{"line":25,"column":4},"end":{"line":25,"column":44}}},"fnMap":{"0":{"name":"(anonymous_0)","decl":{"start":{"line":4,"column":32},"end":{"line":4,"column":33}},"loc":{"start":{"line":4,"column":39},"end":{"line":6,"column":1}},"line":4},"1":{"name":"(anonymous_1)","decl":{"start":{"line":8,"column":34},"end":{"line":8,"column":35}},"loc":{"start":{"line":8,"column":46},"end":{"line":11,"column":1}},"line":8},"2":{"name":"(anonymous_2)","decl":{"start":{"line":13,"column":33},"end":{"line":13,"column":34}},"loc":{"start":{"line":13,"column":45},"end":{"line":16,"column":1}},"line":13},"3":{"name":"(anonymous_3)","decl":{"start":{"line":18,"column":27},"end":{"line":18,"column":28}},"loc":{"start":{"line":18,"column":40},"end":{"line":27,"column":1}},"line":18},"4":{"name":"(anonymous_4)","decl":{"start":{"line":18,"column":40},"end":{"line":18,"column":41}},"loc":{"start":{"line":18,"column":60},"end":{"line":27,"column":1}},"line":18}},"branchMap":{},"s":{"0":3,"1":3,"2":3,"3":2,"4":3,"5":2,"6":3,"7":2,"8":2,"9":2,"10":2,"11":1,"12":1},"f":{"0":3,"1":2,"2":2,"3":2,"4":2},"b":{},"_coverageSchema":"332fd63041d2c1bcb487cc26dd0d5f7d97098a6c","hash":"f17614f90d6307de9bda13f4f79f3b805e48df20"}
,"/Users/davidessien/Documents/apps/selene-ah-frontend/src/actions/ratings/postRatingActionCreators.js": {"path":"/Users/davidessien/Documents/apps/selene-ah-frontend/src/actions/ratings/postRatingActionCreators.js","statementMap":{"0":{"start":{"line":4,"column":24},"end":{"line":6,"column":2}},"1":{"start":{"line":4,"column":31},"end":{"line":6,"column":1}},"2":{"start":{"line":8,"column":26},"end":{"line":11,"column":2}},"3":{"start":{"line":8,"column":38},"end":{"line":11,"column":1}},"4":{"start":{"line":13,"column":25},"end":{"line":16,"column":2}},"5":{"start":{"line":13,"column":37},"end":{"line":16,"column":1}},"6":{"start":{"line":18,"column":19},"end":{"line":33,"column":1}},"7":{"start":{"line":18,"column":48},"end":{"line":33,"column":1}},"8":{"start":{"line":19,"column":2},"end":{"line":19,"column":30}},"9":{"start":{"line":20,"column":16},"end":{"line":20,"column":45}},"10":{"start":{"line":21,"column":2},"end":{"line":32,"column":3}},"11":{"start":{"line":22,"column":16},"end":{"line":28,"column":10}},"12":{"start":{"line":29,"column":4},"end":{"line":29,"column":42}},"13":{"start":{"line":31,"column":4},"end":{"line":31,"column":36}}},"fnMap":{"0":{"name":"(anonymous_0)","decl":{"start":{"line":4,"column":24},"end":{"line":4,"column":25}},"loc":{"start":{"line":4,"column":31},"end":{"line":6,"column":1}},"line":4},"1":{"name":"(anonymous_1)","decl":{"start":{"line":8,"column":26},"end":{"line":8,"column":27}},"loc":{"start":{"line":8,"column":38},"end":{"line":11,"column":1}},"line":8},"2":{"name":"(anonymous_2)","decl":{"start":{"line":13,"column":25},"end":{"line":13,"column":26}},"loc":{"start":{"line":13,"column":37},"end":{"line":16,"column":1}},"line":13},"3":{"name":"(anonymous_3)","decl":{"start":{"line":18,"column":19},"end":{"line":18,"column":20}},"loc":{"start":{"line":18,"column":48},"end":{"line":33,"column":1}},"line":18},"4":{"name":"(anonymous_4)","decl":{"start":{"line":18,"column":48},"end":{"line":18,"column":49}},"loc":{"start":{"line":18,"column":68},"end":{"line":33,"column":1}},"line":18}},"branchMap":{},"s":{"0":3,"1":3,"2":3,"3":2,"4":3,"5":2,"6":3,"7":2,"8":2,"9":2,"10":2,"11":2,"12":1,"13":1},"f":{"0":3,"1":2,"2":2,"3":2,"4":2},"b":{},"_coverageSchema":"332fd63041d2c1bcb487cc26dd0d5f7d97098a6c","hash":"fa00a9c6ce3597975fb0f85c0a52181be7f2ac56"}
,"/Users/davidessien/Documents/apps/selene-ah-frontend/src/actions/ratings/userRatingActionCreators.js": {"path":"/Users/davidessien/Documents/apps/selene-ah-frontend/src/actions/ratings/userRatingActionCreators.js","statementMap":{"0":{"start":{"line":4,"column":29},"end":{"line":6,"column":2}},"1":{"start":{"line":4,"column":36},"end":{"line":6,"column":1}},"2":{"start":{"line":8,"column":31},"end":{"line":11,"column":2}},"3":{"start":{"line":8,"column":43},"end":{"line":11,"column":1}},"4":{"start":{"line":13,"column":30},"end":{"line":16,"column":2}},"5":{"start":{"line":13,"column":42},"end":{"line":16,"column":1}},"6":{"start":{"line":18,"column":24},"end":{"line":32,"column":1}},"7":{"start":{"line":18,"column":37},"end":{"line":32,"column":1}},"8":{"start":{"line":19,"column":16},"end":{"line":19,"column":45}},"9":{"start":{"line":20,"column":2},"end":{"line":20,"column":35}},"10":{"start":{"line":21,"column":2},"end":{"line":31,"column":3}},"11":{"start":{"line":22,"column":16},"end":{"line":27,"column":8}},"12":{"start":{"line":28,"column":4},"end":{"line":28,"column":47}},"13":{"start":{"line":30,"column":4},"end":{"line":30,"column":41}}},"fnMap":{"0":{"name":"(anonymous_0)","decl":{"start":{"line":4,"column":29},"end":{"line":4,"column":30}},"loc":{"start":{"line":4,"column":36},"end":{"line":6,"column":1}},"line":4},"1":{"name":"(anonymous_1)","decl":{"start":{"line":8,"column":31},"end":{"line":8,"column":32}},"loc":{"start":{"line":8,"column":43},"end":{"line":11,"column":1}},"line":8},"2":{"name":"(anonymous_2)","decl":{"start":{"line":13,"column":30},"end":{"line":13,"column":31}},"loc":{"start":{"line":13,"column":42},"end":{"line":16,"column":1}},"line":13},"3":{"name":"(anonymous_3)","decl":{"start":{"line":18,"column":24},"end":{"line":18,"column":25}},"loc":{"start":{"line":18,"column":37},"end":{"line":32,"column":1}},"line":18},"4":{"name":"(anonymous_4)","decl":{"start":{"line":18,"column":37},"end":{"line":18,"column":38}},"loc":{"start":{"line":18,"column":57},"end":{"line":32,"column":1}},"line":18}},"branchMap":{},"s":{"0":3,"1":3,"2":3,"3":2,"4":3,"5":2,"6":3,"7":2,"8":2,"9":2,"10":2,"11":2,"12":1,"13":1},"f":{"0":3,"1":2,"2":2,"3":2,"4":2},"b":{},"_coverageSchema":"332fd63041d2c1bcb487cc26dd0d5f7d97098a6c","hash":"e461e58048a421979dcd16673d75860644f475c6"}
,"/Users/davidessien/Documents/apps/selene-ah-frontend/src/actions/reactionActions/actionTypes.js": {"path":"/Users/davidessien/Documents/apps/selene-ah-frontend/src/actions/reactionActions/actionTypes.js","statementMap":{"0":{"start":{"line":1,"column":36},"end":{"line":1,"column":58}},"1":{"start":{"line":2,"column":36},"end":{"line":2,"column":58}},"2":{"start":{"line":3,"column":34},"end":{"line":3,"column":54}},"3":{"start":{"line":5,"column":33},"end":{"line":5,"column":52}},"4":{"start":{"line":6,"column":35},"end":{"line":6,"column":56}},"5":{"start":{"line":7,"column":35},"end":{"line":7,"column":56}},"6":{"start":{"line":9,"column":35},"end":{"line":9,"column":56}},"7":{"start":{"line":10,"column":37},"end":{"line":10,"column":60}},"8":{"start":{"line":11,"column":37},"end":{"line":11,"column":60}}},"fnMap":{},"branchMap":{},"s":{"0":9,"1":9,"2":9,"3":9,"4":9,"5":9,"6":9,"7":9,"8":9},"f":{},"b":{},"_coverageSchema":"332fd63041d2c1bcb487cc26dd0d5f7d97098a6c","hash":"655f7e3a33c1855d6e0effc8bea21a515ce13cf0"}
,"/Users/davidessien/Documents/apps/selene-ah-frontend/src/actions/reactionActions/follow.js": {"path":"/Users/davidessien/Documents/apps/selene-ah-frontend/src/actions/reactionActions/follow.js","statementMap":{"0":{"start":{"line":4,"column":31},"end":{"line":6,"column":2}},"1":{"start":{"line":4,"column":38},"end":{"line":6,"column":1}},"2":{"start":{"line":8,"column":33},"end":{"line":11,"column":2}},"3":{"start":{"line":8,"column":45},"end":{"line":11,"column":1}},"4":{"start":{"line":13,"column":33},"end":{"line":17,"column":2}},"5":{"start":{"line":13,"column":46},"end":{"line":17,"column":1}},"6":{"start":{"line":19,"column":33},"end":{"line":21,"column":2}},"7":{"start":{"line":19,"column":40},"end":{"line":21,"column":1}},"8":{"start":{"line":23,"column":35},"end":{"line":26,"column":2}},"9":{"start":{"line":23,"column":47},"end":{"line":26,"column":1}},"10":{"start":{"line":28,"column":35},"end":{"line":31,"column":2}},"11":{"start":{"line":28,"column":47},"end":{"line":31,"column":1}},"12":{"start":{"line":33,"column":26},"end":{"line":47,"column":1}},"13":{"start":{"line":33,"column":55},"end":{"line":47,"column":1}},"14":{"start":{"line":34,"column":16},"end":{"line":34,"column":45}},"15":{"start":{"line":35,"column":2},"end":{"line":46,"column":3}},"16":{"start":{"line":36,"column":4},"end":{"line":36,"column":32}},"17":{"start":{"line":37,"column":16},"end":{"line":42,"column":8}},"18":{"start":{"line":43,"column":4},"end":{"line":43,"column":50}},"19":{"start":{"line":45,"column":4},"end":{"line":45,"column":46}},"20":{"start":{"line":49,"column":28},"end":{"line":65,"column":1}},"21":{"start":{"line":49,"column":49},"end":{"line":65,"column":1}},"22":{"start":{"line":50,"column":16},"end":{"line":50,"column":45}},"23":{"start":{"line":51,"column":2},"end":{"line":64,"column":3}},"24":{"start":{"line":52,"column":4},"end":{"line":52,"column":34}},"25":{"start":{"line":53,"column":16},"end":{"line":60,"column":5}},"26":{"start":{"line":61,"column":4},"end":{"line":61,"column":52}},"27":{"start":{"line":63,"column":4},"end":{"line":63,"column":61}}},"fnMap":{"0":{"name":"(anonymous_0)","decl":{"start":{"line":4,"column":31},"end":{"line":4,"column":32}},"loc":{"start":{"line":4,"column":38},"end":{"line":6,"column":1}},"line":4},"1":{"name":"(anonymous_1)","decl":{"start":{"line":8,"column":33},"end":{"line":8,"column":34}},"loc":{"start":{"line":8,"column":45},"end":{"line":11,"column":1}},"line":8},"2":{"name":"(anonymous_2)","decl":{"start":{"line":13,"column":33},"end":{"line":13,"column":34}},"loc":{"start":{"line":13,"column":46},"end":{"line":17,"column":1}},"line":13},"3":{"name":"(anonymous_3)","decl":{"start":{"line":19,"column":33},"end":{"line":19,"column":34}},"loc":{"start":{"line":19,"column":40},"end":{"line":21,"column":1}},"line":19},"4":{"name":"(anonymous_4)","decl":{"start":{"line":23,"column":35},"end":{"line":23,"column":36}},"loc":{"start":{"line":23,"column":47},"end":{"line":26,"column":1}},"line":23},"5":{"name":"(anonymous_5)","decl":{"start":{"line":28,"column":35},"end":{"line":28,"column":36}},"loc":{"start":{"line":28,"column":47},"end":{"line":31,"column":1}},"line":28},"6":{"name":"(anonymous_6)","decl":{"start":{"line":33,"column":26},"end":{"line":33,"column":27}},"loc":{"start":{"line":33,"column":55},"end":{"line":47,"column":1}},"line":33},"7":{"name":"(anonymous_7)","decl":{"start":{"line":33,"column":55},"end":{"line":33,"column":56}},"loc":{"start":{"line":33,"column":75},"end":{"line":47,"column":1}},"line":33},"8":{"name":"(anonymous_8)","decl":{"start":{"line":49,"column":28},"end":{"line":49,"column":29}},"loc":{"start":{"line":49,"column":49},"end":{"line":65,"column":1}},"line":49},"9":{"name":"(anonymous_9)","decl":{"start":{"line":49,"column":49},"end":{"line":49,"column":50}},"loc":{"start":{"line":49,"column":69},"end":{"line":65,"column":1}},"line":49}},"branchMap":{},"s":{"0":5,"1":3,"2":5,"3":2,"4":5,"5":2,"6":5,"7":3,"8":5,"9":2,"10":5,"11":2,"12":5,"13":2,"14":2,"15":2,"16":2,"17":2,"18":1,"19":1,"20":5,"21":2,"22":2,"23":2,"24":2,"25":2,"26":1,"27":1},"f":{"0":3,"1":2,"2":2,"3":3,"4":2,"5":2,"6":2,"7":2,"8":2,"9":2},"b":{},"_coverageSchema":"332fd63041d2c1bcb487cc26dd0d5f7d97098a6c","hash":"c542f9245f3928ec47d5627fee352f02fcfd7331"}
,"/Users/davidessien/Documents/apps/selene-ah-frontend/src/actions/reactionActions/likeArticleActions.js": {"path":"/Users/davidessien/Documents/apps/selene-ah-frontend/src/actions/reactionActions/likeArticleActions.js","statementMap":{"0":{"start":{"line":4,"column":32},"end":{"line":6,"column":2}},"1":{"start":{"line":4,"column":39},"end":{"line":6,"column":1}},"2":{"start":{"line":8,"column":34},"end":{"line":11,"column":2}},"3":{"start":{"line":8,"column":46},"end":{"line":11,"column":1}},"4":{"start":{"line":13,"column":34},"end":{"line":17,"column":2}},"5":{"start":{"line":13,"column":47},"end":{"line":17,"column":1}},"6":{"start":{"line":19,"column":27},"end":{"line":34,"column":1}},"7":{"start":{"line":19,"column":48},"end":{"line":34,"column":1}},"8":{"start":{"line":20,"column":16},"end":{"line":20,"column":45}},"9":{"start":{"line":21,"column":2},"end":{"line":21,"column":31}},"10":{"start":{"line":22,"column":2},"end":{"line":33,"column":3}},"11":{"start":{"line":23,"column":16},"end":{"line":29,"column":5}},"12":{"start":{"line":30,"column":4},"end":{"line":30,"column":51}},"13":{"start":{"line":32,"column":4},"end":{"line":32,"column":47}}},"fnMap":{"0":{"name":"(anonymous_0)","decl":{"start":{"line":4,"column":32},"end":{"line":4,"column":33}},"loc":{"start":{"line":4,"column":39},"end":{"line":6,"column":1}},"line":4},"1":{"name":"(anonymous_1)","decl":{"start":{"line":8,"column":34},"end":{"line":8,"column":35}},"loc":{"start":{"line":8,"column":46},"end":{"line":11,"column":1}},"line":8},"2":{"name":"(anonymous_2)","decl":{"start":{"line":13,"column":34},"end":{"line":13,"column":35}},"loc":{"start":{"line":13,"column":47},"end":{"line":17,"column":1}},"line":13},"3":{"name":"(anonymous_3)","decl":{"start":{"line":19,"column":27},"end":{"line":19,"column":28}},"loc":{"start":{"line":19,"column":48},"end":{"line":34,"column":1}},"line":19},"4":{"name":"(anonymous_4)","decl":{"start":{"line":19,"column":48},"end":{"line":19,"column":49}},"loc":{"start":{"line":19,"column":68},"end":{"line":34,"column":1}},"line":19}},"branchMap":{},"s":{"0":5,"1":4,"2":5,"3":3,"4":5,"5":3,"6":5,"7":2,"8":2,"9":2,"10":2,"11":2,"12":1,"13":1},"f":{"0":4,"1":3,"2":3,"3":2,"4":2},"b":{},"_coverageSchema":"332fd63041d2c1bcb487cc26dd0d5f7d97098a6c","hash":"7bbed85b2229b798ab60b2061298e08ff16d485a"}
,"/Users/davidessien/Documents/apps/selene-ah-frontend/src/actions/userAction/actionTypes.js": {"path":"/Users/davidessien/Documents/apps/selene-ah-frontend/src/actions/userAction/actionTypes.js","statementMap":{"0":{"start":{"line":1,"column":33},"end":{"line":1,"column":52}},"1":{"start":{"line":2,"column":35},"end":{"line":2,"column":56}},"2":{"start":{"line":3,"column":32},"end":{"line":3,"column":50}},"3":{"start":{"line":5,"column":36},"end":{"line":5,"column":58}},"4":{"start":{"line":6,"column":38},"end":{"line":6,"column":62}},"5":{"start":{"line":7,"column":35},"end":{"line":7,"column":56}},"6":{"start":{"line":9,"column":33},"end":{"line":9,"column":52}},"7":{"start":{"line":10,"column":35},"end":{"line":10,"column":56}},"8":{"start":{"line":11,"column":32},"end":{"line":11,"column":50}}},"fnMap":{},"branchMap":{},"s":{"0":10,"1":10,"2":10,"3":10,"4":10,"5":10,"6":10,"7":10,"8":10},"f":{},"b":{},"_coverageSchema":"332fd63041d2c1bcb487cc26dd0d5f7d97098a6c","hash":"e850584a4b17f605aa234461889cee7924a339e7"}
,"/Users/davidessien/Documents/apps/selene-ah-frontend/src/actions/userAction/getArticle.js": {"path":"/Users/davidessien/Documents/apps/selene-ah-frontend/src/actions/userAction/getArticle.js","statementMap":{"0":{"start":{"line":4,"column":24},"end":{"line":6,"column":2}},"1":{"start":{"line":4,"column":31},"end":{"line":6,"column":1}},"2":{"start":{"line":8,"column":26},"end":{"line":11,"column":2}},"3":{"start":{"line":8,"column":38},"end":{"line":11,"column":1}},"4":{"start":{"line":13,"column":23},"end":{"line":16,"column":2}},"5":{"start":{"line":13,"column":35},"end":{"line":16,"column":1}},"6":{"start":{"line":17,"column":26},"end":{"line":32,"column":1}},"7":{"start":{"line":17,"column":32},"end":{"line":32,"column":1}},"8":{"start":{"line":18,"column":23},"end":{"line":18,"column":52}},"9":{"start":{"line":19,"column":2},"end":{"line":19,"column":30}},"10":{"start":{"line":20,"column":2},"end":{"line":31,"column":7}},"11":{"start":{"line":27,"column":6},"end":{"line":27,"column":44}},"12":{"start":{"line":30,"column":6},"end":{"line":30,"column":36}}},"fnMap":{"0":{"name":"(anonymous_0)","decl":{"start":{"line":4,"column":24},"end":{"line":4,"column":25}},"loc":{"start":{"line":4,"column":31},"end":{"line":6,"column":1}},"line":4},"1":{"name":"(anonymous_1)","decl":{"start":{"line":8,"column":26},"end":{"line":8,"column":27}},"loc":{"start":{"line":8,"column":38},"end":{"line":11,"column":1}},"line":8},"2":{"name":"(anonymous_2)","decl":{"start":{"line":13,"column":23},"end":{"line":13,"column":24}},"loc":{"start":{"line":13,"column":35},"end":{"line":16,"column":1}},"line":13},"3":{"name":"(anonymous_3)","decl":{"start":{"line":17,"column":26},"end":{"line":17,"column":27}},"loc":{"start":{"line":17,"column":32},"end":{"line":32,"column":1}},"line":17},"4":{"name":"(anonymous_4)","decl":{"start":{"line":17,"column":32},"end":{"line":17,"column":33}},"loc":{"start":{"line":17,"column":46},"end":{"line":32,"column":1}},"line":17},"5":{"name":"(anonymous_5)","decl":{"start":{"line":26,"column":10},"end":{"line":26,"column":11}},"loc":{"start":{"line":26,"column":19},"end":{"line":28,"column":5}},"line":26},"6":{"name":"(anonymous_6)","decl":{"start":{"line":29,"column":11},"end":{"line":29,"column":12}},"loc":{"start":{"line":29,"column":20},"end":{"line":31,"column":5}},"line":29}},"branchMap":{},"s":{"0":4,"1":3,"2":4,"3":2,"4":4,"5":2,"6":4,"7":2,"8":2,"9":2,"10":2,"11":1,"12":1},"f":{"0":3,"1":2,"2":2,"3":2,"4":2,"5":1,"6":1},"b":{},"_coverageSchema":"332fd63041d2c1bcb487cc26dd0d5f7d97098a6c","hash":"8efe3510437c8a28ab42126c19893612007ed32e"}
,"/Users/davidessien/Documents/apps/selene-ah-frontend/src/actions/userAction/getProfile.js": {"path":"/Users/davidessien/Documents/apps/selene-ah-frontend/src/actions/userAction/getProfile.js","statementMap":{"0":{"start":{"line":4,"column":24},"end":{"line":6,"column":2}},"1":{"start":{"line":4,"column":31},"end":{"line":6,"column":1}},"2":{"start":{"line":8,"column":26},"end":{"line":11,"column":2}},"3":{"start":{"line":8,"column":38},"end":{"line":11,"column":1}},"4":{"start":{"line":13,"column":23},"end":{"line":16,"column":2}},"5":{"start":{"line":13,"column":35},"end":{"line":16,"column":1}},"6":{"start":{"line":18,"column":26},"end":{"line":32,"column":1}},"7":{"start":{"line":18,"column":32},"end":{"line":32,"column":1}},"8":{"start":{"line":19,"column":16},"end":{"line":19,"column":45}},"9":{"start":{"line":20,"column":18},"end":{"line":22,"column":3}},"10":{"start":{"line":23,"column":2},"end":{"line":23,"column":30}},"11":{"start":{"line":24,"column":2},"end":{"line":31,"column":7}},"12":{"start":{"line":27,"column":6},"end":{"line":27,"column":44}},"13":{"start":{"line":30,"column":6},"end":{"line":30,"column":36}}},"fnMap":{"0":{"name":"(anonymous_0)","decl":{"start":{"line":4,"column":24},"end":{"line":4,"column":25}},"loc":{"start":{"line":4,"column":31},"end":{"line":6,"column":1}},"line":4},"1":{"name":"(anonymous_1)","decl":{"start":{"line":8,"column":26},"end":{"line":8,"column":27}},"loc":{"start":{"line":8,"column":38},"end":{"line":11,"column":1}},"line":8},"2":{"name":"(anonymous_2)","decl":{"start":{"line":13,"column":23},"end":{"line":13,"column":24}},"loc":{"start":{"line":13,"column":35},"end":{"line":16,"column":1}},"line":13},"3":{"name":"(anonymous_3)","decl":{"start":{"line":18,"column":26},"end":{"line":18,"column":27}},"loc":{"start":{"line":18,"column":32},"end":{"line":32,"column":1}},"line":18},"4":{"name":"(anonymous_4)","decl":{"start":{"line":18,"column":32},"end":{"line":18,"column":33}},"loc":{"start":{"line":18,"column":46},"end":{"line":32,"column":1}},"line":18},"5":{"name":"(anonymous_5)","decl":{"start":{"line":26,"column":10},"end":{"line":26,"column":11}},"loc":{"start":{"line":26,"column":19},"end":{"line":28,"column":5}},"line":26},"6":{"name":"(anonymous_6)","decl":{"start":{"line":29,"column":11},"end":{"line":29,"column":12}},"loc":{"start":{"line":29,"column":20},"end":{"line":31,"column":5}},"line":29}},"branchMap":{},"s":{"0":3,"1":3,"2":3,"3":2,"4":3,"5":2,"6":3,"7":2,"8":2,"9":2,"10":2,"11":2,"12":1,"13":1},"f":{"0":3,"1":2,"2":2,"3":2,"4":2,"5":1,"6":1},"b":{},"_coverageSchema":"332fd63041d2c1bcb487cc26dd0d5f7d97098a6c","hash":"1a974e25339e5608a6cc0c080db7f183f0e2a227"}
,"/Users/davidessien/Documents/apps/selene-ah-frontend/src/actions/userAction/updateProfile.js": {"path":"/Users/davidessien/Documents/apps/selene-ah-frontend/src/actions/userAction/updateProfile.js","statementMap":{"0":{"start":{"line":4,"column":27},"end":{"line":6,"column":2}},"1":{"start":{"line":4,"column":34},"end":{"line":6,"column":1}},"2":{"start":{"line":8,"column":29},"end":{"line":12,"column":2}},"3":{"start":{"line":8,"column":56},"end":{"line":12,"column":1}},"4":{"start":{"line":14,"column":26},"end":{"line":17,"column":2}},"5":{"start":{"line":14,"column":38},"end":{"line":17,"column":1}},"6":{"start":{"line":19,"column":32},"end":{"line":36,"column":1}},"7":{"start":{"line":19,"column":47},"end":{"line":36,"column":1}},"8":{"start":{"line":20,"column":15},"end":{"line":22,"column":3}},"9":{"start":{"line":23,"column":16},"end":{"line":23,"column":45}},"10":{"start":{"line":24,"column":18},"end":{"line":26,"column":3}},"11":{"start":{"line":27,"column":2},"end":{"line":27,"column":33}},"12":{"start":{"line":28,"column":2},"end":{"line":35,"column":7}},"13":{"start":{"line":31,"column":6},"end":{"line":31,"column":53}},"14":{"start":{"line":34,"column":6},"end":{"line":34,"column":39}}},"fnMap":{"0":{"name":"(anonymous_0)","decl":{"start":{"line":4,"column":27},"end":{"line":4,"column":28}},"loc":{"start":{"line":4,"column":34},"end":{"line":6,"column":1}},"line":4},"1":{"name":"(anonymous_1)","decl":{"start":{"line":8,"column":29},"end":{"line":8,"column":30}},"loc":{"start":{"line":8,"column":56},"end":{"line":12,"column":1}},"line":8},"2":{"name":"(anonymous_2)","decl":{"start":{"line":14,"column":26},"end":{"line":14,"column":27}},"loc":{"start":{"line":14,"column":38},"end":{"line":17,"column":1}},"line":14},"3":{"name":"(anonymous_3)","decl":{"start":{"line":19,"column":32},"end":{"line":19,"column":33}},"loc":{"start":{"line":19,"column":47},"end":{"line":36,"column":1}},"line":19},"4":{"name":"(anonymous_4)","decl":{"start":{"line":19,"column":47},"end":{"line":19,"column":48}},"loc":{"start":{"line":19,"column":61},"end":{"line":36,"column":1}},"line":19},"5":{"name":"(anonymous_5)","decl":{"start":{"line":30,"column":10},"end":{"line":30,"column":11}},"loc":{"start":{"line":30,"column":19},"end":{"line":32,"column":5}},"line":30},"6":{"name":"(anonymous_6)","decl":{"start":{"line":33,"column":11},"end":{"line":33,"column":12}},"loc":{"start":{"line":33,"column":20},"end":{"line":35,"column":5}},"line":33}},"branchMap":{},"s":{"0":4,"1":4,"2":4,"3":3,"4":4,"5":2,"6":4,"7":3,"8":3,"9":3,"10":3,"11":3,"12":3,"13":2,"14":1},"f":{"0":4,"1":3,"2":2,"3":3,"4":3,"5":2,"6":1},"b":{},"_coverageSchema":"332fd63041d2c1bcb487cc26dd0d5f7d97098a6c","hash":"820f47048d485e11b878521e6188d47e126c9a36"}
,"/Users/davidessien/Documents/apps/selene-ah-frontend/src/actions/userStat/actionTypes.js": {"path":"/Users/davidessien/Documents/apps/selene-ah-frontend/src/actions/userStat/actionTypes.js","statementMap":{"0":{"start":{"line":1,"column":37},"end":{"line":1,"column":60}},"1":{"start":{"line":2,"column":42},"end":{"line":2,"column":70}},"2":{"start":{"line":3,"column":36},"end":{"line":3,"column":58}},"3":{"start":{"line":4,"column":41},"end":{"line":4,"column":68}},"4":{"start":{"line":5,"column":40},"end":{"line":5,"column":66}},"5":{"start":{"line":6,"column":37},"end":{"line":6,"column":60}},"6":{"start":{"line":7,"column":42},"end":{"line":7,"column":70}},"7":{"start":{"line":8,"column":36},"end":{"line":8,"column":58}},"8":{"start":{"line":9,"column":41},"end":{"line":9,"column":68}},"9":{"start":{"line":10,"column":40},"end":{"line":10,"column":66}},"10":{"start":{"line":11,"column":45},"end":{"line":11,"column":76}},"11":{"start":{"line":12,"column":45},"end":{"line":12,"column":76}}},"fnMap":{},"branchMap":{},"s":{"0":4,"1":4,"2":4,"3":4,"4":4,"5":4,"6":4,"7":4,"8":4,"9":4,"10":4,"11":4},"f":{},"b":{},"_coverageSchema":"332fd63041d2c1bcb487cc26dd0d5f7d97098a6c","hash":"8115bbb67cde7ef985dd847886b00eb3a9aa1fd2"}
,"/Users/davidessien/Documents/apps/selene-ah-frontend/src/actions/userStat/getUserStat.js": {"path":"/Users/davidessien/Documents/apps/selene-ah-frontend/src/actions/userStat/getUserStat.js","statementMap":{"0":{"start":{"line":5,"column":24},"end":{"line":10,"column":1}},"1":{"start":{"line":6,"column":20},"end":{"line":6,"column":59}},"2":{"start":{"line":7,"column":25},"end":{"line":7,"column":52}},"3":{"start":{"line":8,"column":23},"end":{"line":8,"column":51}},"4":{"start":{"line":9,"column":2},"end":{"line":9,"column":60}},"5":{"start":{"line":12,"column":24},"end":{"line":18,"column":1}},"6":{"start":{"line":13,"column":2},"end":{"line":15,"column":3}},"7":{"start":{"line":14,"column":4},"end":{"line":14,"column":13}},"8":{"start":{"line":16,"column":23},"end":{"line":16,"column":56}},"9":{"start":{"line":17,"column":2},"end":{"line":17,"column":29}},"10":{"start":{"line":20,"column":18},"end":{"line":26,"column":1}},"11":{"start":{"line":21,"column":2},"end":{"line":23,"column":4}},"12":{"start":{"line":24,"column":19},"end":{"line":24,"column":39}},"13":{"start":{"line":25,"column":2},"end":{"line":25,"column":18}},"14":{"start":{"line":29,"column":25},"end":{"line":47,"column":1}},"15":{"start":{"line":29,"column":44},"end":{"line":47,"column":1}},"16":{"start":{"line":30,"column":2},"end":{"line":46,"column":3}},"17":{"start":{"line":31,"column":16},"end":{"line":31,"column":63}},"18":{"start":{"line":32,"column":21},"end":{"line":32,"column":48}},"19":{"start":{"line":33,"column":27},"end":{"line":36,"column":5}},"20":{"start":{"line":37,"column":4},"end":{"line":40,"column":7}},"21":{"start":{"line":42,"column":4},"end":{"line":45,"column":7}},"22":{"start":{"line":50,"column":27},"end":{"line":64,"column":1}},"23":{"start":{"line":50,"column":46},"end":{"line":64,"column":1}},"24":{"start":{"line":51,"column":2},"end":{"line":63,"column":3}},"25":{"start":{"line":52,"column":16},"end":{"line":52,"column":63}},"26":{"start":{"line":53,"column":21},"end":{"line":53,"column":48}},"27":{"start":{"line":54,"column":4},"end":{"line":57,"column":7}},"28":{"start":{"line":59,"column":4},"end":{"line":62,"column":7}},"29":{"start":{"line":68,"column":24},"end":{"line":83,"column":1}},"30":{"start":{"line":68,"column":33},"end":{"line":83,"column":1}},"31":{"start":{"line":69,"column":14},"end":{"line":69,"column":61}},"32":{"start":{"line":70,"column":2},"end":{"line":82,"column":3}},"33":{"start":{"line":71,"column":21},"end":{"line":71,"column":48}},"34":{"start":{"line":72,"column":25},"end":{"line":72,"column":49}},"35":{"start":{"line":73,"column":4},"end":{"line":76,"column":7}},"36":{"start":{"line":78,"column":4},"end":{"line":81,"column":7}},"37":{"start":{"line":86,"column":28},"end":{"line":101,"column":1}},"38":{"start":{"line":86,"column":37},"end":{"line":101,"column":1}},"39":{"start":{"line":87,"column":14},"end":{"line":87,"column":52}},"40":{"start":{"line":88,"column":2},"end":{"line":100,"column":3}},"41":{"start":{"line":89,"column":21},"end":{"line":89,"column":48}},"42":{"start":{"line":90,"column":23},"end":{"line":90,"column":47}},"43":{"start":{"line":91,"column":4},"end":{"line":94,"column":7}},"44":{"start":{"line":96,"column":4},"end":{"line":99,"column":7}},"45":{"start":{"line":104,"column":25},"end":{"line":119,"column":1}},"46":{"start":{"line":104,"column":34},"end":{"line":119,"column":1}},"47":{"start":{"line":105,"column":14},"end":{"line":105,"column":50}},"48":{"start":{"line":106,"column":2},"end":{"line":118,"column":3}},"49":{"start":{"line":107,"column":21},"end":{"line":107,"column":48}},"50":{"start":{"line":108,"column":19},"end":{"line":108,"column":43}},"51":{"start":{"line":109,"column":4},"end":{"line":112,"column":7}},"52":{"start":{"line":114,"column":4},"end":{"line":117,"column":7}},"53":{"start":{"line":121,"column":17},"end":{"line":121,"column":74}},"54":{"start":{"line":121,"column":35},"end":{"line":121,"column":74}},"55":{"start":{"line":121,"column":58},"end":{"line":121,"column":70}},"56":{"start":{"line":123,"column":21},"end":{"line":130,"column":1}},"57":{"start":{"line":124,"column":27},"end":{"line":128,"column":3}},"58":{"start":{"line":129,"column":2},"end":{"line":129,"column":26}},"59":{"start":{"line":133,"column":25},"end":{"line":148,"column":1}},"60":{"start":{"line":133,"column":34},"end":{"line":148,"column":1}},"61":{"start":{"line":134,"column":14},"end":{"line":134,"column":55}},"62":{"start":{"line":135,"column":2},"end":{"line":147,"column":3}},"63":{"start":{"line":136,"column":21},"end":{"line":136,"column":48}},"64":{"start":{"line":137,"column":19},"end":{"line":137,"column":51}},"65":{"start":{"line":138,"column":4},"end":{"line":141,"column":7}},"66":{"start":{"line":143,"column":4},"end":{"line":146,"column":7}},"67":{"start":{"line":150,"column":26},"end":{"line":165,"column":1}},"68":{"start":{"line":150,"column":45},"end":{"line":165,"column":1}},"69":{"start":{"line":151,"column":2},"end":{"line":164,"column":3}},"70":{"start":{"line":152,"column":4},"end":{"line":159,"column":7}},"71":{"start":{"line":161,"column":4},"end":{"line":163,"column":7}}},"fnMap":{"0":{"name":"(anonymous_0)","decl":{"start":{"line":5,"column":24},"end":{"line":5,"column":25}},"loc":{"start":{"line":5,"column":38},"end":{"line":10,"column":1}},"line":5},"1":{"name":"(anonymous_1)","decl":{"start":{"line":12,"column":24},"end":{"line":12,"column":25}},"loc":{"start":{"line":12,"column":39},"end":{"line":18,"column":1}},"line":12},"2":{"name":"(anonymous_2)","decl":{"start":{"line":20,"column":18},"end":{"line":20,"column":19}},"loc":{"start":{"line":20,"column":40},"end":{"line":26,"column":1}},"line":20},"3":{"name":"(anonymous_3)","decl":{"start":{"line":29,"column":25},"end":{"line":29,"column":26}},"loc":{"start":{"line":29,"column":44},"end":{"line":47,"column":1}},"line":29},"4":{"name":"(anonymous_4)","decl":{"start":{"line":29,"column":44},"end":{"line":29,"column":45}},"loc":{"start":{"line":29,"column":64},"end":{"line":47,"column":1}},"line":29},"5":{"name":"(anonymous_5)","decl":{"start":{"line":50,"column":27},"end":{"line":50,"column":28}},"loc":{"start":{"line":50,"column":46},"end":{"line":64,"column":1}},"line":50},"6":{"name":"(anonymous_6)","decl":{"start":{"line":50,"column":46},"end":{"line":50,"column":47}},"loc":{"start":{"line":50,"column":66},"end":{"line":64,"column":1}},"line":50},"7":{"name":"(anonymous_7)","decl":{"start":{"line":68,"column":24},"end":{"line":68,"column":25}},"loc":{"start":{"line":68,"column":33},"end":{"line":83,"column":1}},"line":68},"8":{"name":"(anonymous_8)","decl":{"start":{"line":68,"column":33},"end":{"line":68,"column":34}},"loc":{"start":{"line":68,"column":53},"end":{"line":83,"column":1}},"line":68},"9":{"name":"(anonymous_9)","decl":{"start":{"line":86,"column":28},"end":{"line":86,"column":29}},"loc":{"start":{"line":86,"column":37},"end":{"line":101,"column":1}},"line":86},"10":{"name":"(anonymous_10)","decl":{"start":{"line":86,"column":37},"end":{"line":86,"column":38}},"loc":{"start":{"line":86,"column":57},"end":{"line":101,"column":1}},"line":86},"11":{"name":"(anonymous_11)","decl":{"start":{"line":104,"column":25},"end":{"line":104,"column":26}},"loc":{"start":{"line":104,"column":34},"end":{"line":119,"column":1}},"line":104},"12":{"name":"(anonymous_12)","decl":{"start":{"line":104,"column":34},"end":{"line":104,"column":35}},"loc":{"start":{"line":104,"column":54},"end":{"line":119,"column":1}},"line":104},"13":{"name":"(anonymous_13)","decl":{"start":{"line":121,"column":17},"end":{"line":121,"column":18}},"loc":{"start":{"line":121,"column":35},"end":{"line":121,"column":74}},"line":121},"14":{"name":"(anonymous_14)","decl":{"start":{"line":121,"column":48},"end":{"line":121,"column":49}},"loc":{"start":{"line":121,"column":58},"end":{"line":121,"column":70}},"line":121},"15":{"name":"(anonymous_15)","decl":{"start":{"line":123,"column":21},"end":{"line":123,"column":22}},"loc":{"start":{"line":123,"column":38},"end":{"line":130,"column":1}},"line":123},"16":{"name":"(anonymous_16)","decl":{"start":{"line":133,"column":25},"end":{"line":133,"column":26}},"loc":{"start":{"line":133,"column":34},"end":{"line":148,"column":1}},"line":133},"17":{"name":"(anonymous_17)","decl":{"start":{"line":133,"column":34},"end":{"line":133,"column":35}},"loc":{"start":{"line":133,"column":54},"end":{"line":148,"column":1}},"line":133},"18":{"name":"(anonymous_18)","decl":{"start":{"line":150,"column":26},"end":{"line":150,"column":27}},"loc":{"start":{"line":150,"column":45},"end":{"line":165,"column":1}},"line":150},"19":{"name":"(anonymous_19)","decl":{"start":{"line":150,"column":45},"end":{"line":150,"column":46}},"loc":{"start":{"line":150,"column":59},"end":{"line":165,"column":1}},"line":150}},"branchMap":{"0":{"loc":{"start":{"line":13,"column":2},"end":{"line":15,"column":3}},"type":"if","locations":[{"start":{"line":13,"column":2},"end":{"line":15,"column":3}},{"start":{"line":13,"column":2},"end":{"line":15,"column":3}}],"line":13},"1":{"loc":{"start":{"line":56,"column":15},"end":{"line":56,"column":76}},"type":"cond-expr","locations":[{"start":{"line":56,"column":42},"end":{"line":56,"column":43}},{"start":{"line":56,"column":46},"end":{"line":56,"column":76}}],"line":56}},"s":{"0":3,"1":1,"2":1,"3":1,"4":1,"5":3,"6":2,"7":1,"8":1,"9":1,"10":3,"11":13,"12":13,"13":7,"14":3,"15":4,"16":3,"17":3,"18":3,"19":2,"20":2,"21":1,"22":3,"23":3,"24":2,"25":2,"26":2,"27":1,"28":1,"29":3,"30":3,"31":2,"32":2,"33":2,"34":1,"35":1,"36":1,"37":3,"38":3,"39":2,"40":2,"41":2,"42":1,"43":1,"44":1,"45":3,"46":3,"47":2,"48":2,"49":2,"50":1,"51":1,"52":1,"53":3,"54":2,"55":4,"56":3,"57":1,"58":1,"59":3,"60":3,"61":2,"62":2,"63":2,"64":1,"65":1,"66":1,"67":3,"68":1,"69":1,"70":1,"71":0},"f":{"0":1,"1":2,"2":13,"3":4,"4":3,"5":3,"6":2,"7":3,"8":2,"9":3,"10":2,"11":3,"12":2,"13":2,"14":4,"15":1,"16":3,"17":2,"18":1,"19":1},"b":{"0":[1,1],"1":[0,1]},"_coverageSchema":"332fd63041d2c1bcb487cc26dd0d5f7d97098a6c","hash":"158a217c3b60fcca81f18416b87d998ccf05dc41"}
,"/Users/davidessien/Documents/apps/selene-ah-frontend/src/components/editor/SerializerRules.js": {"path":"/Users/davidessien/Documents/apps/selene-ah-frontend/src/components/editor/SerializerRules.js","statementMap":{"0":{"start":{"line":3,"column":19},"end":{"line":7,"column":1}},"1":{"start":{"line":9,"column":18},"end":{"line":13,"column":1}},"2":{"start":{"line":15,"column":14},"end":{"line":73,"column":1}},"3":{"start":{"line":18,"column":19},"end":{"line":18,"column":55}},"4":{"start":{"line":19,"column":6},"end":{"line":28,"column":7}},"5":{"start":{"line":20,"column":8},"end":{"line":27,"column":10}},"6":{"start":{"line":31,"column":6},"end":{"line":45,"column":7}},"7":{"start":{"line":32,"column":8},"end":{"line":44,"column":9}},"8":{"start":{"line":34,"column":12},"end":{"line":38,"column":14}},"9":{"start":{"line":40,"column":12},"end":{"line":40,"column":75}},"10":{"start":{"line":42,"column":12},"end":{"line":42,"column":55}},"11":{"start":{"line":50,"column":19},"end":{"line":50,"column":54}},"12":{"start":{"line":51,"column":6},"end":{"line":57,"column":7}},"13":{"start":{"line":52,"column":8},"end":{"line":56,"column":10}},"14":{"start":{"line":60,"column":6},"end":{"line":70,"column":7}},"15":{"start":{"line":61,"column":8},"end":{"line":69,"column":9}},"16":{"start":{"line":63,"column":12},"end":{"line":63,"column":47}},"17":{"start":{"line":65,"column":12},"end":{"line":65,"column":39}},"18":{"start":{"line":67,"column":12},"end":{"line":67,"column":37}}},"fnMap":{},"branchMap":{"0":{"loc":{"start":{"line":19,"column":6},"end":{"line":28,"column":7}},"type":"if","locations":[{"start":{"line":19,"column":6},"end":{"line":28,"column":7}},{"start":{"line":19,"column":6},"end":{"line":28,"column":7}}],"line":19},"1":{"loc":{"start":{"line":31,"column":6},"end":{"line":45,"column":7}},"type":"if","locations":[{"start":{"line":31,"column":6},"end":{"line":45,"column":7}},{"start":{"line":31,"column":6},"end":{"line":45,"column":7}}],"line":31},"2":{"loc":{"start":{"line":32,"column":8},"end":{"line":44,"column":9}},"type":"switch","locations":[{"start":{"line":33,"column":10},"end":{"line":38,"column":14}},{"start":{"line":39,"column":10},"end":{"line":40,"column":75}},{"start":{"line":41,"column":10},"end":{"line":42,"column":55}},{"start":{"line":43,"column":10},"end":{"line":43,"column":18}}],"line":32},"3":{"loc":{"start":{"line":51,"column":6},"end":{"line":57,"column":7}},"type":"if","locations":[{"start":{"line":51,"column":6},"end":{"line":57,"column":7}},{"start":{"line":51,"column":6},"end":{"line":57,"column":7}}],"line":51},"4":{"loc":{"start":{"line":60,"column":6},"end":{"line":70,"column":7}},"type":"if","locations":[{"start":{"line":60,"column":6},"end":{"line":70,"column":7}},{"start":{"line":60,"column":6},"end":{"line":70,"column":7}}],"line":60},"5":{"loc":{"start":{"line":61,"column":8},"end":{"line":69,"column":9}},"type":"switch","locations":[{"start":{"line":62,"column":10},"end":{"line":63,"column":47}},{"start":{"line":64,"column":10},"end":{"line":65,"column":39}},{"start":{"line":66,"column":10},"end":{"line":67,"column":37}},{"start":{"line":68,"column":10},"end":{"line":68,"column":18}}],"line":61}},"s":{"0":5,"1":5,"2":5,"3":7,"4":7,"5":1,"6":7,"7":5,"8":1,"9":2,"10":1,"11":7,"12":7,"13":1,"14":6,"15":4,"16":1,"17":1,"18":1},"f":{},"b":{"0":[1,6],"1":[5,2],"2":[1,2,1,1],"3":[1,6],"4":[4,2],"5":[1,1,1,1]},"_coverageSchema":"332fd63041d2c1bcb487cc26dd0d5f7d97098a6c","hash":"ae46c1e2e7b598a114476cba60681a3be3938425"}
,"/Users/davidessien/Documents/apps/selene-ah-frontend/src/components/pages/EmailConfirmation/EmailConfirmation.js": {"path":"/Users/davidessien/Documents/apps/selene-ah-frontend/src/components/pages/EmailConfirmation/EmailConfirmation.js","statementMap":{"0":{"start":{"line":10,"column":26},"end":{"line":22,"column":1}},"1":{"start":{"line":11,"column":4},"end":{"line":21,"column":15}}},"fnMap":{"0":{"name":"(anonymous_0)","decl":{"start":{"line":10,"column":26},"end":{"line":10,"column":27}},"loc":{"start":{"line":11,"column":4},"end":{"line":21,"column":15}},"line":11}},"branchMap":{},"s":{"0":2,"1":1},"f":{"0":1},"b":{},"_coverageSchema":"332fd63041d2c1bcb487cc26dd0d5f7d97098a6c","hash":"ecc4608c72e177a3fa204d4ff68fc6a70bf91f7f"}
,"/Users/davidessien/Documents/apps/selene-ah-frontend/src/components/pages/EmailVerification/EmailVerification.js": {"path":"/Users/davidessien/Documents/apps/selene-ah-frontend/src/components/pages/EmailVerification/EmailVerification.js","statementMap":{"0":{"start":{"line":9,"column":26},"end":{"line":19,"column":1}},"1":{"start":{"line":10,"column":4},"end":{"line":18,"column":15}}},"fnMap":{"0":{"name":"(anonymous_0)","decl":{"start":{"line":9,"column":26},"end":{"line":9,"column":27}},"loc":{"start":{"line":10,"column":4},"end":{"line":18,"column":15}},"line":10}},"branchMap":{},"s":{"0":2,"1":1},"f":{"0":1},"b":{},"_coverageSchema":"332fd63041d2c1bcb487cc26dd0d5f7d97098a6c","hash":"cc1d0312b2233a23603589538dc0b17ecc3bbbee"}
[...]
/Users/davidessien/Documents/apps/selene-ah-frontend/src/reducers/ratingsReducer/postRatings.js": {"path":"/Users/davidessien/Documents/apps/selene-ah-frontend/src/reducers/ratingsReducer/postRatings.js","statementMap":{"0":{"start":{"line":4,"column":28},"end":{"line":9,"column":1}},"1":{"start":{"line":11,"column":31},"end":{"line":11,"column":54}},"2":{"start":{"line":19,"column":37},"end":{"line":25,"column":1}},"3":{"start":{"line":19,"column":56},"end":{"line":25,"column":1}},"4":{"start":{"line":33,"column":44},"end":{"line":39,"column":1}},"5":{"start":{"line":33,"column":63},"end":{"line":39,"column":1}},"6":{"start":{"line":42,"column":19},"end":{"line":55,"column":1}},"7":{"start":{"line":43,"column":2},"end":{"line":54,"column":3}},"8":{"start":{"line":45,"column":6},"end":{"line":45,"column":64}},"9":{"start":{"line":48,"column":6},"end":{"line":48,"column":64}},"10":{"start":{"line":51,"column":6},"end":{"line":51,"column":57}},"11":{"start":{"line":53,"column":6},"end":{"line":53,"column":19}}},"fnMap":{"0":{"name":"(anonymous_0)","decl":{"start":{"line":19,"column":37},"end":{"line":19,"column":38}},"loc":{"start":{"line":19,"column":56},"end":{"line":25,"column":1}},"line":19},"1":{"name":"(anonymous_1)","decl":{"start":{"line":33,"column":44},"end":{"line":33,"column":45}},"loc":{"start":{"line":33,"column":63},"end":{"line":39,"column":1}},"line":33},"2":{"name":"(anonymous_2)","decl":{"start":{"line":42,"column":19},"end":{"line":42,"column":20}},"loc":{"start":{"line":42,"column":53},"end":{"line":55,"column":1}},"line":42}},"branchMap":{"0":{"loc":{"start":{"line":42,"column":20},"end":{"line":42,"column":40}},"type":"default-arg","locations":[{"start":{"line":42,"column":28},"end":{"line":42,"column":40}}],"line":42},"1":{"loc":{"start":{"line":43,"column":2},"end":{"line":54,"column":3}},"type":"switch","locations":[{"start":{"line":44,"column":4},"end":{"line":45,"column":64}},{"start":{"line":47,"column":4},"end":{"line":48,"column":64}},{"start":{"line":50,"column":4},"end":{"line":51,"column":57}},{"start":{"line":52,"column":4},"end":{"line":53,"column":19}}],"line":43}},"s":{"0":2,"1":2,"2":2,"3":1,"4":2,"5":1,"6":2,"7":6,"8":1,"9":1,"10":1,"11":3},"f":{"0":1,"1":1,"2":6},"b":{"0":[3],"1":[1,1,1,3]},"_coverageSchema":"332fd63041d2c1bcb487cc26dd0d5f7d97098a6c","hash":"9562d95cb4419b9de996b08c674c1c777d7455f0"}
,"/Users/davidessien/Documents/apps/selene-ah-frontend/src/reducers/reactionReducers/follow.js": {"path":"/Users/davidessien/Documents/apps/selene-ah-frontend/src/reducers/reactionReducers/follow.js","statementMap":{"0":{"start":{"line":4,"column":18},"end":{"line":12,"column":1}},"1":{"start":{"line":19,"column":24},"end":{"line":23,"column":2}},"2":{"start":{"line":19,"column":33},"end":{"line":23,"column":2}},"3":{"start":{"line":31,"column":26},"end":{"line":35,"column":2}},"4":{"start":{"line":31,"column":50},"end":{"line":35,"column":2}},"5":{"start":{"line":43,"column":26},"end":{"line":47,"column":2}},"6":{"start":{"line":43,"column":50},"end":{"line":47,"column":2}},"7":{"start":{"line":54,"column":26},"end":{"line":58,"column":2}},"8":{"start":{"line":54,"column":35},"end":{"line":58,"column":2}},"9":{"start":{"line":66,"column":28},"end":{"line":70,"column":2}},"10":{"start":{"line":66,"column":52},"end":{"line":70,"column":2}},"11":{"start":{"line":78,"column":28},"end":{"line":82,"column":2}},"12":{"start":{"line":78,"column":52},"end":{"line":82,"column":2}},"13":{"start":{"line":84,"column":16},"end":{"line":98,"column":1}},"14":{"start":{"line":85,"column":2},"end":{"line":97,"column":3}},"15":{"start":{"line":86,"column":40},"end":{"line":86,"column":70}},"16":{"start":{"line":88,"column":6},"end":{"line":88,"column":46}},"17":{"start":{"line":90,"column":6},"end":{"line":90,"column":46}},"18":{"start":{"line":91,"column":42},"end":{"line":91,"column":74}},"19":{"start":{"line":93,"column":6},"end":{"line":93,"column":48}},"20":{"start":{"line":95,"column":6},"end":{"line":95,"column":48}},"21":{"start":{"line":96,"column":13},"end":{"line":96,"column":26}}},"fnMap":{"0":{"name":"(anonymous_0)","decl":{"start":{"line":19,"column":24},"end":{"line":19,"column":25}},"loc":{"start":{"line":19,"column":33},"end":{"line":23,"column":2}},"line":19},"1":{"name":"(anonymous_1)","decl":{"start":{"line":31,"column":26},"end":{"line":31,"column":27}},"loc":{"start":{"line":31,"column":50},"end":{"line":35,"column":2}},"line":31},"2":{"name":"(anonymous_2)","decl":{"start":{"line":43,"column":26},"end":{"line":43,"column":27}},"loc":{"start":{"line":43,"column":50},"end":{"line":47,"column":2}},"line":43},"3":{"name":"(anonymous_3)","decl":{"start":{"line":54,"column":26},"end":{"line":54,"column":27}},"loc":{"start":{"line":54,"column":35},"end":{"line":58,"column":2}},"line":54},"4":{"name":"(anonymous_4)","decl":{"start":{"line":66,"column":28},"end":{"line":66,"column":29}},"loc":{"start":{"line":66,"column":52},"end":{"line":70,"column":2}},"line":66},"5":{"name":"(anonymous_5)","decl":{"start":{"line":78,"column":28},"end":{"line":78,"column":29}},"loc":{"start":{"line":78,"column":52},"end":{"line":82,"column":2}},"line":78},"6":{"name":"(anonymous_6)","decl":{"start":{"line":84,"column":16},"end":{"line":84,"column":17}},"loc":{"start":{"line":84,"column":47},"end":{"line":98,"column":1}},"line":84}},"branchMap":{"0":{"loc":{"start":{"line":84,"column":17},"end":{"line":84,"column":34}},"type":"default-arg","locations":[{"start":{"line":84,"column":25},"end":{"line":84,"column":34}}],"line":84},"1":{"loc":{"start":{"line":85,"column":2},"end":{"line":97,"column":3}},"type":"switch","locations":[{"start":{"line":86,"column":4},"end":{"line":86,"column":70}},{"start":{"line":87,"column":4},"end":{"line":88,"column":46}},{"start":{"line":89,"column":4},"end":{"line":90,"column":46}},{"start":{"line":91,"column":4},"end":{"line":91,"column":74}},{"start":{"line":92,"column":4},"end":{"line":93,"column":48}},{"start":{"line":94,"column":4},"end":{"line":95,"column":48}},{"start":{"line":96,"column":4},"end":{"line":96,"column":26}}],"line":85}},"s":{"0":2,"1":2,"2":1,"3":2,"4":1,"5":2,"6":1,"7":2,"8":1,"9":2,"10":1,"11":2,"12":1,"13":2,"14":10,"15":1,"16":1,"17":1,"18":1,"19":1,"20":1,"21":4},"f":{"0":1,"1":1,"2":1,"3":1,"4":1,"5":1,"6":10},"b":{"0":[3],"1":[1,1,1,1,1,1,4]},"_coverageSchema":"332fd63041d2c1bcb487cc26dd0d5f7d97098a6c","hash":"ae3a74352ad495cf98dd9640c391eaf69f3f6725"}
,"/Users/davidessien/Documents/apps/selene-ah-frontend/src/reducers/reactionReducers/likearticleReactions.js": {"path":"/Users/davidessien/Documents/apps/selene-ah-frontend/src/reducers/reactionReducers/likearticleReactions.js","statementMap":{"0":{"start":{"line":4,"column":18},"end":{"line":10,"column":1}},"1":{"start":{"line":17,"column":27},"end":{"line":23,"column":4}},"2":{"start":{"line":17,"column":59},"end":{"line":23,"column":4}},"3":{"start":{"line":30,"column":25},"end":{"line":33,"column":2}},"4":{"start":{"line":30,"column":34},"end":{"line":33,"column":2}},"5":{"start":{"line":40,"column":27},"end":{"line":44,"column":2}},"6":{"start":{"line":40,"column":51},"end":{"line":44,"column":2}},"7":{"start":{"line":46,"column":16},"end":{"line":55,"column":1}},"8":{"start":{"line":47,"column":2},"end":{"line":54,"column":3}},"9":{"start":{"line":48,"column":41},"end":{"line":48,"column":72}},"10":{"start":{"line":50,"column":6},"end":{"line":50,"column":47}},"11":{"start":{"line":52,"column":6},"end":{"line":52,"column":47}},"12":{"start":{"line":53,"column":13},"end":{"line":53,"column":26}}},"fnMap":{"0":{"name":"(anonymous_0)","decl":{"start":{"line":17,"column":27},"end":{"line":17,"column":28}},"loc":{"start":{"line":17,"column":59},"end":{"line":23,"column":4}},"line":17},"1":{"name":"(anonymous_1)","decl":{"start":{"line":30,"column":25},"end":{"line":30,"column":26}},"loc":{"start":{"line":30,"column":34},"end":{"line":33,"column":2}},"line":30},"2":{"name":"(anonymous_2)","decl":{"start":{"line":40,"column":27},"end":{"line":40,"column":28}},"loc":{"start":{"line":40,"column":51},"end":{"line":44,"column":2}},"line":40},"3":{"name":"(anonymous_3)","decl":{"start":{"line":46,"column":16},"end":{"line":46,"column":17}},"loc":{"start":{"line":46,"column":47},"end":{"line":55,"column":1}},"line":46}},"branchMap":{"0":{"loc":{"start":{"line":46,"column":17},"end":{"line":46,"column":34}},"type":"default-arg","locations":[{"start":{"line":46,"column":25},"end":{"line":46,"column":34}}],"line":46},"1":{"loc":{"start":{"line":47,"column":2},"end":{"line":54,"column":3}},"type":"switch","locations":[{"start":{"line":48,"column":4},"end":{"line":48,"column":72}},{"start":{"line":49,"column":4},"end":{"line":50,"column":47}},{"start":{"line":51,"column":4},"end":{"line":52,"column":47}},{"start":{"line":53,"column":4},"end":{"line":53,"column":26}}],"line":47}},"s":{"0":2,"1":2,"2":1,"3":2,"4":1,"5":2,"6":1,"7":2,"8":7,"9":1,"10":1,"11":1,"12":4},"f":{"0":1,"1":1,"2":1,"3":7},"b":{"0":[3],"1":[1,1,1,4]},"_coverageSchema":"332fd63041d2c1bcb487cc26dd0d5f7d97098a6c","hash":"e512e9c012a379ca58260b2ceea4b8427e0ce1fd"}
,"/Users/davidessien/Documents/apps/selene-ah-frontend/src/reducers/userProfileReducers/Profile.js": {"path":"/Users/davidessien/Documents/apps/selene-ah-frontend/src/reducers/userProfileReducers/Profile.js","statementMap":{"0":{"start":{"line":4,"column":28},"end":{"line":14,"column":1}},"1":{"start":{"line":21,"column":25},"end":{"line":22,"column":36}},"2":{"start":{"line":21,"column":34},"end":{"line":22,"column":36}},"3":{"start":{"line":30,"column":24},"end":{"line":34,"column":2}},"4":{"start":{"line":30,"column":43},"end":{"line":34,"column":2}},"5":{"start":{"line":42,"column":27},"end":{"line":47,"column":2}},"6":{"start":{"line":42,"column":46},"end":{"line":47,"column":2}},"7":{"start":{"line":55,"column":27},"end":{"line":56,"column":36}},"8":{"start":{"line":55,"column":36},"end":{"line":56,"column":36}},"9":{"start":{"line":64,"column":26},"end":{"line":68,"column":2}},"10":{"start":{"line":64,"column":45},"end":{"line":68,"column":2}},"11":{"start":{"line":76,"column":29},"end":{"line":82,"column":2}},"12":{"start":{"line":76,"column":48},"end":{"line":82,"column":2}},"13":{"start":{"line":89,"column":24},"end":{"line":90,"column":36}},"14":{"start":{"line":89,"column":33},"end":{"line":90,"column":36}},"15":{"start":{"line":98,"column":23},"end":{"line":102,"column":2}},"16":{"start":{"line":98,"column":42},"end":{"line":102,"column":2}},"17":{"start":{"line":110,"column":26},"end":{"line":115,"column":2}},"18":{"start":{"line":110,"column":45},"end":{"line":115,"column":2}},"19":{"start":{"line":116,"column":16},"end":{"line":141,"column":1}},"20":{"start":{"line":117,"column":2},"end":{"line":140,"column":3}},"21":{"start":{"line":119,"column":6},"end":{"line":119,"column":37}},"22":{"start":{"line":121,"column":6},"end":{"line":121,"column":47}},"23":{"start":{"line":123,"column":6},"end":{"line":123,"column":44}},"24":{"start":{"line":126,"column":6},"end":{"line":126,"column":39}},"25":{"start":{"line":128,"column":6},"end":{"line":128,"column":49}},"26":{"start":{"line":130,"column":6},"end":{"line":130,"column":46}},"27":{"start":{"line":133,"column":6},"end":{"line":133,"column":36}},"28":{"start":{"line":135,"column":6},"end":{"line":135,"column":46}},"29":{"start":{"line":137,"column":6},"end":{"line":137,"column":43}},"30":{"start":{"line":139,"column":6},"end":{"line":139,"column":19}}},"fnMap":{"0":{"name":"(anonymous_0)","decl":{"start":{"line":21,"column":25},"end":{"line":21,"column":26}},"loc":{"start":{"line":21,"column":34},"end":{"line":22,"column":36}},"line":21},"1":{"name":"(anonymous_1)","decl":{"start":{"line":30,"column":24},"end":{"line":30,"column":25}},"loc":{"start":{"line":30,"column":43},"end":{"line":34,"column":2}},"line":30},"2":{"name":"(anonymous_2)","decl":{"start":{"line":42,"column":27},"end":{"line":42,"column":28}},"loc":{"start":{"line":42,"column":46},"end":{"line":47,"column":2}},"line":42},"3":{"name":"(anonymous_3)","decl":{"start":{"line":55,"column":27},"end":{"line":55,"column":28}},"loc":{"start":{"line":55,"column":36},"end":{"line":56,"column":36}},"line":55},"4":{"name":"(anonymous_4)","decl":{"start":{"line":64,"column":26},"end":{"line":64,"column":27}},"loc":{"start":{"line":64,"column":45},"end":{"line":68,"column":2}},"line":64},"5":{"name":"(anonymous_5)","decl":{"start":{"line":76,"column":29},"end":{"line":76,"column":30}},"loc":{"start":{"line":76,"column":48},"end":{"line":82,"column":2}},"line":76},"6":{"name":"(anonymous_6)","decl":{"start":{"line":89,"column":24},"end":{"line":89,"column":25}},"loc":{"start":{"line":89,"column":33},"end":{"line":90,"column":36}},"line":89},"7":{"name":"(anonymous_7)","decl":{"start":{"line":98,"column":23},"end":{"line":98,"column":24}},"loc":{"start":{"line":98,"column":42},"end":{"line":102,"column":2}},"line":98},"8":{"name":"(anonymous_8)","decl":{"start":{"line":110,"column":26},"end":{"line":110,"column":27}},"loc":{"start":{"line":110,"column":45},"end":{"line":115,"column":2}},"line":110},"9":{"name":"(anonymous_9)","decl":{"start":{"line":116,"column":16},"end":{"line":116,"column":17}},"loc":{"start":{"line":116,"column":50},"end":{"line":141,"column":1}},"line":116}},"branchMap":{"0":{"loc":{"start":{"line":116,"column":17},"end":{"line":116,"column":37}},"type":"default-arg","locations":[{"start":{"line":116,"column":25},"end":{"line":116,"column":37}}],"line":116},"1":{"loc":{"start":{"line":117,"column":2},"end":{"line":140,"column":3}},"type":"switch","locations":[{"start":{"line":118,"column":4},"end":{"line":119,"column":37}},{"start":{"line":120,"column":4},"end":{"line":121,"column":47}},{"start":{"line":122,"column":4},"end":{"line":123,"column":44}},{"start":{"line":125,"column":4},"end":{"line":126,"column":39}},{"start":{"line":127,"column":4},"end":{"line":128,"column":49}},{"start":{"line":129,"column":4},"end":{"line":130,"column":46}},{"start":{"line":132,"column":4},"end":{"line":133,"column":36}},{"start":{"line":134,"column":4},"end":{"line":135,"column":46}},{"start":{"line":136,"column":4},"end":{"line":137,"column":43}},{"start":{"line":138,"column":4},"end":{"line":139,"column":19}}],"line":117}},"s":{"0":4,"1":4,"2":1,"3":4,"4":1,"5":4,"6":1,"7":4,"8":1,"9":4,"10":1,"11":4,"12":1,"13":4,"14":1,"15":4,"16":1,"17":4,"18":1,"19":4,"20":16,"21":1,"22":1,"23":1,"24":1,"25":1,"26":1,"27":1,"28":1,"29":1,"30":7},"f":{"0":1,"1":1,"2":1,"3":1,"4":1,"5":1,"6":1,"7":1,"8":1,"9":16},"b":{"0":[5],"1":[1,1,1,1,1,1,1,1,1,7]},"_coverageSchema":"332fd63041d2c1bcb487cc26dd0d5f7d97098a6c","hash":"a6b6fb7406ca8717ff53abc2171547a4176c438d"}
,"/Users/davidessien/Documents/apps/selene-ah-frontend/src/reducers/userProfileReducers/Statistics.js": {"path":"/Users/davidessien/Documents/apps/selene-ah-frontend/src/reducers/userProfileReducers/Statistics.js","statementMap":{"0":{"start":{"line":4,"column":28},"end":{"line":13,"column":1}},"1":{"start":{"line":21,"column":21},"end":{"line":26,"column":1}},"2":{"start":{"line":22,"column":2},"end":{"line":25,"column":4}},"3":{"start":{"line":34,"column":31},"end":{"line":38,"column":1}},"4":{"start":{"line":35,"column":2},"end":{"line":37,"column":4}},"5":{"start":{"line":46,"column":31},"end":{"line":50,"column":1}},"6":{"start":{"line":47,"column":2},"end":{"line":49,"column":4}},"7":{"start":{"line":58,"column":32},"end":{"line":62,"column":1}},"8":{"start":{"line":59,"column":2},"end":{"line":61,"column":4}},"9":{"start":{"line":70,"column":32},"end":{"line":74,"column":1}},"10":{"start":{"line":71,"column":2},"end":{"line":73,"column":4}},"11":{"start":{"line":82,"column":30},"end":{"line":86,"column":1}},"12":{"start":{"line":83,"column":2},"end":{"line":85,"column":4}},"13":{"start":{"line":94,"column":31},"end":{"line":98,"column":1}},"14":{"start":{"line":95,"column":2},"end":{"line":97,"column":4}},"15":{"start":{"line":100,"column":16},"end":{"line":129,"column":1}},"16":{"start":{"line":101,"column":2},"end":{"line":128,"column":3}},"17":{"start":{"line":103,"column":6},"end":{"line":103,"column":41}},"18":{"start":{"line":105,"column":6},"end":{"line":105,"column":41}},"19":{"start":{"line":107,"column":6},"end":{"line":107,"column":41}},"20":{"start":{"line":109,"column":6},"end":{"line":109,"column":41}},"21":{"start":{"line":111,"column":6},"end":{"line":111,"column":41}},"22":{"start":{"line":113,"column":6},"end":{"line":113,"column":41}},"23":{"start":{"line":115,"column":6},"end":{"line":115,"column":52}},"24":{"start":{"line":117,"column":6},"end":{"line":117,"column":50}},"25":{"start":{"line":119,"column":6},"end":{"line":119,"column":51}},"26":{"start":{"line":121,"column":6},"end":{"line":121,"column":52}},"27":{"start":{"line":123,"column":6},"end":{"line":123,"column":51}},"28":{"start":{"line":125,"column":6},"end":{"line":125,"column":51}},"29":{"start":{"line":127,"column":6},"end":{"line":127,"column":19}}},"fnMap":{"0":{"name":"(anonymous_0)","decl":{"start":{"line":21,"column":21},"end":{"line":21,"column":22}},"loc":{"start":{"line":22,"column":2},"end":{"line":25,"column":4}},"line":22},"1":{"name":"(anonymous_1)","decl":{"start":{"line":34,"column":31},"end":{"line":34,"column":32}},"loc":{"start":{"line":35,"column":2},"end":{"line":37,"column":4}},"line":35},"2":{"name":"(anonymous_2)","decl":{"start":{"line":46,"column":31},"end":{"line":46,"column":32}},"loc":{"start":{"line":47,"column":2},"end":{"line":49,"column":4}},"line":47},"3":{"name":"(anonymous_3)","decl":{"start":{"line":58,"column":32},"end":{"line":58,"column":33}},"loc":{"start":{"line":59,"column":2},"end":{"line":61,"column":4}},"line":59},"4":{"name":"(anonymous_4)","decl":{"start":{"line":70,"column":32},"end":{"line":70,"column":33}},"loc":{"start":{"line":71,"column":2},"end":{"line":73,"column":4}},"line":71},"5":{"name":"(anonymous_5)","decl":{"start":{"line":82,"column":30},"end":{"line":82,"column":31}},"loc":{"start":{"line":83,"column":2},"end":{"line":85,"column":4}},"line":83},"6":{"name":"(anonymous_6)","decl":{"start":{"line":94,"column":31},"end":{"line":94,"column":32}},"loc":{"start":{"line":95,"column":2},"end":{"line":97,"column":4}},"line":95},"7":{"name":"(anonymous_7)","decl":{"start":{"line":100,"column":16},"end":{"line":100,"column":17}},"loc":{"start":{"line":100,"column":50},"end":{"line":129,"column":1}},"line":100}},"branchMap":{"0":{"loc":{"start":{"line":100,"column":17},"end":{"line":100,"column":37}},"type":"default-arg","locations":[{"start":{"line":100,"column":25},"end":{"line":100,"column":37}}],"line":100},"1":{"loc":{"start":{"line":101,"column":2},"end":{"line":128,"column":3}},"type":"switch","locations":[{"start":{"line":102,"column":4},"end":{"line":103,"column":41}},{"start":{"line":104,"column":4},"end":{"line":105,"column":41}},{"start":{"line":106,"column":4},"end":{"line":107,"column":41}},{"start":{"line":108,"column":4},"end":{"line":109,"column":41}},{"start":{"line":110,"column":4},"end":{"line":111,"column":41}},{"start":{"line":112,"column":4},"end":{"line":113,"column":41}},{"start":{"line":114,"column":4},"end":{"line":115,"column":52}},{"start":{"line":116,"column":4},"end":{"line":117,"column":50}},{"start":{"line":118,"column":4},"end":{"line":119,"column":51}},{"start":{"line":120,"column":4},"end":{"line":121,"column":52}},{"start":{"line":122,"column":4},"end":{"line":123,"column":51}},{"start":{"line":124,"column":4},"end":{"line":125,"column":51}},{"start":{"line":126,"column":4},"end":{"line":127,"column":19}}],"line":101}},"s":{"0":2,"1":2,"2":6,"3":2,"4":1,"5":2,"6":1,"7":2,"8":1,"9":2,"10":1,"11":2,"12":1,"13":2,"14":1,"15":2,"16":15,"17":1,"18":1,"19":1,"20":1,"21":1,"22":1,"23":1,"24":1,"25":1,"26":1,"27":1,"28":1,"29":3},"f":{"0":6,"1":1,"2":1,"3":1,"4":1,"5":1,"6":1,"7":15},"b":{"0":[3],"1":[1,1,1,1,1,1,1,1,1,1,1,1,3]},"_coverageSchema":"332fd63041d2c1bcb487cc26dd0d5f7d97098a6c","hash":"f1a33376c7cea866fae9725be6baffc9b99d3c7d"}
}
