TN:
SF:/Users/davidessien/Documents/apps/selene-ah-frontend/src/routes.js
FNF:0
FNH:0
DA:16,1
LF:1
LH:1
BRF:0
BRH:0
end_of_record
TN:
SF:/Users/davidessien/Documents/apps/selene-ah-frontend/src/store.js
FNF:0
FNH:0
DA:6,1
DA:8,1
LF:2
LH:2
BRF:0
BRH:0
end_of_record
TN:
SF:/Users/davidessien/Documents/apps/selene-ah-frontend/src/actions/articleAction/actionTypes.js
FNF:0
FNH:0
DA:1,5
DA:2,5
DA:3,5
DA:5,5
DA:6,5
DA:8,5
LF:6
LH:6
BRF:0
BRH:0
end_of_record
TN:
SF:/Users/davidessien/Documents/apps/selene-ah-frontend/src/actions/articleAction/articleView.js
FN:4,(anonymous_0)
FN:8,(anonymous_1)
FN:13,(anonymous_2)
FN:18,(anonymous_3)
FN:22,(anonymous_4)
FN:27,(anonymous_5)
FN:37,(anonymous_6)
FN:37,(anonymous_7)
FN:40,(anonymous_8)
FN:43,(anonymous_9)
FN:53,(anonymous_10)
FN:53,(anonymous_11)
FNF:12
FNH:12
FNDA:4,(anonymous_0)
FNDA:3,(anonymous_1)
FNDA:2,(anonymous_2)
FNDA:4,(anonymous_3)
FNDA:4,(anonymous_4)
FNDA:1,(anonymous_5)
FNDA:3,(anonymous_6)
FNDA:3,(anonymous_7)
FNDA:2,(anonymous_8)
FNDA:1,(anonymous_9)
FNDA:3,(anonymous_10)
FNDA:3,(anonymous_11)
DA:4,4
DA:8,4
DA:13,4
DA:18,4
DA:22,4
DA:27,4
DA:37,4
DA:38,3
DA:39,3
DA:41,2
DA:44,1
DA:45,1
DA:53,4
DA:54,3
DA:55,3
DA:56,3
DA:57,3
DA:62,2
DA:64,1
LF:19
LH:19
BRF:0
BRH:0
end_of_record
TN:
SF:/Users/davidessien/Documents/apps/selene-ah-frontend/src/actions/articles/actionTypes.js
FNF:0
FNH:0
DA:1,8
DA:2,8
DA:3,8
DA:5,8
DA:6,8
DA:7,8
DA:9,8
DA:10,8
DA:11,8
DA:13,8
DA:14,8
DA:15,8
LF:12
LH:12
BRF:0
BRH:0
end_of_record
TN:
SF:/Users/davidessien/Documents/apps/selene-ah-frontend/src/actions/articles/articleActions.js
FN:12,(anonymous_0)
FN:14,(anonymous_1)
FN:19,(anonymous_2)
FN:24,(anonymous_3)
FN:26,(anonymous_4)
FN:31,(anonymous_5)
FN:36,(anonymous_6)
FN:36,(anonymous_7)
FN:53,(anonymous_8)
FN:53,(anonymous_9)
FNF:10
FNH:10
FNDA:3,(anonymous_0)
FNDA:2,(anonymous_1)
FNDA:2,(anonymous_2)
FNDA:3,(anonymous_3)
FNDA:2,(anonymous_4)
FNDA:2,(anonymous_5)
FNDA:2,(anonymous_6)
FNDA:2,(anonymous_7)
FNDA:2,(anonymous_8)
FNDA:2,(anonymous_9)
DA:12,3
DA:14,3
DA:19,3
DA:24,3
DA:26,3
DA:31,3
DA:36,3
DA:37,2
DA:38,2
DA:39,2
DA:40,2
DA:47,1
DA:49,1
DA:53,3
DA:54,2
DA:55,2
DA:56,2
DA:57,2
DA:66,1
DA:68,1
LF:20
LH:20
BRF:0
BRH:0
end_of_record
TN:
SF:/Users/davidessien/Documents/apps/selene-ah-frontend/src/actions/articles/categoryActions.js
FN:9,(anonymous_0)
FN:13,(anonymous_1)
FN:18,(anonymous_2)
FN:23,(anonymous_3)
FN:23,(anonymous_4)
FNF:5
FNH:5
FNDA:3,(anonymous_0)
FNDA:2,(anonymous_1)
FNDA:2,(anonymous_2)
FNDA:2,(anonymous_3)
FNDA:2,(anonymous_4)
DA:9,3
DA:13,3
DA:18,3
DA:23,3
DA:24,2
DA:25,2
DA:26,2
DA:27,1
DA:29,1
LF:9
LH:9
BRF:0
BRH:0
end_of_record
TN:
SF:/Users/davidessien/Documents/apps/selene-ah-frontend/src/actions/articles/imageUploadActions.js
FN:9,(anonymous_0)
FN:13,(anonymous_1)
FN:18,(anonymous_2)
FN:23,(anonymous_3)
FN:23,(anonymous_4)
FNF:5
FNH:5
FNDA:3,(anonymous_0)
FNDA:2,(anonymous_1)
FNDA:2,(anonymous_2)
FNDA:2,(anonymous_3)
FNDA:2,(anonymous_4)
DA:9,3
DA:13,3
DA:18,3
DA:23,3
DA:24,2
DA:25,2
DA:26,2
DA:32,1
DA:34,1
LF:9
LH:9
BRF:0
BRH:0
end_of_record
TN:
SF:/Users/davidessien/Documents/apps/selene-ah-frontend/src/actions/articles/index.js
FNF:0
FNH:0
LF:0
LH:0
BRF:0
BRH:0
end_of_record
TN:
SF:/Users/davidessien/Documents/apps/selene-ah-frontend/src/actions/authAction/actionTypes.js
FNF:0
FNH:0
DA:2,19
DA:3,19
DA:4,19
DA:7,19
DA:8,19
DA:9,19
DA:12,19
DA:13,19
DA:14,19
DA:15,19
DA:16,19
DA:17,19
DA:20,19
DA:21,19
DA:22,19
DA:25,19
DA:26,19
DA:27,19
DA:30,19
DA:31,19
DA:32,19
LF:21
LH:21
BRF:0
BRH:0
end_of_record
TN:
SF:/Users/davidessien/Documents/apps/selene-ah-frontend/src/actions/authAction/login.js
FN:4,(anonymous_0)
FN:8,(anonymous_1)
FN:13,(anonymous_2)
FN:18,(anonymous_3)
FN:18,(anonymous_4)
FN:21,(anonymous_5)
FN:25,(anonymous_6)
FNF:7
FNH:7
FNDA:4,(anonymous_0)
FNDA:2,(anonymous_1)
FNDA:3,(anonymous_2)
FNDA:3,(anonymous_3)
FNDA:3,(anonymous_4)
FNDA:2,(anonymous_5)
FNDA:2,(anonymous_6)
DA:4,4
DA:8,3
DA:13,3
DA:18,3
DA:19,3
DA:20,3
DA:22,2
DA:23,1
DA:25,2
LF:9
LH:9
BRF:0
BRH:0
end_of_record
TN:
SF:/Users/davidessien/Documents/apps/selene-ah-frontend/src/actions/authAction/resetPassword.js
FN:5,(anonymous_0)
FN:9,(anonymous_1)
FN:14,(anonymous_2)
FN:20,(anonymous_3)
FN:20,(anonymous_4)
FN:26,(anonymous_5)
FN:28,(anonymous_6)
FNF:7
FNH:7
FNDA:4,(anonymous_0)
FNDA:3,(anonymous_1)
FNDA:2,(anonymous_2)
FNDA:3,(anonymous_3)
FNDA:3,(anonymous_4)
FNDA:2,(anonymous_5)
FNDA:1,(anonymous_6)
DA:5,4
DA:9,3
DA:14,3
DA:20,3
DA:21,3
DA:24,3
DA:25,3
DA:27,2
DA:29,1
LF:9
LH:9
BRF:0
BRH:0
end_of_record
TN:
SF:/Users/davidessien/Documents/apps/selene-ah-frontend/src/actions/authAction/signup.js
FN:8,(anonymous_0)
FN:17,(anonymous_1)
FN:27,(anonymous_2)
FN:38,(anonymous_3)
FN:38,(anonymous_4)
FNF:5
FNH:5
FNDA:4,(anonymous_0)
FNDA:4,(anonymous_1)
FNDA:2,(anonymous_2)
FNDA:3,(anonymous_3)
FNDA:3,(anonymous_4)
DA:8,4
DA:17,4
DA:27,3
DA:38,3
DA:39,3
DA:40,3
DA:41,3
DA:43,3
DA:44,3
DA:45,3
DA:47,1
LF:11
LH:11
BRF:0
BRH:0
end_of_record
TN:
SF:/Users/davidessien/Documents/apps/selene-ah-frontend/src/actions/authAction/socialAuth.js
FN:5,(anonymous_0)
FN:27,(anonymous_1)
FN:40,(anonymous_2)
FN:47,(anonymous_3)
FN:47,(anonymous_4)
FNF:5
FNH:5
FNDA:9,(anonymous_0)
FNDA:5,(anonymous_1)
FNDA:5,(anonymous_2)
FNDA:9,(anonymous_3)
FNDA:9,(anonymous_4)
DA:5,3
DA:6,9
DA:8,3
DA:13,3
DA:19,2
DA:23,1
DA:27,3
DA:28,5
DA:30,1
DA:32,1
DA:34,1
DA:36,2
DA:40,5
DA:47,9
DA:48,9
DA:49,9
DA:50,9
DA:51,6
DA:52,3
DA:53,3
DA:54,3
DA:56,3
DA:57,3
DA:58,3
DA:59,3
DA:62,3
LF:26
LH:26
BRDA:6,0,0,3
BRDA:6,0,1,3
BRDA:6,0,2,2
BRDA:6,0,3,1
BRDA:28,1,0,1
BRDA:28,1,1,1
BRDA:28,1,2,1
BRDA:28,1,3,2
BRDA:51,2,0,3
BRDA:51,2,1,3
BRDA:56,3,0,3
BRDA:56,3,1,0
BRF:12
BRH:11
end_of_record
TN:
SF:/Users/davidessien/Documents/apps/selene-ah-frontend/src/actions/authAction/updatePassword.js
FN:5,(anonymous_0)
FN:9,(anonymous_1)
FN:14,(anonymous_2)
FN:20,(anonymous_3)
FN:20,(anonymous_4)
FN:29,(anonymous_5)
FN:31,(anonymous_6)
FNF:7
FNH:7
FNDA:4,(anonymous_0)
FNDA:3,(anonymous_1)
FNDA:2,(anonymous_2)
FNDA:3,(anonymous_3)
FNDA:3,(anonymous_4)
FNDA:2,(anonymous_5)
FNDA:1,(anonymous_6)
DA:5,4
DA:9,3
DA:14,3
DA:20,3
DA:21,3
DA:24,3
DA:27,3
DA:28,3
DA:30,2
DA:32,1
LF:10
LH:10
BRF:0
BRH:0
end_of_record
TN:
SF:/Users/davidessien/Documents/apps/selene-ah-frontend/src/actions/commentAction/actionTypes.js
FNF:0
FNH:0
DA:2,6
DA:3,6
DA:4,6
DA:7,6
DA:8,6
DA:9,6
LF:6
LH:6
BRF:0
BRH:0
end_of_record
TN:
SF:/Users/davidessien/Documents/apps/selene-ah-frontend/src/actions/commentAction/commentView.js
FN:4,(anonymous_0)
FN:8,(anonymous_1)
FN:13,(anonymous_2)
FN:19,(anonymous_3)
FN:23,(anonymous_4)
FN:29,(anonymous_5)
FN:40,(anonymous_6)
FN:40,(anonymous_7)
FN:59,(anonymous_8)
FN:59,(anonymous_9)
FNF:10
FNH:10
FNDA:4,(anonymous_0)
FNDA:3,(anonymous_1)
FNDA:3,(anonymous_2)
FNDA:5,(anonymous_3)
FNDA:2,(anonymous_4)
FNDA:1,(anonymous_5)
FNDA:2,(anonymous_6)
FNDA:2,(anonymous_7)
FNDA:3,(anonymous_8)
FNDA:3,(anonymous_9)
DA:4,5
DA:8,5
DA:13,5
DA:19,5
DA:23,5
DA:29,5
DA:40,5
DA:41,2
DA:42,2
DA:43,2
DA:46,1
DA:48,1
DA:59,5
DA:60,3
DA:61,3
DA:64,3
DA:65,3
DA:66,3
DA:71,2
DA:73,1
LF:20
LH:20
BRF:0
BRH:0
end_of_record
TN:
SF:/Users/davidessien/Documents/apps/selene-ah-frontend/src/actions/ratings/actionTypes.js
FNF:0
FNH:0
DA:1,8
DA:2,8
DA:3,8
DA:5,8
DA:6,8
DA:7,8
DA:9,8
DA:10,8
DA:11,8
LF:9
LH:9
BRF:0
BRH:0
end_of_record
TN:
SF:/Users/davidessien/Documents/apps/selene-ah-frontend/src/actions/ratings/averageRatingActionCreators.js
FN:4,(anonymous_0)
FN:8,(anonymous_1)
FN:13,(anonymous_2)
FN:18,(anonymous_3)
FN:18,(anonymous_4)
FNF:5
FNH:5
FNDA:3,(anonymous_0)
FNDA:2,(anonymous_1)
FNDA:2,(anonymous_2)
FNDA:2,(anonymous_3)
FNDA:2,(anonymous_4)
DA:4,3
DA:8,3
DA:13,3
DA:18,3
DA:19,2
DA:20,2
DA:21,2
DA:23,1
DA:25,1
LF:9
LH:9
BRF:0
BRH:0
end_of_record
TN:
SF:/Users/davidessien/Documents/apps/selene-ah-frontend/src/actions/ratings/postRatingActionCreators.js
FN:4,(anonymous_0)
FN:8,(anonymous_1)
FN:13,(anonymous_2)
FN:18,(anonymous_3)
FN:18,(anonymous_4)
FNF:5
FNH:5
FNDA:3,(anonymous_0)
FNDA:2,(anonymous_1)
FNDA:2,(anonymous_2)
FNDA:2,(anonymous_3)
FNDA:2,(anonymous_4)
DA:4,3
DA:8,3
DA:13,3
DA:18,3
DA:19,2
DA:20,2
DA:21,2
DA:22,2
DA:29,1
DA:31,1
LF:10
LH:10
BRF:0
BRH:0
end_of_record
TN:
SF:/Users/davidessien/Documents/apps/selene-ah-frontend/src/actions/ratings/userRatingActionCreators.js
FN:4,(anonymous_0)
FN:8,(anonymous_1)
FN:13,(anonymous_2)
FN:18,(anonymous_3)
FN:18,(anonymous_4)
FNF:5
FNH:5
FNDA:3,(anonymous_0)
FNDA:2,(anonymous_1)
FNDA:2,(anonymous_2)
FNDA:2,(anonymous_3)
FNDA:2,(anonymous_4)
DA:4,3
DA:8,3
DA:13,3
DA:18,3
DA:19,2
DA:20,2
DA:21,2
DA:22,2
DA:28,1
DA:30,1
LF:10
LH:10
BRF:0
BRH:0
end_of_record
TN:
SF:/Users/davidessien/Documents/apps/selene-ah-frontend/src/actions/reactionActions/actionTypes.js
FNF:0
FNH:0
DA:1,9
DA:2,9
DA:3,9
DA:5,9
DA:6,9
DA:7,9
DA:9,9
DA:10,9
DA:11,9
LF:9
LH:9
BRF:0
BRH:0
end_of_record
TN:
SF:/Users/davidessien/Documents/apps/selene-ah-frontend/src/actions/reactionActions/follow.js
FN:4,(anonymous_0)
FN:8,(anonymous_1)
FN:13,(anonymous_2)
FN:19,(anonymous_3)
FN:23,(anonymous_4)
FN:28,(anonymous_5)
FN:33,(anonymous_6)
FN:33,(anonymous_7)
FN:49,(anonymous_8)
FN:49,(anonymous_9)
FNF:10
FNH:10
FNDA:3,(anonymous_0)
FNDA:2,(anonymous_1)
FNDA:2,(anonymous_2)
FNDA:3,(anonymous_3)
FNDA:2,(anonymous_4)
FNDA:2,(anonymous_5)
FNDA:2,(anonymous_6)
FNDA:2,(anonymous_7)
FNDA:2,(anonymous_8)
FNDA:2,(anonymous_9)
DA:4,5
DA:8,5
DA:13,5
DA:19,5
DA:23,5
DA:28,5
DA:33,5
DA:34,2
DA:35,2
DA:36,2
DA:37,2
DA:43,1
DA:45,1
DA:49,5
DA:50,2
DA:51,2
DA:52,2
DA:53,2
DA:61,1
DA:63,1
LF:20
LH:20
BRF:0
BRH:0
end_of_record
TN:
SF:/Users/davidessien/Documents/apps/selene-ah-frontend/src/actions/reactionActions/likeArticleActions.js
FN:4,(anonymous_0)
FN:8,(anonymous_1)
FN:13,(anonymous_2)
FN:19,(anonymous_3)
FN:19,(anonymous_4)
FNF:5
FNH:5
FNDA:4,(anonymous_0)
FNDA:3,(anonymous_1)
FNDA:3,(anonymous_2)
FNDA:2,(anonymous_3)
FNDA:2,(anonymous_4)
DA:4,5
DA:8,5
DA:13,5
DA:19,5
DA:20,2
DA:21,2
DA:22,2
DA:23,2
DA:30,1
DA:32,1
LF:10
LH:10
BRF:0
BRH:0
end_of_record
TN:
SF:/Users/davidessien/Documents/apps/selene-ah-frontend/src/actions/userAction/actionTypes.js
FNF:0
FNH:0
DA:1,10
DA:2,10
DA:3,10
DA:5,10
DA:6,10
DA:7,10
DA:9,10
DA:10,10
DA:11,10
LF:9
LH:9
BRF:0
BRH:0
end_of_record
TN:
SF:/Users/davidessien/Documents/apps/selene-ah-frontend/src/actions/userAction/getArticle.js
FN:4,(anonymous_0)
FN:8,(anonymous_1)
FN:13,(anonymous_2)
FN:17,(anonymous_3)
FN:17,(anonymous_4)
FN:26,(anonymous_5)
FN:29,(anonymous_6)
FNF:7
FNH:7
FNDA:3,(anonymous_0)
FNDA:2,(anonymous_1)
FNDA:2,(anonymous_2)
FNDA:2,(anonymous_3)
FNDA:2,(anonymous_4)
FNDA:1,(anonymous_5)
FNDA:1,(anonymous_6)
DA:4,4
DA:8,4
DA:13,4
DA:17,4
DA:18,2
DA:19,2
DA:20,2
DA:27,1
DA:30,1
LF:9
LH:9
BRF:0
BRH:0
end_of_record
TN:
SF:/Users/davidessien/Documents/apps/selene-ah-frontend/src/actions/userAction/getProfile.js
FN:4,(anonymous_0)
FN:8,(anonymous_1)
FN:13,(anonymous_2)
FN:18,(anonymous_3)
FN:18,(anonymous_4)
FN:26,(anonymous_5)
FN:29,(anonymous_6)
FNF:7
FNH:7
FNDA:3,(anonymous_0)
FNDA:2,(anonymous_1)
FNDA:2,(anonymous_2)
FNDA:2,(anonymous_3)
FNDA:2,(anonymous_4)
FNDA:1,(anonymous_5)
FNDA:1,(anonymous_6)
DA:4,3
DA:8,3
DA:13,3
DA:18,3
DA:19,2
DA:20,2
DA:23,2
DA:24,2
DA:27,1
DA:30,1
LF:10
LH:10
BRF:0
BRH:0
end_of_record
TN:
SF:/Users/davidessien/Documents/apps/selene-ah-frontend/src/actions/userAction/updateProfile.js
FN:4,(anonymous_0)
FN:8,(anonymous_1)
FN:14,(anonymous_2)
FN:19,(anonymous_3)
FN:19,(anonymous_4)
FN:30,(anonymous_5)
FN:33,(anonymous_6)
FNF:7
FNH:7
FNDA:4,(anonymous_0)
FNDA:3,(anonymous_1)
FNDA:2,(anonymous_2)
FNDA:3,(anonymous_3)
FNDA:3,(anonymous_4)
FNDA:2,(anonymous_5)
FNDA:1,(anonymous_6)
DA:4,4
DA:8,4
DA:14,4
DA:19,4
DA:20,3
DA:23,3
DA:24,3
DA:27,3
DA:28,3
DA:31,2
DA:34,1
LF:11
LH:11
BRF:0
BRH:0
end_of_record
TN:
SF:/Users/davidessien/Documents/apps/selene-ah-frontend/src/actions/userStat/actionTypes.js
FNF:0
FNH:0
DA:1,4
DA:2,4
DA:3,4
DA:4,4
DA:5,4
DA:6,4
DA:7,4
DA:8,4
DA:9,4
DA:10,4
DA:11,4
DA:12,4
LF:12
LH:12
BRF:0
BRH:0
end_of_record
TN:
SF:/Users/davidessien/Documents/apps/selene-ah-frontend/src/actions/userStat/getUserStat.js
FN:5,(anonymous_0)
FN:12,(anonymous_1)
FN:20,(anonymous_2)
FN:29,(anonymous_3)
FN:29,(anonymous_4)
FN:50,(anonymous_5)
FN:50,(anonymous_6)
FN:68,(anonymous_7)
FN:68,(anonymous_8)
FN:86,(anonymous_9)
FN:86,(anonymous_10)
FN:104,(anonymous_11)
FN:104,(anonymous_12)
FN:121,(anonymous_13)
FN:121,(anonymous_14)
FN:123,(anonymous_15)
FN:133,(anonymous_16)
FN:133,(anonymous_17)
FN:150,(anonymous_18)
FN:150,(anonymous_19)
FNF:20
FNH:20
FNDA:1,(anonymous_0)
FNDA:2,(anonymous_1)
FNDA:13,(anonymous_2)
FNDA:4,(anonymous_3)
FNDA:3,(anonymous_4)
FNDA:3,(anonymous_5)
FNDA:2,(anonymous_6)
FNDA:3,(anonymous_7)
FNDA:2,(anonymous_8)
FNDA:3,(anonymous_9)
FNDA:2,(anonymous_10)
FNDA:3,(anonymous_11)
FNDA:2,(anonymous_12)
FNDA:2,(anonymous_13)
FNDA:4,(anonymous_14)
FNDA:1,(anonymous_15)
FNDA:3,(anonymous_16)
FNDA:2,(anonymous_17)
FNDA:1,(anonymous_18)
FNDA:1,(anonymous_19)
DA:5,3
DA:6,1
DA:7,1
DA:8,1
DA:9,1
DA:12,3
DA:13,2
DA:14,1
DA:16,1
DA:17,1
DA:20,3
DA:21,13
DA:24,13
DA:25,7
DA:29,4
DA:30,3
DA:31,3
DA:32,3
DA:33,2
DA:37,2
DA:42,1
DA:50,3
DA:51,2
DA:52,2
DA:53,2
DA:54,1
DA:59,1
DA:68,3
DA:69,2
DA:70,2
DA:71,2
DA:72,1
DA:73,1
DA:78,1
DA:86,3
DA:87,2
DA:88,2
DA:89,2
DA:90,1
DA:91,1
DA:96,1
DA:104,3
DA:105,2
DA:106,2
DA:107,2
DA:108,1
DA:109,1
DA:114,1
DA:121,4
DA:123,3
DA:124,1
DA:129,1
DA:133,3
DA:134,2
DA:135,2
DA:136,2
DA:137,1
DA:138,1
DA:143,1
DA:150,3
DA:151,1
DA:152,1
DA:161,0
LF:63
LH:62
BRDA:13,0,0,1
BRDA:13,0,1,1
BRDA:56,1,0,0
BRDA:56,1,1,1
BRF:4
BRH:3
end_of_record
TN:
SF:/Users/davidessien/Documents/apps/selene-ah-frontend/src/components/editor/SerializerRules.js
FNF:0
FNH:0
DA:3,5
DA:9,5
DA:15,5
DA:18,7
DA:19,7
DA:20,1
DA:31,7
DA:32,5
DA:34,1
DA:40,2
DA:42,1
DA:50,7
DA:51,7
DA:52,1
DA:60,6
DA:61,4
DA:63,1
DA:65,1
DA:67,1
LF:19
LH:19
BRDA:19,0,0,1
BRDA:19,0,1,6
BRDA:31,1,0,5
BRDA:31,1,1,2
BRDA:32,2,0,1
BRDA:32,2,1,2
BRDA:32,2,2,1
BRDA:32,2,3,1
BRDA:51,3,0,1
BRDA:51,3,1,6
BRDA:60,4,0,4
BRDA:60,4,1,2
BRDA:61,5,0,1
BRDA:61,5,1,1
BRDA:61,5,2,1
BRDA:61,5,3,1
BRF:16
BRH:16
end_of_record
TN:
SF:/Users/davidessien/Documents/apps/selene-ah-frontend/src/components/pages/EmailConfirmation/EmailConfirmation.js
FN:10,(anonymous_0)
FNF:1
FNH:1
FNDA:1,(anonymous_0)
DA:10,2
DA:11,1
LF:2
LH:2
BRF:0
BRH:0
end_of_record
TN:
SF:/Users/davidessien/Documents/apps/selene-ah-frontend/src/components/pages/EmailVerification/EmailVerification.js
FN:9,(anonymous_0)
FNF:1
FNH:1
FNDA:1,(anonymous_0)
DA:9,2
DA:10,1
LF:2
LH:2
BRF:0
BRH:0
end_of_record
TN:
SF:/Users/davidessien/Documents/apps/selene-ah-frontend/src/components/pages/NoMatch/NoMatch.js
FN:10,(anonymous_0)
FNF:1
FNH:1
FNDA:1,(anonymous_0)
DA:10,2
DA:11,1
LF:2
LH:2
BRF:0
BRH:0
end_of_record
TN:
SF:/Users/davidessien/Documents/apps/selene-ah-frontend/src/components/userProfile/ProfileImage/ProfileImage.js
FN:10,(anonymous_0)
FNF:1
FNH:1
FNDA:1,(anonymous_0)
DA:10,4
DA:11,1
DA:21,4
LF:3
LH:3
BRF:0
BRH:0
end_of_record
TN:
SF:/Users/davidessien/Documents/apps/selene-ah-frontend/src/components/userProfile/SideWidget/ProfileLinks.js
FN:9,(anonymous_0)
FNF:1
FNH:1
FNDA:2,(anonymous_0)
DA:9,3
DA:10,2
LF:2
LH:2
BRF:0
BRH:0
end_of_record
TN:
SF:/Users/davidessien/Documents/apps/selene-ah-frontend/src/components/userProfile/SideWidget/SideWidget.js
FN:12,(anonymous_0)
FN:16,(anonymous_1)
FNF:2
FNH:2
FNDA:2,(anonymous_0)
FNDA:4,(anonymous_1)
DA:12,3
DA:13,2
DA:14,2
DA:17,4
DA:27,3
LF:5
LH:5
BRF:0
BRH:0
end_of_record
TN:
SF:/Users/davidessien/Documents/apps/selene-ah-frontend/src/components/userProfile/SideWidget/SideWidgetLinks/SideWidgetLink.js
FN:11,(anonymous_0)
FN:14,(anonymous_1)
FNF:2
FNH:2
FNDA:3,(anonymous_0)
FNDA:2,(anonymous_1)
DA:11,4
DA:12,3
DA:14,2
DA:20,4
LF:4
LH:4
BRDA:13,0,0,2
BRDA:13,0,1,1
BRF:2
BRH:2
end_of_record
TN:
SF:/Users/davidessien/Documents/apps/selene-ah-frontend/src/components/userProfile/SocialLinks/SocialLinks.js
FN:10,(anonymous_0)
FNF:1
FNH:1
FNDA:1,(anonymous_0)
DA:10,4
DA:11,1
DA:17,4
LF:3
LH:3
BRF:0
BRH:0
end_of_record
TN:
SF:/Users/davidessien/Documents/apps/selene-ah-frontend/src/components/userProfile/UpdateProfile/UpdateProfile.js
FN:45,(anonymous_0)
FN:55,(anonymous_1)
FN:77,(anonymous_2)
FN:98,(anonymous_3)
FN:110,(anonymous_4)
FN:115,(anonymous_5)
FN:246,(anonymous_6)
FN:250,(anonymous_7)
FNF:8
FNH:8
FNDA:2,(anonymous_0)
FNDA:1,(anonymous_1)
FNDA:1,(anonymous_2)
FNDA:2,(anonymous_3)
FNDA:16,(anonymous_4)
FNDA:1,(anonymous_5)
FNDA:1,(anonymous_6)
FNDA:1,(anonymous_7)
DA:46,2
DA:47,2
DA:48,1
DA:49,1
DA:56,1
DA:78,1
DA:79,1
DA:80,1
DA:90,1
DA:99,2
DA:100,2
DA:101,1
DA:102,1
DA:111,16
DA:115,1
DA:246,3
DA:250,3
LF:17
LH:17
BRDA:36,0,0,8
BRDA:36,0,1,0
BRDA:47,1,0,1
BRDA:47,1,1,1
BRDA:100,2,0,1
BRDA:100,2,1,1
BRDA:118,3,0,16
BRDA:118,3,1,0
BRDA:214,4,0,16
BRDA:214,4,1,14
BRF:10
BRH:8
end_of_record
TN:
SF:/Users/davidessien/Documents/apps/selene-ah-frontend/src/components/userProfile/UserArticle/ArticlesLoader.js
FN:10,(anonymous_0)
FNF:1
FNH:1
FNDA:4,(anonymous_0)
DA:10,1
DA:11,4
LF:2
LH:2
BRF:0
BRH:0
end_of_record
TN:
SF:/Users/davidessien/Documents/apps/selene-ah-frontend/src/components/userProfile/UserArticle/UserArticle.js
FN:27,(anonymous_0)
FN:36,(anonymous_1)
FN:37,(anonymous_2)
FN:57,(anonymous_3)
FN:61,(anonymous_4)
FNF:5
FNH:5
FNDA:4,(anonymous_0)
FNDA:8,(anonymous_1)
FNDA:6,(anonymous_2)
FNDA:1,(anonymous_3)
FNDA:1,(anonymous_4)
DA:28,4
DA:29,4
DA:37,8
DA:38,6
DA:43,8
DA:57,3
DA:61,3
LF:7
LH:7
BRDA:37,0,0,8
BRDA:37,0,1,2
BRDA:46,1,0,2
BRDA:46,1,1,6
BRF:4
BRH:4
end_of_record
TN:
SF:/Users/davidessien/Documents/apps/selene-ah-frontend/src/components/userProfile/UserInfo/UserInfo.js
FN:17,(anonymous_0)
FN:42,(anonymous_1)
FNF:2
FNH:2
FNDA:1,(anonymous_0)
FNDA:1,(anonymous_1)
DA:17,3
DA:18,1
DA:42,1
DA:50,3
LF:4
LH:4
BRF:0
BRH:0
end_of_record
TN:
SF:/Users/davidessien/Documents/apps/selene-ah-frontend/src/components/userProfile/UserInfo/UserInfoLoader.js
FN:9,(anonymous_0)
FNF:1
FNH:1
FNDA:1,(anonymous_0)
DA:9,3
DA:10,1
LF:2
LH:2
BRF:0
BRH:0
end_of_record
TN:
SF:/Users/davidessien/Documents/apps/selene-ah-frontend/src/components/utilities/index.js
FNF:0
FNH:0
LF:0
LH:0
BRF:0
BRH:0
end_of_record
TN:
SF:/Users/davidessien/Documents/apps/selene-ah-frontend/src/components/utilities/ArticleLoader/ArticleLoader.js
FN:7,(anonymous_0)
FNF:1
FNH:1
FNDA:1,(anonymous_0)
DA:7,3
DA:8,1
LF:2
LH:2
BRF:0
BRH:0
end_of_record
TN:
SF:/Users/davidessien/Documents/apps/selene-ah-frontend/src/components/utilities/BackDrop/BackDrop.js
FN:16,(anonymous_0)
FNF:1
FNH:1
FNDA:1,(anonymous_0)
DA:5,18
DA:16,18
DA:17,1
DA:25,18
LF:4
LH:4
BRF:0
BRH:0
end_of_record
TN:
SF:/Users/davidessien/Documents/apps/selene-ah-frontend/src/components/utilities/Button/Button.js
FN:9,(anonymous_0)
FNF:1
FNH:1
FNDA:2,(anonymous_0)
DA:9,16
DA:10,2
DA:21,16
LF:3
LH:3
BRF:0
BRH:0
end_of_record
TN:
SF:/Users/davidessien/Documents/apps/selene-ah-frontend/src/components/utilities/Card/ArticleParent.js
FN:5,(anonymous_0)
FNF:1
FNH:1
FNDA:1,(anonymous_0)
DA:5,4
DA:6,1
DA:18,4
LF:3
LH:3
BRF:0
BRH:0
end_of_record
TN:
SF:/Users/davidessien/Documents/apps/selene-ah-frontend/src/components/utilities/Card/Card.js
FN:12,(anonymous_0)
FNF:1
FNH:1
FNDA:4,(anonymous_0)
DA:12,17
DA:13,4
DA:54,17
LF:3
LH:3
BRDA:17,0,0,4
BRDA:17,0,1,0
BRDA:35,1,0,4
BRDA:35,1,1,1
BRDA:43,2,0,4
BRDA:43,2,1,0
BRF:6
BRH:4
end_of_record
TN:
SF:/Users/davidessien/Documents/apps/selene-ah-frontend/src/components/utilities/Card/CardParent.js
FN:10,(anonymous_0)
FNF:1
FNH:1
FNDA:2,(anonymous_0)
DA:10,16
DA:11,2
DA:27,16
LF:3
LH:3
BRF:0
BRH:0
end_of_record
TN:
SF:/Users/davidessien/Documents/apps/selene-ah-frontend/src/components/utilities/Hero/Hero.js
FN:11,(anonymous_0)
FNF:1
FNH:1
FNDA:2,(anonymous_0)
DA:11,3
DA:12,2
LF:2
LH:2
BRF:0
BRH:0
end_of_record
TN:
SF:/Users/davidessien/Documents/apps/selene-ah-frontend/src/components/utilities/Input/Input.js
FN:9,(anonymous_0)
FNF:1
FNH:1
FNDA:2,(anonymous_0)
DA:9,16
DA:10,2
DA:26,16
LF:3
LH:3
BRF:0
BRH:0
end_of_record
TN:
SF:/Users/davidessien/Documents/apps/selene-ah-frontend/src/components/utilities/Label/Label.js
FN:9,(anonymous_0)
FNF:1
FNH:1
FNDA:2,(anonymous_0)
DA:9,16
DA:10,2
DA:19,16
LF:3
LH:3
BRF:0
BRH:0
end_of_record
TN:
SF:/Users/davidessien/Documents/apps/selene-ah-frontend/src/components/utilities/MiniCard/MiniCard.js
FN:11,(anonymous_0)
FNF:1
FNH:1
FNDA:2,(anonymous_0)
DA:11,4
DA:12,2
DA:21,4
LF:3
LH:3
BRF:0
BRH:0
end_of_record
TN:
SF:/Users/davidessien/Documents/apps/selene-ah-frontend/src/components/utilities/Navbar/Navbar.js
FN:16,(anonymous_0)
FN:22,(anonymous_1)
FN:67,(anonymous_2)
FNF:3
FNH:3
FNDA:6,(anonymous_0)
FNDA:1,(anonymous_1)
FNDA:1,(anonymous_2)
DA:16,16
DA:22,1
DA:68,1
DA:69,1
DA:91,16
LF:5
LH:5
BRDA:51,0,0,5
BRDA:51,0,1,1
BRF:2
BRH:2
end_of_record
TN:
SF:/Users/davidessien/Documents/apps/selene-ah-frontend/src/components/utilities/Select/Select.js
FN:8,(anonymous_0)
FNF:1
FNH:1
FNDA:2,(anonymous_0)
DA:8,16
DA:9,2
DA:17,16
LF:3
LH:3
BRF:0
BRH:0
end_of_record
TN:
SF:/Users/davidessien/Documents/apps/selene-ah-frontend/src/components/utilities/ShareBtn/ShareButton.js
FN:18,(anonymous_0)
FNF:1
FNH:1
FNDA:1,(anonymous_0)
DA:18,4
DA:19,1
DA:53,4
LF:3
LH:3
BRF:0
BRH:0
end_of_record
TN:
SF:/Users/davidessien/Documents/apps/selene-ah-frontend/src/components/utilities/SideNav/SideNav.js
FN:17,(anonymous_0)
FNF:1
FNH:1
FNDA:4,(anonymous_0)
DA:18,4
DA:41,16
LF:2
LH:2
BRDA:24,0,0,3
BRDA:24,0,1,1
BRDA:31,1,0,3
BRDA:31,1,1,1
BRF:4
BRH:4
end_of_record
TN:
SF:/Users/davidessien/Documents/apps/selene-ah-frontend/src/components/utilities/SocialButtons/SocialButton.js
FN:9,(anonymous_0)
FNF:1
FNH:1
FNDA:2,(anonymous_0)
DA:9,16
DA:10,2
DA:16,16
LF:3
LH:3
BRF:0
BRH:0
end_of_record
TN:
SF:/Users/davidessien/Documents/apps/selene-ah-frontend/src/components/utilities/Tag/Tag.js
FN:10,(anonymous_0)
FNF:1
FNH:1
FNDA:2,(anonymous_0)
DA:10,16
DA:11,2
DA:21,16
LF:3
LH:3
BRDA:13,0,0,2
BRDA:13,0,1,0
BRF:2
BRH:1
end_of_record
TN:
SF:/Users/davidessien/Documents/apps/selene-ah-frontend/src/components/utilities/Tag/TagParent.js
FN:9,(anonymous_0)
FNF:1
FNH:1
FNDA:2,(anonymous_0)
DA:9,16
DA:10,2
DA:19,16
LF:3
LH:3
BRF:0
BRH:0
end_of_record
TN:
SF:/Users/davidessien/Documents/apps/selene-ah-frontend/src/containers/Article/Article.js
FN:31,(anonymous_0)
FN:39,(anonymous_1)
FN:47,(anonymous_2)
FN:64,(anonymous_3)
FN:73,(anonymous_4)
FNF:5
FNH:5
FNDA:2,(anonymous_0)
FNDA:1,(anonymous_1)
FNDA:1,(anonymous_2)
FNDA:17,(anonymous_3)
FNDA:1,(anonymous_4)
DA:32,2
DA:40,1
DA:48,1
DA:49,1
DA:65,17
DA:66,17
DA:67,17
DA:73,1
LF:8
LH:8
BRDA:27,0,0,10
BRDA:27,0,1,10
BRDA:65,1,0,1
BRDA:65,1,1,16
BRDA:66,2,0,1
BRDA:66,2,1,16
BRDA:71,3,0,2
BRDA:71,3,1,15
BRDA:76,4,0,2
BRDA:76,4,1,15
BRDA:84,5,0,4
BRDA:84,5,1,13
BRDA:94,6,0,0
BRDA:94,6,1,17
BRDA:104,7,0,17
BRDA:104,7,1,2
BRDA:116,8,0,3
BRDA:116,8,1,14
BRDA:126,9,0,17
BRDA:126,9,1,1
BRF:20
BRH:19
end_of_record
TN:
SF:/Users/davidessien/Documents/apps/selene-ah-frontend/src/containers/Article/ArticleView.js
FN:38,(anonymous_0)
FN:56,(anonymous_1)
FN:75,(anonymous_2)
FN:82,(anonymous_3)
FNF:4
FNH:4
FNDA:6,(anonymous_0)
FNDA:7,(anonymous_1)
FNDA:1,(anonymous_2)
FNDA:1,(anonymous_3)
DA:39,6
DA:40,6
DA:41,6
DA:42,6
DA:43,6
DA:44,6
DA:61,7
DA:62,7
DA:75,2
DA:82,2
LF:10
LH:10
BRDA:44,0,0,6
BRDA:44,0,1,5
BRDA:64,1,0,7
BRDA:64,1,1,6
BRDA:64,1,2,1
BRDA:67,2,0,7
BRDA:67,2,1,7
BRDA:67,2,2,1
BRDA:67,2,3,0
BRDA:67,2,4,7
BRF:10
BRH:9
end_of_record
TN:
SF:/Users/davidessien/Documents/apps/selene-ah-frontend/src/containers/Article/EditorHeader.js
FN:9,(anonymous_0)
FNF:1
FNH:1
FNDA:2,(anonymous_0)
DA:9,4
DA:10,2
DA:69,4
LF:3
LH:3
BRDA:25,0,0,2
BRDA:25,0,1,1
BRDA:25,0,2,1
BRDA:32,1,0,1
BRDA:32,1,1,1
BRDA:32,1,2,1
BRDA:40,2,0,1
BRDA:40,2,1,1
BRDA:45,3,0,2
BRDA:45,3,1,1
BRDA:45,3,2,1
BRDA:52,4,0,1
BRDA:52,4,1,1
BRDA:52,4,2,1
BRDA:60,5,0,1
BRDA:60,5,1,1
BRF:16
BRH:16
end_of_record
TN:
SF:/Users/davidessien/Documents/apps/selene-ah-frontend/src/containers/Article/SaveArticle.js
FN:72,(anonymous_0)
FN:83,(anonymous_1)
FN:90,(anonymous_2)
FN:105,(anonymous_3)
FN:139,(anonymous_4)
FN:174,(anonymous_5)
FN:177,(anonymous_6)
FN:194,(anonymous_7)
FN:211,(anonymous_8)
FN:223,(anonymous_9)
FN:230,(anonymous_10)
FN:262,(anonymous_11)
FN:303,(anonymous_12)
FN:308,(anonymous_13)
FN:329,(anonymous_14)
FNF:15
FNH:15
FNDA:2,(anonymous_0)
FNDA:2,(anonymous_1)
FNDA:2,(anonymous_2)
FNDA:6,(anonymous_3)
FNDA:7,(anonymous_4)
FNDA:3,(anonymous_5)
FNDA:2,(anonymous_6)
FNDA:2,(anonymous_7)
FNDA:3,(anonymous_8)
FNDA:1,(anonymous_9)
FNDA:4,(anonymous_10)
FNDA:46,(anonymous_11)
FNDA:48,(anonymous_12)
FNDA:8,(anonymous_13)
FNDA:1,(anonymous_14)
DA:73,2
DA:74,2
DA:75,2
DA:83,2
DA:91,2
DA:92,2
DA:93,1
DA:95,2
DA:96,2
DA:106,6
DA:107,6
DA:109,1
DA:110,1
DA:113,5
DA:114,1
DA:115,1
DA:118,4
DA:119,1
DA:120,1
DA:123,3
DA:130,3
DA:140,7
DA:143,7
DA:144,7
DA:146,3
DA:147,3
DA:150,4
DA:151,1
DA:153,1
DA:156,3
DA:159,3
DA:160,3
DA:161,3
DA:164,3
DA:175,3
DA:176,2
DA:177,2
DA:178,2
DA:183,2
DA:195,2
DA:196,2
DA:197,2
DA:198,1
DA:199,1
DA:200,1
DA:201,1
DA:212,3
DA:213,3
DA:214,3
DA:215,3
DA:223,1
DA:231,4
DA:232,4
DA:233,4
DA:234,1
DA:236,3
DA:237,1
DA:238,1
DA:240,3
DA:247,2
DA:248,2
DA:263,46
DA:265,2
DA:268,46
DA:270,2
DA:273,46
DA:275,1
DA:278,1
DA:279,1
DA:281,1
DA:284,46
DA:286,1
DA:289,46
DA:291,1
DA:295,46
DA:304,48
DA:305,48
DA:306,26
DA:307,26
DA:308,4
DA:309,8
DA:313,48
DA:325,48
DA:329,1
LF:84
LH:84
BRDA:92,0,0,1
BRDA:92,0,1,1
BRDA:106,1,0,1
BRDA:106,1,1,5
BRDA:107,2,0,1
BRDA:107,2,1,5
BRDA:107,3,0,6
BRDA:107,3,1,6
BRDA:107,3,2,5
BRDA:113,4,0,1
BRDA:113,4,1,4
BRDA:113,5,0,5
BRDA:113,5,1,4
BRDA:118,6,0,1
BRDA:118,6,1,3
BRDA:143,7,0,2
BRDA:143,7,1,5
BRDA:144,8,0,3
BRDA:144,8,1,4
BRDA:144,9,0,7
BRDA:144,9,1,6
BRDA:144,9,2,4
BRDA:150,10,0,1
BRDA:150,10,1,3
BRDA:150,11,0,4
BRDA:150,11,1,2
BRDA:156,12,0,2
BRDA:156,12,1,1
BRDA:159,13,0,1
BRDA:159,13,1,2
BRDA:160,14,0,2
BRDA:160,14,1,1
BRDA:161,15,0,1
BRDA:161,15,1,2
BRDA:175,16,0,2
BRDA:175,16,1,1
BRDA:197,17,0,1
BRDA:197,17,1,1
BRDA:231,18,0,4
BRDA:231,18,1,0
BRDA:233,19,0,1
BRDA:233,19,1,3
BRDA:236,20,0,1
BRDA:236,20,1,2
BRDA:247,21,0,2
BRDA:247,21,1,0
BRDA:263,22,0,2
BRDA:263,22,1,44
BRDA:263,23,0,46
BRDA:263,23,1,2
BRDA:268,24,0,2
BRDA:268,24,1,44
BRDA:268,25,0,46
BRDA:268,25,1,2
BRDA:273,26,0,1
BRDA:273,26,1,45
BRDA:273,27,0,46
BRDA:273,27,1,3
BRDA:284,28,0,1
BRDA:284,28,1,45
BRDA:284,29,0,46
BRDA:284,29,1,1
BRDA:289,30,0,1
BRDA:289,30,1,45
BRDA:289,31,0,46
BRDA:289,31,1,1
BRDA:305,32,0,26
BRDA:305,32,1,22
BRDA:307,33,0,4
BRDA:307,33,1,22
BRDA:327,34,0,32
BRDA:327,34,1,16
BRDA:332,35,0,32
BRDA:332,35,1,16
BRDA:344,36,0,48
BRDA:344,36,1,11
BRDA:346,37,0,44
BRDA:346,37,1,4
BRF:78
BRH:76
end_of_record
TN:
SF:/Users/davidessien/Documents/apps/selene-ah-frontend/src/containers/Article/SaveArticleContainer.js
FN:8,(anonymous_0)
FN:15,(anonymous_1)
FNF:2
FNH:2
FNDA:1,(anonymous_0)
FNDA:1,(anonymous_1)
DA:8,2
DA:15,2
DA:20,2
LF:3
LH:3
BRF:0
BRH:0
end_of_record
TN:
SF:/Users/davidessien/Documents/apps/selene-ah-frontend/src/containers/Article/TextEditor.js
FN:25,(anonymous_0)
FN:37,(anonymous_1)
FN:49,(anonymous_2)
FNF:3
FNH:3
FNDA:1,(anonymous_0)
FNDA:4,(anonymous_1)
FNDA:4,(anonymous_2)
DA:10,4
DA:26,1
DA:27,1
DA:28,1
DA:38,4
DA:39,1
DA:40,1
DA:42,3
DA:50,4
DA:64,4
LF:10
LH:10
BRDA:38,0,0,1
BRDA:38,0,1,3
BRDA:38,1,0,4
BRDA:38,1,1,1
BRF:4
BRH:4
end_of_record
TN:
SF:/Users/davidessien/Documents/apps/selene-ah-frontend/src/containers/Auth/Login/Login.js
FN:51,(anonymous_0)
FN:76,(anonymous_1)
FN:95,(anonymous_2)
FN:113,(anonymous_3)
FN:129,(anonymous_4)
FN:196,(anonymous_5)
FN:201,(anonymous_6)
FNF:7
FNH:7
FNDA:2,(anonymous_0)
FNDA:2,(anonymous_1)
FNDA:11,(anonymous_2)
FNDA:16,(anonymous_3)
FNDA:24,(anonymous_4)
FNDA:1,(anonymous_5)
FNDA:1,(anonymous_6)
DA:52,2
DA:54,2
DA:55,1
DA:56,1
DA:58,1
DA:60,2
DA:61,2
DA:77,2
DA:78,2
DA:79,2
DA:80,2
DA:81,1
DA:85,1
DA:87,1
DA:97,11
DA:98,1
DA:102,1
DA:103,10
DA:104,1
DA:106,10
DA:114,16
DA:115,16
DA:116,1
DA:121,16
DA:130,24
DA:196,2
DA:201,2
LF:27
LH:27
BRDA:54,0,0,1
BRDA:54,0,1,1
BRDA:80,1,0,1
BRDA:80,1,1,1
BRDA:97,2,0,1
BRDA:97,2,1,10
BRDA:97,3,0,11
BRDA:97,3,1,2
BRDA:103,4,0,1
BRDA:103,4,1,9
BRDA:115,5,0,1
BRDA:115,5,1,15
BRDA:121,6,0,1
BRDA:121,6,1,15
BRDA:161,7,0,24
BRDA:161,7,1,23
BRF:16
BRH:16
end_of_record
TN:
SF:/Users/davidessien/Documents/apps/selene-ah-frontend/src/containers/Auth/ResetPassword/ResetPassword.js
FN:33,(anonymous_0)
FN:46,(anonymous_1)
FN:57,(anonymous_2)
FN:71,(anonymous_3)
FN:80,(anonymous_4)
FN:91,(anonymous_5)
FN:155,(anonymous_6)
FN:158,(anonymous_7)
FNF:8
FNH:8
FNDA:8,(anonymous_0)
FNDA:1,(anonymous_1)
FNDA:6,(anonymous_2)
FNDA:8,(anonymous_3)
FNDA:1,(anonymous_4)
FNDA:12,(anonymous_5)
FNDA:1,(anonymous_6)
FNDA:1,(anonymous_7)
DA:34,8
DA:35,8
DA:47,1
DA:58,6
DA:59,1
DA:63,1
DA:65,5
DA:72,8
DA:81,1
DA:82,1
DA:83,1
DA:92,12
DA:155,2
DA:158,2
LF:14
LH:14
BRDA:58,0,0,1
BRDA:58,0,1,5
BRDA:58,1,0,6
BRDA:58,1,1,2
BRDA:98,2,0,11
BRDA:98,2,1,1
BRDA:118,3,0,11
BRDA:118,3,1,11
BRF:8
BRH:8
end_of_record
TN:
SF:/Users/davidessien/Documents/apps/selene-ah-frontend/src/containers/Auth/ResetPassword/UpdatePassword.js
FN:38,(anonymous_0)
FN:54,(anonymous_1)
FN:76,(anonymous_2)
FN:95,(anonymous_3)
FN:111,(anonymous_4)
FN:136,(anonymous_5)
FN:146,(anonymous_6)
FN:216,(anonymous_7)
FN:219,(anonymous_8)
FNF:9
FNH:9
FNDA:13,(anonymous_0)
FNDA:14,(anonymous_1)
FNDA:1,(anonymous_2)
FNDA:17,(anonymous_3)
FNDA:3,(anonymous_4)
FNDA:1,(anonymous_5)
FNDA:27,(anonymous_6)
FNDA:1,(anonymous_7)
FNDA:1,(anonymous_8)
DA:39,13
DA:40,13
DA:55,14
DA:56,14
DA:57,14
DA:58,1
DA:59,1
DA:61,13
DA:62,13
DA:63,13
DA:64,13
DA:65,0
DA:66,0
DA:77,1
DA:78,1
DA:79,1
DA:80,1
DA:96,17
DA:97,1
DA:101,1
DA:103,16
DA:112,3
DA:113,3
DA:114,3
DA:117,3
DA:118,3
DA:119,1
DA:123,1
DA:125,2
DA:126,1
DA:130,1
DA:132,1
DA:133,1
DA:137,1
DA:147,27
DA:216,2
DA:219,2
LF:37
LH:35
BRDA:57,0,0,1
BRDA:57,0,1,13
BRDA:57,1,0,14
BRDA:57,1,1,13
BRDA:64,2,0,0
BRDA:64,2,1,13
BRDA:96,3,0,1
BRDA:96,3,1,16
BRDA:96,4,0,17
BRDA:96,4,1,3
BRDA:118,5,0,1
BRDA:118,5,1,2
BRDA:125,6,0,1
BRDA:125,6,1,1
BRDA:151,7,0,23
BRDA:151,7,1,4
BRDA:180,8,0,23
BRDA:180,8,1,23
BRF:18
BRH:17
end_of_record
TN:
SF:/Users/davidessien/Documents/apps/selene-ah-frontend/src/containers/Auth/SignUp/SignUp.js
FN:36,(anonymous_0)
FN:59,(anonymous_1)
FN:74,(anonymous_2)
FN:85,(anonymous_3)
FN:94,(anonymous_4)
FN:113,(anonymous_5)
FN:122,(anonymous_6)
FN:141,(anonymous_7)
FN:165,(anonymous_8)
FN:175,(anonymous_9)
FNF:10
FNH:10
FNDA:3,(anonymous_0)
FNDA:29,(anonymous_1)
FNDA:6,(anonymous_2)
FNDA:6,(anonymous_3)
FNDA:6,(anonymous_4)
FNDA:3,(anonymous_5)
FNDA:2,(anonymous_6)
FNDA:2,(anonymous_7)
FNDA:1,(anonymous_8)
FNDA:30,(anonymous_9)
DA:37,3
DA:38,3
DA:60,29
DA:61,1
DA:65,1
DA:67,28
DA:75,6
DA:76,6
DA:77,6
DA:79,6
DA:86,6
DA:95,6
DA:96,6
DA:97,6
DA:98,1
DA:99,1
DA:103,5
DA:104,5
DA:114,3
DA:115,3
DA:123,2
DA:124,2
DA:125,2
DA:126,2
DA:127,1
DA:131,1
DA:133,1
DA:142,2
DA:143,2
DA:144,2
DA:148,1
DA:152,1
DA:155,1
DA:166,1
DA:167,1
DA:176,30
DA:177,30
DA:178,30
DA:179,30
LF:39
LH:39
BRDA:60,0,0,1
BRDA:60,0,1,28
BRDA:60,1,0,29
BRDA:60,1,1,1
BRDA:97,2,0,1
BRDA:97,2,1,5
BRDA:115,3,0,2
BRDA:115,3,1,1
BRDA:126,4,0,1
BRDA:126,4,1,1
BRDA:144,5,0,1
BRDA:144,5,1,1
BRDA:144,6,0,2
BRDA:144,6,1,1
BRDA:144,6,2,1
BRDA:144,6,3,1
BRDA:187,7,0,30
BRDA:187,7,1,4
BRDA:194,8,0,1
BRDA:194,8,1,3
BRDA:206,9,0,1
BRDA:206,9,1,3
BRDA:223,10,0,1
BRDA:223,10,1,3
BRDA:231,11,0,4
BRDA:231,11,1,4
BRDA:241,12,0,30
BRDA:241,12,1,25
BRDA:249,13,0,1
BRDA:249,13,1,24
BRDA:260,14,0,1
BRDA:260,14,1,24
BRDA:273,15,0,1
BRDA:273,15,1,24
BRDA:279,16,0,25
BRDA:279,16,1,25
BRF:36
BRH:36
end_of_record
TN:
SF:/Users/davidessien/Documents/apps/selene-ah-frontend/src/containers/Auth/SignUp/SignUpContainer.js
FN:6,(anonymous_0)
FN:11,(anonymous_1)
FNF:2
FNH:2
FNDA:1,(anonymous_0)
FNDA:1,(anonymous_1)
DA:6,2
DA:11,2
DA:13,2
LF:3
LH:3
BRF:0
BRH:0
end_of_record
TN:
SF:/Users/davidessien/Documents/apps/selene-ah-frontend/src/containers/Auth/SignUp/helpers/signupValidations.js
FN:10,(anonymous_0)
FNF:1
FNH:1
FNDA:22,(anonymous_0)
DA:10,6
DA:11,22
DA:12,22
DA:14,4
DA:16,4
DA:18,4
DA:20,4
DA:22,3
DA:24,3
DA:26,6
DA:28,6
DA:30,3
DA:32,3
DA:34,2
DA:36,20
LF:15
LH:15
BRDA:12,0,0,4
BRDA:12,0,1,4
BRDA:12,0,2,3
BRDA:12,0,3,6
BRDA:12,0,4,3
BRDA:12,0,5,2
BRDA:14,1,0,2
BRDA:14,1,1,2
BRDA:18,2,0,1
BRDA:18,2,1,3
BRDA:22,3,0,1
BRDA:22,3,1,2
BRDA:26,4,0,2
BRDA:26,4,1,4
BRDA:30,5,0,1
BRDA:30,5,1,2
BRF:16
BRH:16
end_of_record
TN:
SF:/Users/davidessien/Documents/apps/selene-ah-frontend/src/containers/Auth/SocialAuth/SocialButtons.js
FN:6,(anonymous_0)
FN:23,(anonymous_1)
FNF:2
FNH:2
FNDA:1,(anonymous_0)
FNDA:3,(anonymous_1)
DA:6,5
DA:7,1
DA:24,3
DA:29,1
LF:4
LH:4
BRF:0
BRH:0
end_of_record
TN:
SF:/Users/davidessien/Documents/apps/selene-ah-frontend/src/containers/Auth/SocialAuth/VerifyAuth.js
FN:24,(anonymous_0)
FN:37,(anonymous_1)
FN:55,(anonymous_2)
FN:77,(anonymous_3)
FN:93,(anonymous_4)
FN:100,(anonymous_5)
FNF:6
FNH:6
FNDA:12,(anonymous_0)
FNDA:4,(anonymous_1)
FNDA:4,(anonymous_2)
FNDA:5,(anonymous_3)
FNDA:1,(anonymous_4)
FNDA:1,(anonymous_5)
DA:25,12
DA:26,9
DA:27,6
DA:28,3
DA:38,4
DA:39,4
DA:41,1
DA:43,1
DA:45,1
DA:47,1
DA:56,4
DA:57,4
DA:58,4
DA:59,1
DA:62,4
DA:63,1
DA:67,4
DA:68,1
DA:78,5
DA:88,2
DA:93,2
DA:94,1
DA:100,2
LF:23
LH:23
BRDA:25,0,0,3
BRDA:25,0,1,9
BRDA:26,1,0,3
BRDA:26,1,1,6
BRDA:27,2,0,3
BRDA:27,2,1,3
BRDA:39,3,0,1
BRDA:39,3,1,1
BRDA:39,3,2,1
BRDA:39,3,3,1
BRDA:58,4,0,1
BRDA:58,4,1,3
BRDA:62,5,0,1
BRDA:62,5,1,3
BRDA:67,6,0,1
BRDA:67,6,1,3
BRDA:80,7,0,4
BRDA:80,7,1,1
BRDA:81,8,0,1
BRDA:81,8,1,4
BRF:20
BRH:20
end_of_record
TN:
SF:/Users/davidessien/Documents/apps/selene-ah-frontend/src/containers/Comment/Comment.js
FN:54,(anonymous_0)
FN:65,(anonymous_1)
FN:72,(anonymous_2)
FN:83,(anonymous_3)
FN:93,(anonymous_4)
FN:105,(anonymous_5)
FN:126,(anonymous_6)
FN:142,(anonymous_7)
FN:166,(anonymous_8)
FN:176,(anonymous_9)
FN:179,(anonymous_10)
FNF:11
FNH:11
FNDA:1,(anonymous_0)
FNDA:1,(anonymous_1)
FNDA:1,(anonymous_2)
FNDA:1,(anonymous_3)
FNDA:1,(anonymous_4)
FNDA:2,(anonymous_5)
FNDA:22,(anonymous_6)
FNDA:36,(anonymous_7)
FNDA:1,(anonymous_8)
FNDA:1,(anonymous_9)
FNDA:1,(anonymous_10)
DA:55,1
DA:68,1
DA:69,1
DA:70,1
DA:73,1
DA:84,1
DA:94,1
DA:95,1
DA:98,1
DA:108,2
DA:109,2
DA:110,1
DA:114,1
DA:116,1
DA:127,22
DA:128,22
DA:129,1
DA:133,1
DA:135,21
DA:143,36
DA:167,1
DA:176,4
DA:179,4
LF:23
LH:23
BRDA:44,0,0,16
BRDA:44,0,1,0
BRDA:109,1,0,1
BRDA:109,1,1,1
BRDA:128,2,0,1
BRDA:128,2,1,21
BRDA:128,3,0,22
BRDA:128,3,1,2
BRDA:129,4,0,1
BRDA:129,4,1,1
BRDA:152,5,0,1
BRDA:152,5,1,35
BRDA:152,6,0,36
BRDA:152,6,1,4
BRDA:152,6,2,1
BRDA:165,7,0,1
BRDA:165,7,1,1
BRF:17
BRH:16
end_of_record
TN:
SF:/Users/davidessien/Documents/apps/selene-ah-frontend/src/containers/Comment/EachComment.js
FN:13,(anonymous_0)
FNF:1
FNH:1
FNDA:3,(anonymous_0)
DA:13,5
DA:14,3
DA:42,5
LF:3
LH:3
BRDA:20,0,0,3
BRDA:20,0,1,1
BRDA:34,1,0,2
BRDA:34,1,1,1
BRF:4
BRH:4
end_of_record
TN:
SF:/Users/davidessien/Documents/apps/selene-ah-frontend/src/containers/Comment/ShowCommentButton.js
FN:22,(anonymous_0)
FNF:1
FNH:1
FNDA:3,(anonymous_0)
DA:23,3
LF:1
LH:1
BRDA:26,0,0,2
BRDA:26,0,1,1
BRDA:31,1,0,1
BRDA:31,1,1,1
BRF:4
BRH:4
end_of_record
TN:
SF:/Users/davidessien/Documents/apps/selene-ah-frontend/src/containers/Comment/WriteComment.js
FN:11,(anonymous_0)
FNF:1
FNH:1
FNDA:2,(anonymous_0)
DA:11,4
DA:12,2
DA:53,4
LF:3
LH:3
BRDA:32,0,0,1
BRDA:32,0,1,1
BRDA:43,1,0,1
BRDA:43,1,1,1
BRDA:43,2,0,2
BRDA:43,2,1,1
BRF:6
BRH:6
end_of_record
TN:
SF:/Users/davidessien/Documents/apps/selene-ah-frontend/src/containers/Form/FormContainer.js
FN:22,(anonymous_0)
FNF:1
FNH:1
FNDA:1,(anonymous_0)
DA:23,1
LF:1
LH:1
BRDA:27,0,0,1
BRDA:27,0,1,1
BRF:2
BRH:2
end_of_record
TN:
SF:/Users/davidessien/Documents/apps/selene-ah-frontend/src/containers/Form/FormWrapper.js
FN:28,(anonymous_0)
FNF:1
FNH:1
FNDA:1,(anonymous_0)
DA:29,1
LF:1
LH:1
BRDA:32,0,0,1
BRDA:32,0,1,1
BRDA:54,1,0,1
BRDA:54,1,1,1
BRF:4
BRH:4
end_of_record
TN:
SF:/Users/davidessien/Documents/apps/selene-ah-frontend/src/containers/Form/index.js
FNF:0
FNH:0
LF:0
LH:0
BRF:0
BRH:0
end_of_record
TN:
SF:/Users/davidessien/Documents/apps/selene-ah-frontend/src/containers/Home/Home.js
FN:35,(anonymous_0)
FN:43,(anonymous_1)
FN:53,(anonymous_2)
FN:62,(anonymous_3)
FN:184,(anonymous_4)
FN:200,(anonymous_5)
FN:205,(anonymous_6)
FNF:7
FNH:7
FNDA:2,(anonymous_0)
FNDA:8,(anonymous_1)
FNDA:15,(anonymous_2)
FNDA:1,(anonymous_3)
FNDA:13,(anonymous_4)
FNDA:1,(anonymous_5)
FNDA:1,(anonymous_6)
DA:36,2
DA:44,8
DA:45,8
DA:46,8
DA:54,15
DA:62,1
DA:184,13
DA:200,2
DA:205,2
DA:207,2
LF:10
LH:10
BRDA:57,0,0,1
BRDA:57,0,1,14
BRDA:60,1,0,2
BRDA:60,1,1,12
BRDA:65,2,0,2
BRDA:65,2,1,12
BRDA:72,3,0,13
BRDA:72,3,1,1
BRDA:110,4,0,13
BRDA:110,4,1,1
BRDA:183,5,0,14
BRDA:183,5,1,1
BRF:12
BRH:12
end_of_record
TN:
SF:/Users/davidessien/Documents/apps/selene-ah-frontend/src/containers/Home/HomeLoader.js
FN:4,(anonymous_0)
FNF:1
FNH:1
FNDA:1,(anonymous_0)
DA:4,3
DA:5,1
LF:2
LH:2
BRF:0
BRH:0
end_of_record
TN:
SF:/Users/davidessien/Documents/apps/selene-ah-frontend/src/containers/Home/homeActionCreators.js
FN:4,(anonymous_0)
FN:8,(anonymous_1)
FN:13,(anonymous_2)
FN:18,(anonymous_3)
FN:18,(anonymous_4)
FNF:5
FNH:5
FNDA:3,(anonymous_0)
FNDA:2,(anonymous_1)
FNDA:2,(anonymous_2)
FNDA:2,(anonymous_3)
FNDA:2,(anonymous_4)
DA:4,3
DA:8,3
DA:13,3
DA:18,3
DA:19,2
DA:20,2
DA:21,2
DA:22,1
DA:24,1
LF:9
LH:9
BRF:0
BRH:0
end_of_record
TN:
SF:/Users/davidessien/Documents/apps/selene-ah-frontend/src/containers/Ratings/Ratings.js
FN:34,(anonymous_0)
FN:51,(anonymous_1)
FN:58,(anonymous_2)
FN:68,(anonymous_3)
FN:79,(anonymous_4)
FN:98,(anonymous_5)
FN:103,(anonymous_6)
FN:104,(anonymous_7)
FN:105,(anonymous_8)
FN:113,(anonymous_9)
FN:114,(anonymous_10)
FN:115,(anonymous_11)
FNF:12
FNH:12
FNDA:4,(anonymous_0)
FNDA:3,(anonymous_1)
FNDA:5,(anonymous_2)
FNDA:2,(anonymous_3)
FNDA:19,(anonymous_4)
FNDA:20,(anonymous_5)
FNDA:1,(anonymous_6)
FNDA:1,(anonymous_7)
FNDA:1,(anonymous_8)
FNDA:1,(anonymous_9)
FNDA:1,(anonymous_10)
FNDA:1,(anonymous_11)
DA:35,4
DA:36,4
DA:39,4
DA:40,4
DA:52,3
DA:59,5
DA:69,2
DA:71,1
DA:80,19
DA:81,19
DA:84,1
DA:87,1
DA:90,18
DA:99,20
DA:100,20
DA:101,100
DA:102,31
DA:103,1
DA:104,1
DA:105,1
DA:112,69
DA:113,1
DA:114,1
DA:115,1
DA:122,20
LF:25
LH:25
BRDA:69,0,0,1
BRDA:69,0,1,1
BRDA:69,1,0,2
BRDA:69,1,1,2
BRDA:80,2,0,19
BRDA:80,2,1,0
BRDA:80,3,0,19
BRDA:80,3,1,19
BRDA:81,4,0,1
BRDA:81,4,1,18
BRDA:81,5,0,19
BRDA:81,5,1,1
BRDA:84,6,0,1
BRDA:84,6,1,1
BRDA:85,7,0,1
BRDA:85,7,1,0
BRDA:101,8,0,31
BRDA:101,8,1,69
BRDA:101,9,0,100
BRDA:101,9,1,70
BRDA:125,10,0,20
BRDA:125,10,1,20
BRDA:125,10,2,19
BRDA:129,11,0,0
BRDA:129,11,1,20
BRF:25
BRH:22
end_of_record
TN:
SF:/Users/davidessien/Documents/apps/selene-ah-frontend/src/containers/Reaction/FollowReaction.js
FN:35,(anonymous_0)
FN:47,(anonymous_1)
FN:59,(anonymous_2)
FN:87,(anonymous_3)
FN:112,(anonymous_4)
FN:122,(anonymous_5)
FN:131,(anonymous_6)
FN:136,(anonymous_7)
FNF:8
FNH:8
FNDA:1,(anonymous_0)
FNDA:1,(anonymous_1)
FNDA:8,(anonymous_2)
FNDA:20,(anonymous_3)
FNDA:19,(anonymous_4)
FNDA:4,(anonymous_5)
FNDA:1,(anonymous_6)
FNDA:1,(anonymous_7)
DA:36,1
DA:37,1
DA:48,1
DA:68,8
DA:69,8
DA:70,2
DA:74,2
DA:76,6
DA:79,6
DA:93,20
DA:94,20
DA:96,1
DA:100,1
DA:103,1
DA:105,19
DA:116,19
DA:117,19
DA:122,4
DA:131,4
DA:136,4
LF:20
LH:20
BRDA:69,0,0,2
BRDA:69,0,1,6
BRDA:76,1,0,3
BRDA:76,1,1,3
BRDA:94,2,0,1
BRDA:94,2,1,19
BRDA:94,3,0,20
BRDA:94,3,1,18
BRDA:94,3,2,2
BRDA:94,3,3,1
BRDA:117,4,0,19
BRDA:117,4,1,19
BRDA:121,5,0,9
BRDA:121,5,1,10
BRDA:122,6,0,4
BRDA:122,6,1,1
BRDA:122,6,2,4
BRDA:123,7,0,9
BRDA:123,7,1,10
BRF:19
BRH:19
end_of_record
TN:
SF:/Users/davidessien/Documents/apps/selene-ah-frontend/src/containers/Reaction/LikeReaction.js
FN:33,(anonymous_0)
FN:47,(anonymous_1)
FN:60,(anonymous_2)
FN:88,(anonymous_3)
FN:112,(anonymous_4)
FN:118,(anonymous_5)
FN:130,(anonymous_6)
FN:135,(anonymous_7)
FNF:8
FNH:8
FNDA:1,(anonymous_0)
FNDA:1,(anonymous_1)
FNDA:5,(anonymous_2)
FNDA:17,(anonymous_3)
FNDA:15,(anonymous_4)
FNDA:1,(anonymous_5)
FNDA:1,(anonymous_6)
FNDA:1,(anonymous_7)
DA:34,1
DA:35,1
DA:48,1
DA:62,5
DA:63,5
DA:65,5
DA:66,4
DA:68,1
DA:73,1
DA:75,4
DA:79,4
DA:80,4
DA:89,17
DA:90,17
DA:92,2
DA:98,2
DA:99,2
DA:103,2
DA:105,15
DA:113,15
DA:114,15
DA:118,1
DA:130,4
DA:135,4
DA:137,4
LF:25
LH:25
BRDA:65,0,0,4
BRDA:65,0,1,1
BRDA:66,1,0,2
BRDA:66,1,1,2
BRDA:79,2,0,2
BRDA:79,2,1,2
BRDA:90,3,0,2
BRDA:90,3,1,15
BRDA:90,4,0,17
BRDA:90,4,1,3
BRDA:90,4,2,2
BRDA:98,5,0,1
BRDA:98,5,1,1
BRDA:116,6,0,6
BRDA:116,6,1,9
BRDA:118,7,0,1
BRDA:118,7,1,1
BRDA:120,8,0,2
BRDA:120,8,1,13
BRDA:122,9,0,4
BRDA:122,9,1,11
BRF:21
BRH:21
end_of_record
TN:
SF:/Users/davidessien/Documents/apps/selene-ah-frontend/src/containers/Reaction/helpers/reactionHelpers.js
FN:1,(anonymous_0)
FN:3,(anonymous_1)
FN:8,(anonymous_2)
FN:10,(anonymous_3)
FNF:4
FNH:4
FNDA:19,(anonymous_0)
FNDA:4,(anonymous_1)
FNDA:19,(anonymous_2)
FNDA:19,(anonymous_3)
DA:1,4
DA:2,19
DA:3,4
DA:5,19
DA:8,4
DA:9,19
DA:10,19
DA:12,19
LF:8
LH:8
BRDA:3,0,0,4
BRDA:3,0,1,1
BRF:2
BRH:2
end_of_record
TN:
SF:/Users/davidessien/Documents/apps/selene-ah-frontend/src/containers/UserProfile/UserProfile.js
FN:69,(anonymous_0)
FN:77,(anonymous_1)
FN:84,(anonymous_2)
FN:93,(anonymous_3)
FN:109,(anonymous_4)
FN:134,(anonymous_5)
FN:149,(anonymous_6)
FN:181,(anonymous_7)
FN:223,(anonymous_8)
FN:228,(anonymous_9)
FNF:10
FNH:10
FNDA:2,(anonymous_0)
FNDA:10,(anonymous_1)
FNDA:1,(anonymous_2)
FNDA:3,(anonymous_3)
FNDA:3,(anonymous_4)
FNDA:13,(anonymous_5)
FNDA:24,(anonymous_6)
FNDA:1,(anonymous_7)
FNDA:1,(anonymous_8)
FNDA:1,(anonymous_9)
DA:70,2
DA:78,10
DA:79,10
DA:80,10
DA:81,10
DA:85,1
DA:94,3
DA:96,1
DA:98,1
DA:100,1
DA:110,3
DA:111,3
DA:112,3
DA:113,1
DA:119,3
DA:120,1
DA:121,1
DA:135,13
DA:136,1
DA:140,1
DA:142,12
DA:159,24
DA:161,24
DA:168,24
DA:170,24
DA:171,22
DA:173,2
DA:175,24
DA:176,24
DA:181,1
DA:223,2
DA:228,2
LF:32
LH:32
BRDA:79,0,0,0
BRDA:79,0,1,10
BRDA:94,1,0,1
BRDA:94,1,1,1
BRDA:94,1,2,1
BRDA:112,2,0,1
BRDA:112,2,1,2
BRDA:119,3,0,1
BRDA:119,3,1,2
BRDA:135,4,0,1
BRDA:135,4,1,12
BRDA:170,5,0,22
BRDA:170,5,1,2
BRDA:179,6,0,2
BRDA:179,6,1,22
BRDA:184,7,0,2
BRDA:184,7,1,22
BRDA:189,8,0,2
BRDA:189,8,1,22
BRDA:198,9,0,1
BRDA:198,9,1,23
BRDA:204,10,0,2
BRDA:204,10,1,22
BRDA:204,11,0,24
BRDA:204,11,1,2
BRDA:215,12,0,22
BRDA:215,12,1,2
BRF:27
BRH:26
end_of_record
TN:
SF:/Users/davidessien/Documents/apps/selene-ah-frontend/src/containers/UserProfile/UserStatistics.js
FN:26,(anonymous_0)
FN:84,(anonymous_1)
FNF:2
FNH:2
FNDA:2,(anonymous_0)
FNDA:18,(anonymous_1)
DA:27,2
DA:85,18
DA:88,2
LF:3
LH:3
BRDA:73,0,0,1
BRDA:73,0,1,1
BRF:2
BRH:2
end_of_record
TN:
SF:/Users/davidessien/Documents/apps/selene-ah-frontend/src/helpers/addCommentAuthor.js
FN:7,(anonymous_0)
FNF:1
FNH:1
FNDA:1,(anonymous_0)
DA:7,3
DA:8,1
DA:13,1
DA:14,1
LF:4
LH:4
BRF:0
BRH:0
end_of_record
TN:
SF:/Users/davidessien/Documents/apps/selene-ah-frontend/src/helpers/dateStamp.js
FN:21,(anonymous_0)
FNF:1
FNH:1
FNDA:21,(anonymous_0)
DA:1,6
DA:21,6
DA:22,21
DA:23,21
DA:24,21
DA:25,21
DA:26,21
LF:7
LH:7
BRF:0
BRH:0
end_of_record
TN:
SF:/Users/davidessien/Documents/apps/selene-ah-frontend/src/helpers/imageUpload.js
FN:11,(anonymous_0)
FNF:1
FNH:1
FNDA:2,(anonymous_0)
DA:3,4
DA:4,4
DA:11,4
DA:12,2
DA:13,2
DA:14,2
DA:15,2
DA:16,2
DA:24,1
DA:26,1
LF:10
LH:10
BRF:0
BRH:0
end_of_record
TN:
SF:/Users/davidessien/Documents/apps/selene-ah-frontend/src/helpers/trimArticleTitle.js
FN:8,(anonymous_0)
FNF:1
FNH:1
FNDA:19,(anonymous_0)
DA:1,4
DA:8,4
DA:9,19
DA:10,19
DA:11,19
LF:5
LH:5
BRF:0
BRH:0
end_of_record
TN:
SF:/Users/davidessien/Documents/apps/selene-ah-frontend/src/helpers/articleHelpers/articleConstants.js
FNF:0
FNH:0
DA:1,4
DA:4,4
DA:7,4
DA:9,4
DA:12,4
DA:15,4
DA:17,4
DA:20,4
DA:23,4
DA:26,4
DA:30,4
DA:35,4
LF:12
LH:12
BRF:0
BRH:0
end_of_record
TN:
SF:/Users/davidessien/Documents/apps/selene-ah-frontend/src/helpers/articleHelpers/formatHelper.js
FN:6,(anonymous_0)
FNF:1
FNH:1
FNDA:27,(anonymous_0)
DA:6,5
DA:7,27
DA:9,27
DA:11,2
DA:12,1
DA:13,1
DA:14,1
DA:19,5
LF:8
LH:8
BRDA:11,0,0,1
BRDA:11,0,1,1
BRDA:11,1,0,2
BRDA:11,1,1,0
BRDA:11,1,2,2
BRF:5
BRH:4
end_of_record
TN:
SF:/Users/davidessien/Documents/apps/selene-ah-frontend/src/helpers/articleHelpers/renderMark.js
FN:10,(anonymous_0)
FNF:1
FNH:1
FNDA:6,(anonymous_0)
DA:10,5
DA:11,6
DA:13,1
DA:15,1
DA:17,1
DA:19,1
DA:21,1
DA:23,1
LF:8
LH:8
BRDA:11,0,0,1
BRDA:11,0,1,1
BRDA:11,0,2,1
BRDA:11,0,3,1
BRDA:11,0,4,1
BRDA:11,0,5,1
BRF:6
BRH:6
end_of_record
TN:
SF:/Users/davidessien/Documents/apps/selene-ah-frontend/src/helpers/store/utility.js
FN:7,(anonymous_0)
FNF:1
FNH:1
FNDA:140,(anonymous_0)
DA:7,140
LF:1
LH:1
BRF:0
BRH:0
end_of_record
TN:
SF:/Users/davidessien/Documents/apps/selene-ah-frontend/src/helpers/validationHelpers/decodeToken.js
FN:7,(anonymous_0)
FNF:1
FNH:1
FNDA:4,(anonymous_0)
DA:7,4
DA:8,4
DA:9,4
DA:10,4
DA:11,4
DA:12,3
DA:13,2
DA:15,1
DA:17,1
LF:9
LH:9
BRDA:12,0,0,2
BRDA:12,0,1,1
BRF:2
BRH:2
end_of_record
TN:
SF:/Users/davidessien/Documents/apps/selene-ah-frontend/src/helpers/validationHelpers/validations.js
FN:11,(anonymous_0)
FN:21,(anonymous_1)
FN:31,(anonymous_2)
FN:41,(anonymous_3)
FN:51,(anonymous_4)
FN:62,(anonymous_5)
FNF:6
FNH:6
FNDA:5,(anonymous_0)
FNDA:5,(anonymous_1)
FNDA:10,(anonymous_2)
FNDA:4,(anonymous_3)
FNDA:1,(anonymous_4)
FNDA:8,(anonymous_5)
DA:12,5
DA:13,5
DA:22,5
DA:23,5
DA:32,10
DA:33,10
DA:42,4
DA:43,4
DA:52,1
DA:53,1
DA:63,8
LF:11
LH:11
BRF:0
BRH:0
end_of_record
TN:
SF:/Users/davidessien/Documents/apps/selene-ah-frontend/src/reducers/index.js
FNF:0
FNH:0
DA:22,1
LF:1
LH:1
BRF:0
BRH:0
end_of_record
TN:
SF:/Users/davidessien/Documents/apps/selene-ah-frontend/src/reducers/articleReducers/articleReducers.js
FN:28,(anonymous_0)
FN:39,(anonymous_1)
FN:55,(anonymous_2)
FN:69,(anonymous_3)
FN:84,(anonymous_4)
FN:100,(anonymous_5)
FN:109,(anonymous_6)
FNF:7
FNH:7
FNDA:1,(anonymous_0)
FNDA:1,(anonymous_1)
FNDA:1,(anonymous_2)
FNDA:1,(anonymous_3)
FNDA:1,(anonymous_4)
FNDA:1,(anonymous_5)
FNDA:13,(anonymous_6)
DA:12,2
DA:28,2
DA:39,2
DA:55,2
DA:69,2
DA:84,2
DA:100,2
DA:109,2
DA:110,13
DA:112,1
DA:114,1
DA:116,1
DA:118,1
DA:120,1
DA:122,1
DA:124,7
LF:16
LH:16
BRDA:109,0,0,5
BRDA:110,1,0,1
BRDA:110,1,1,1
BRDA:110,1,2,1
BRDA:110,1,3,1
BRDA:110,1,4,1
BRDA:110,1,5,1
BRDA:110,1,6,7
BRF:8
BRH:8
end_of_record
TN:
SF:/Users/davidessien/Documents/apps/selene-ah-frontend/src/reducers/articleReducers/categoryReducer.js
FN:20,(anonymous_0)
FN:31,(anonymous_1)
FN:47,(anonymous_2)
FN:57,(anonymous_3)
FNF:4
FNH:4
FNDA:1,(anonymous_0)
FNDA:1,(anonymous_1)
FNDA:1,(anonymous_2)
FNDA:8,(anonymous_3)
DA:8,2
DA:20,2
DA:31,2
DA:47,2
DA:57,2
DA:58,8
DA:60,1
DA:62,1
DA:64,1
DA:66,5
LF:10
LH:10
BRDA:57,0,0,4
BRDA:58,1,0,1
BRDA:58,1,1,1
BRDA:58,1,2,1
BRDA:58,1,3,5
BRF:5
BRH:5
end_of_record
TN:
SF:/Users/davidessien/Documents/apps/selene-ah-frontend/src/reducers/articleReducers/imageUploadReducers.js
FN:20,(anonymous_0)
FN:31,(anonymous_1)
FN:47,(anonymous_2)
FN:56,(anonymous_3)
FNF:4
FNH:4
FNDA:1,(anonymous_0)
FNDA:1,(anonymous_1)
FNDA:1,(anonymous_2)
FNDA:8,(anonymous_3)
DA:8,2
DA:20,2
DA:31,2
DA:47,2
DA:56,2
DA:57,8
DA:59,1
DA:61,1
DA:63,1
DA:65,5
LF:10
LH:10
BRDA:56,0,0,4
BRDA:57,1,0,1
BRDA:57,1,1,1
BRDA:57,1,2,1
BRDA:57,1,3,5
BRF:5
BRH:5
end_of_record
TN:
SF:/Users/davidessien/Documents/apps/selene-ah-frontend/src/reducers/articleReducers/articleViewReducer/articleView.js
FN:18,(anonymous_0)
FN:31,(anonymous_1)
FN:43,(anonymous_2)
FN:57,(anonymous_3)
FN:70,(anonymous_4)
FN:80,(anonymous_5)
FN:85,(anonymous_6)
FNF:7
FNH:7
FNDA:1,(anonymous_0)
FNDA:1,(anonymous_1)
FNDA:1,(anonymous_2)
FNDA:1,(anonymous_3)
FNDA:1,(anonymous_4)
FNDA:1,(anonymous_5)
FNDA:9,(anonymous_6)
DA:4,2
DA:18,2
DA:31,2
DA:43,2
DA:57,2
DA:70,2
DA:80,2
DA:85,2
DA:86,9
DA:88,1
DA:90,1
DA:92,1
DA:93,1
DA:95,1
DA:97,1
DA:99,3
LF:16
LH:16
BRDA:85,0,0,3
BRDA:86,1,0,1
BRDA:86,1,1,1
BRDA:86,1,2,1
BRDA:86,1,3,1
BRDA:86,1,4,1
BRDA:86,1,5,1
BRDA:86,1,6,3
BRF:8
BRH:8
end_of_record
TN:
SF:/Users/davidessien/Documents/apps/selene-ah-frontend/src/reducers/authReducers/login.js
FN:20,(anonymous_0)
FN:32,(anonymous_1)
FN:40,(anonymous_2)
FNF:3
FNH:3
FNDA:1,(anonymous_0)
FNDA:1,(anonymous_1)
FNDA:8,(anonymous_2)
DA:4,2
DA:12,2
DA:20,2
DA:32,2
DA:40,2
DA:41,8
DA:43,1
DA:46,1
DA:49,1
DA:52,5
LF:10
LH:10
BRDA:40,0,0,4
BRDA:41,1,0,1
BRDA:41,1,1,1
BRDA:41,1,2,1
BRDA:41,1,3,5
BRF:5
BRH:5
end_of_record
TN:
SF:/Users/davidessien/Documents/apps/selene-ah-frontend/src/reducers/authReducers/resetPassword.js
FN:19,(anonymous_0)
FN:31,(anonymous_1)
FN:37,(anonymous_2)
FNF:3
FNH:3
FNDA:1,(anonymous_0)
FNDA:1,(anonymous_1)
FNDA:6,(anonymous_2)
DA:4,2
DA:11,2
DA:19,2
DA:31,2
DA:37,2
DA:38,6
DA:40,1
DA:43,1
DA:46,1
DA:49,3
LF:10
LH:10
BRDA:37,0,0,3
BRDA:38,1,0,1
BRDA:38,1,1,1
BRDA:38,1,2,1
BRDA:38,1,3,3
BRF:5
BRH:5
end_of_record
TN:
SF:/Users/davidessien/Documents/apps/selene-ah-frontend/src/reducers/authReducers/signup.js
FN:16,(anonymous_0)
FN:25,(anonymous_1)
FN:37,(anonymous_2)
FN:42,(anonymous_3)
FNF:4
FNH:4
FNDA:1,(anonymous_0)
FNDA:1,(anonymous_1)
FNDA:1,(anonymous_2)
FNDA:7,(anonymous_3)
DA:4,2
DA:16,2
DA:25,2
DA:37,2
DA:42,2
DA:43,7
DA:44,1
DA:45,1
DA:46,1
DA:47,4
LF:10
LH:10
BRDA:42,0,0,3
BRDA:43,1,0,1
BRDA:43,1,1,1
BRDA:43,1,2,1
BRDA:43,1,3,4
BRF:5
BRH:5
end_of_record
TN:
SF:/Users/davidessien/Documents/apps/selene-ah-frontend/src/reducers/authReducers/socialAuthReducer.js
FN:15,(anonymous_0)
FN:27,(anonymous_1)
FN:34,(anonymous_2)
FNF:3
FNH:3
FNDA:3,(anonymous_0)
FNDA:3,(anonymous_1)
FNDA:10,(anonymous_2)
DA:4,2
DA:15,2
DA:16,3
DA:27,2
DA:28,3
DA:34,2
DA:35,10
DA:37,1
DA:39,1
DA:41,1
DA:43,1
DA:45,1
DA:47,1
DA:49,4
LF:14
LH:14
BRDA:34,0,0,3
BRDA:35,1,0,1
BRDA:35,1,1,1
BRDA:35,1,2,1
BRDA:35,1,3,1
BRDA:35,1,4,1
BRDA:35,1,5,1
BRDA:35,1,6,4
BRF:8
BRH:8
end_of_record
TN:
SF:/Users/davidessien/Documents/apps/selene-ah-frontend/src/reducers/authReducers/updatePassword.js
FN:20,(anonymous_0)
FN:33,(anonymous_1)
FN:40,(anonymous_2)
FNF:3
FNH:3
FNDA:1,(anonymous_0)
FNDA:1,(anonymous_1)
FNDA:6,(anonymous_2)
DA:4,2
DA:12,2
DA:20,2
DA:33,2
DA:40,2
DA:41,6
DA:43,1
DA:46,1
DA:49,1
DA:52,3
LF:10
LH:10
BRDA:40,0,0,3
BRDA:41,1,0,1
BRDA:41,1,1,1
BRDA:41,1,2,1
BRDA:41,1,3,3
BRF:5
BRH:5
end_of_record
TN:
SF:/Users/davidessien/Documents/apps/selene-ah-frontend/src/reducers/commentReducers/comment.js
FN:26,(anonymous_0)
FN:40,(anonymous_1)
FN:60,(anonymous_2)
FN:75,(anonymous_3)
FN:87,(anonymous_4)
FNF:5
FNH:5
FNDA:1,(anonymous_0)
FNDA:1,(anonymous_1)
FNDA:1,(anonymous_2)
FNDA:1,(anonymous_3)
FNDA:10,(anonymous_4)
DA:6,2
DA:15,2
DA:26,2
DA:40,2
DA:49,2
DA:60,2
DA:75,2
DA:87,2
DA:88,10
DA:90,1
DA:93,1
DA:96,1
DA:99,1
DA:102,1
DA:105,1
DA:108,4
LF:16
LH:16
BRDA:79,0,0,1
BRDA:79,0,1,0
BRDA:87,1,0,3
BRDA:88,2,0,1
BRDA:88,2,1,1
BRDA:88,2,2,1
BRDA:88,2,3,1
BRDA:88,2,4,1
BRDA:88,2,5,1
BRDA:88,2,6,4
BRF:10
BRH:9
end_of_record
TN:
SF:/Users/davidessien/Documents/apps/selene-ah-frontend/src/reducers/homeReducers/home.js
FN:13,(anonymous_0)
FN:19,(anonymous_1)
FN:25,(anonymous_2)
FNF:3
FNH:3
FNDA:1,(anonymous_0)
FNDA:1,(anonymous_1)
FNDA:6,(anonymous_2)
DA:4,2
DA:11,2
DA:13,2
DA:19,2
DA:25,2
DA:26,6
DA:28,1
DA:31,1
DA:34,1
DA:37,3
LF:10
LH:10
BRDA:25,0,0,3
BRDA:26,1,0,1
BRDA:26,1,1,1
BRDA:26,1,2,1
BRDA:26,1,3,3
BRF:5
BRH:5
end_of_record
TN:
SF:/Users/davidessien/Documents/apps/selene-ah-frontend/src/reducers/ratingsReducer/fetchAveargeRatings.js
FN:19,(anonymous_0)
FN:33,(anonymous_1)
FN:42,(anonymous_2)
FNF:3
FNH:3
FNDA:1,(anonymous_0)
FNDA:1,(anonymous_1)
FNDA:6,(anonymous_2)
DA:4,2
DA:11,2
DA:19,2
DA:33,2
DA:42,2
DA:43,6
DA:45,1
DA:48,1
DA:51,1
DA:53,3
LF:10
LH:10
BRDA:42,0,0,3
BRDA:43,1,0,1
BRDA:43,1,1,1
BRDA:43,1,2,1
BRDA:43,1,3,3
BRF:5
BRH:5
end_of_record
TN:
SF:/Users/davidessien/Documents/apps/selene-ah-frontend/src/reducers/ratingsReducer/fetchUserRatings.js
FN:19,(anonymous_0)
FN:33,(anonymous_1)
FN:42,(anonymous_2)
FNF:3
FNH:3
FNDA:1,(anonymous_0)
FNDA:1,(anonymous_1)
FNDA:6,(anonymous_2)
DA:4,2
DA:11,2
DA:19,2
DA:33,2
DA:42,2
DA:43,6
DA:45,1
DA:48,1
DA:51,1
DA:53,3
LF:10
LH:10
BRDA:42,0,0,3
BRDA:43,1,0,1
BRDA:43,1,1,1
BRDA:43,1,2,1
BRDA:43,1,3,3
BRF:5
BRH:5
end_of_record
TN:
SF:/Users/davidessien/Documents/apps/selene-ah-frontend/src/reducers/ratingsReducer/postRatings.js
FN:19,(anonymous_0)
FN:33,(anonymous_1)
FN:42,(anonymous_2)
FNF:3
FNH:3
FNDA:1,(anonymous_0)
FNDA:1,(anonymous_1)
FNDA:6,(anonymous_2)
DA:4,2
DA:11,2
DA:19,2
DA:33,2
DA:42,2
DA:43,6
DA:45,1
DA:48,1
DA:51,1
DA:53,3
LF:10
LH:10
BRDA:42,0,0,3
BRDA:43,1,0,1
BRDA:43,1,1,1
BRDA:43,1,2,1
BRDA:43,1,3,3
BRF:5
BRH:5
end_of_record
TN:
SF:/Users/davidessien/Documents/apps/selene-ah-frontend/src/reducers/reactionReducers/follow.js
FN:19,(anonymous_0)
FN:31,(anonymous_1)
FN:43,(anonymous_2)
FN:54,(anonymous_3)
FN:66,(anonymous_4)
FN:78,(anonymous_5)
FN:84,(anonymous_6)
FNF:7
FNH:7
FNDA:1,(anonymous_0)
FNDA:1,(anonymous_1)
FNDA:1,(anonymous_2)
FNDA:1,(anonymous_3)
FNDA:1,(anonymous_4)
FNDA:1,(anonymous_5)
FNDA:10,(anonymous_6)
DA:4,2
DA:19,2
DA:31,2
DA:43,2
DA:54,2
DA:66,2
DA:78,2
DA:84,2
DA:85,10
DA:86,1
DA:88,1
DA:90,1
DA:91,1
DA:93,1
DA:95,1
DA:96,4
LF:16
LH:16
BRDA:84,0,0,3
BRDA:85,1,0,1
BRDA:85,1,1,1
BRDA:85,1,2,1
BRDA:85,1,3,1
BRDA:85,1,4,1
BRDA:85,1,5,1
BRDA:85,1,6,4
BRF:8
BRH:8
end_of_record
TN:
SF:/Users/davidessien/Documents/apps/selene-ah-frontend/src/reducers/reactionReducers/likearticleReactions.js
FN:17,(anonymous_0)
FN:30,(anonymous_1)
FN:40,(anonymous_2)
FN:46,(anonymous_3)
FNF:4
FNH:4
FNDA:1,(anonymous_0)
FNDA:1,(anonymous_1)
FNDA:1,(anonymous_2)
FNDA:7,(anonymous_3)
DA:4,2
DA:17,2
DA:30,2
DA:40,2
DA:46,2
DA:47,7
DA:48,1
DA:50,1
DA:52,1
DA:53,4
LF:10
LH:10
BRDA:46,0,0,3
BRDA:47,1,0,1
BRDA:47,1,1,1
BRDA:47,1,2,1
BRDA:47,1,3,4
BRF:5
BRH:5
end_of_record
TN:
SF:/Users/davidessien/Documents/apps/selene-ah-frontend/src/reducers/userProfileReducers/Profile.js
FN:21,(anonymous_0)
FN:30,(anonymous_1)
FN:42,(anonymous_2)
FN:55,(anonymous_3)
FN:64,(anonymous_4)
FN:76,(anonymous_5)
FN:89,(anonymous_6)
FN:98,(anonymous_7)
FN:110,(anonymous_8)
FN:116,(anonymous_9)
FNF:10
FNH:10
FNDA:1,(anonymous_0)
FNDA:1,(anonymous_1)
FNDA:1,(anonymous_2)
FNDA:1,(anonymous_3)
FNDA:1,(anonymous_4)
FNDA:1,(anonymous_5)
FNDA:1,(anonymous_6)
FNDA:1,(anonymous_7)
FNDA:1,(anonymous_8)
FNDA:16,(anonymous_9)
DA:4,4
DA:21,4
DA:30,4
DA:42,4
DA:55,4
DA:64,4
DA:76,4
DA:89,4
DA:98,4
DA:110,4
DA:116,4
DA:117,16
DA:119,1
DA:121,1
DA:123,1
DA:126,1
DA:128,1
DA:130,1
DA:133,1
DA:135,1
DA:137,1
DA:139,7
LF:22
LH:22
BRDA:116,0,0,5
BRDA:117,1,0,1
BRDA:117,1,1,1
BRDA:117,1,2,1
BRDA:117,1,3,1
BRDA:117,1,4,1
BRDA:117,1,5,1
BRDA:117,1,6,1
BRDA:117,1,7,1
BRDA:117,1,8,1
BRDA:117,1,9,7
BRF:11
BRH:11
end_of_record
TN:
SF:/Users/davidessien/Documents/apps/selene-ah-frontend/src/reducers/userProfileReducers/Statistics.js
FN:21,(anonymous_0)
FN:34,(anonymous_1)
FN:46,(anonymous_2)
FN:58,(anonymous_3)
FN:70,(anonymous_4)
FN:82,(anonymous_5)
FN:94,(anonymous_6)
FN:100,(anonymous_7)
FNF:8
FNH:8
FNDA:6,(anonymous_0)
FNDA:1,(anonymous_1)
FNDA:1,(anonymous_2)
FNDA:1,(anonymous_3)
FNDA:1,(anonymous_4)
FNDA:1,(anonymous_5)
FNDA:1,(anonymous_6)
FNDA:15,(anonymous_7)
DA:4,2
DA:21,2
DA:22,6
DA:34,2
DA:35,1
DA:46,2
DA:47,1
DA:58,2
DA:59,1
DA:70,2
DA:71,1
DA:82,2
DA:83,1
DA:94,2
DA:95,1
DA:100,2
DA:101,15
DA:103,1
DA:105,1
DA:107,1
DA:109,1
DA:111,1
DA:113,1
DA:115,1
DA:117,1
DA:119,1
DA:121,1
DA:123,1
DA:125,1
DA:127,3
LF:30
LH:30
BRDA:100,0,0,3
BRDA:101,1,0,1
BRDA:101,1,1,1
BRDA:101,1,2,1
BRDA:101,1,3,1
BRDA:101,1,4,1
BRDA:101,1,5,1
BRDA:101,1,6,1
BRDA:101,1,7,1
BRDA:101,1,8,1
BRDA:101,1,9,1
BRDA:101,1,10,1
BRDA:101,1,11,1
BRDA:101,1,12,3
BRF:14
BRH:14
end_of_record
